[0.035s] Invoking command in '/home/ros-learner/mnt/ws/build/dynamixel_sdk': CMAKE_PREFIX_PATH=/opt/ros/humble /usr/bin/cmake /home/ros-learner/mnt/ws/src/DynamixelSDK/dynamixel_sdk -DCMAKE_INSTALL_PREFIX=/home/ros-learner/mnt/ws/install/dynamixel_sdk
[0.274s] -- Found ament_cmake: 1.3.10 (/opt/ros/humble/share/ament_cmake/cmake)
[0.274s] -- Override CMake install command with custom implementation using symlinks instead of copying resources
[0.274s] -- Configuring done
[0.274s] -- Generating done
[0.274s] -- Build files have been written to: /home/ros-learner/mnt/ws/build/dynamixel_sdk
[0.281s] Invoked command in '/home/ros-learner/mnt/ws/build/dynamixel_sdk' returned '0': CMAKE_PREFIX_PATH=/opt/ros/humble /usr/bin/cmake /home/ros-learner/mnt/ws/src/DynamixelSDK/dynamixel_sdk -DCMAKE_INSTALL_PREFIX=/home/ros-learner/mnt/ws/install/dynamixel_sdk
[0.282s] Invoking command in '/home/ros-learner/mnt/ws/build/dynamixel_sdk': CMAKE_PREFIX_PATH=/opt/ros/humble /usr/bin/cmake --build /home/ros-learner/mnt/ws/build/dynamixel_sdk -- -j16 -l16
[0.315s] [35m[1mConsolidate compiler generated dependencies of target dynamixel_sdk[0m
[0.325s] [100%] Built target dynamixel_sdk
[0.341s] Invoked command in '/home/ros-learner/mnt/ws/build/dynamixel_sdk' returned '0': CMAKE_PREFIX_PATH=/opt/ros/humble /usr/bin/cmake --build /home/ros-learner/mnt/ws/build/dynamixel_sdk -- -j16 -l16
[0.380s] Invoking command in '/home/ros-learner/mnt/ws/build/dynamixel_sdk': CMAKE_PREFIX_PATH=/opt/ros/humble /usr/bin/cmake --install /home/ros-learner/mnt/ws/build/dynamixel_sdk
[0.390s] -- Install configuration: ""
[0.390s] -- Execute custom install script
[0.390s] -- Up-to-date symlink: /home/ros-learner/mnt/ws/install/dynamixel_sdk/include//dynamixel_sdk/dynamixel_sdk.h
[0.390s] -- Up-to-date symlink: /home/ros-learner/mnt/ws/install/dynamixel_sdk/include//dynamixel_sdk/group_bulk_read.h
[0.390s] -- Up-to-date symlink: /home/ros-learner/mnt/ws/install/dynamixel_sdk/include//dynamixel_sdk/group_bulk_write.h
[0.390s] -- Up-to-date symlink: /home/ros-learner/mnt/ws/install/dynamixel_sdk/include//dynamixel_sdk/group_sync_read.h
[0.390s] -- Up-to-date symlink: /home/ros-learner/mnt/ws/install/dynamixel_sdk/include//dynamixel_sdk/group_sync_write.h
[0.390s] -- Up-to-date symlink: /home/ros-learner/mnt/ws/install/dynamixel_sdk/include//dynamixel_sdk/packet_handler.h
[0.390s] -- Up-to-date symlink: /home/ros-learner/mnt/ws/install/dynamixel_sdk/include//dynamixel_sdk/port_handler.h
[0.390s] -- Up-to-date symlink: /home/ros-learner/mnt/ws/install/dynamixel_sdk/include//dynamixel_sdk/port_handler_arduino.h
[0.390s] -- Up-to-date symlink: /home/ros-learner/mnt/ws/install/dynamixel_sdk/include//dynamixel_sdk/port_handler_linux.h
[0.390s] -- Up-to-date symlink: /home/ros-learner/mnt/ws/install/dynamixel_sdk/include//dynamixel_sdk/port_handler_mac.h
[0.390s] -- Up-to-date symlink: /home/ros-learner/mnt/ws/install/dynamixel_sdk/include//dynamixel_sdk/port_handler_windows.h
[0.390s] -- Up-to-date symlink: /home/ros-learner/mnt/ws/install/dynamixel_sdk/include//dynamixel_sdk/protocol1_packet_handler.h
[0.390s] -- Up-to-date symlink: /home/ros-learner/mnt/ws/install/dynamixel_sdk/include//dynamixel_sdk/protocol2_packet_handler.h
[0.391s] -- Up-to-date symlink: /home/ros-learner/mnt/ws/install/dynamixel_sdk/lib/libdynamixel_sdk.so
[0.391s] -- Up-to-date symlink: /home/ros-learner/mnt/ws/install/dynamixel_sdk/share/dynamixel_sdk/environment/library_path.sh
[0.391s] -- Up-to-date symlink: /home/ros-learner/mnt/ws/install/dynamixel_sdk/share/dynamixel_sdk/environment/library_path.dsv
[0.391s] -- Up-to-date symlink: /home/ros-learner/mnt/ws/install/dynamixel_sdk/share/ament_index/resource_index/package_run_dependencies/dynamixel_sdk
[0.391s] -- Up-to-date symlink: /home/ros-learner/mnt/ws/install/dynamixel_sdk/share/ament_index/resource_index/parent_prefix_path/dynamixel_sdk
[0.391s] -- Up-to-date symlink: /home/ros-learner/mnt/ws/install/dynamixel_sdk/share/dynamixel_sdk/environment/ament_prefix_path.sh
[0.391s] -- Up-to-date symlink: /home/ros-learner/mnt/ws/install/dynamixel_sdk/share/dynamixel_sdk/environment/ament_prefix_path.dsv
[0.392s] -- Up-to-date symlink: /home/ros-learner/mnt/ws/install/dynamixel_sdk/share/dynamixel_sdk/environment/path.sh
[0.392s] -- Up-to-date symlink: /home/ros-learner/mnt/ws/install/dynamixel_sdk/share/dynamixel_sdk/environment/path.dsv
[0.392s] -- Up-to-date symlink: /home/ros-learner/mnt/ws/install/dynamixel_sdk/share/dynamixel_sdk/local_setup.bash
[0.392s] -- Up-to-date symlink: /home/ros-learner/mnt/ws/install/dynamixel_sdk/share/dynamixel_sdk/local_setup.sh
[0.392s] -- Up-to-date symlink: /home/ros-learner/mnt/ws/install/dynamixel_sdk/share/dynamixel_sdk/local_setup.zsh
[0.392s] -- Up-to-date symlink: /home/ros-learner/mnt/ws/install/dynamixel_sdk/share/dynamixel_sdk/local_setup.dsv
[0.393s] -- Symlinking: /home/ros-learner/mnt/ws/install/dynamixel_sdk/share/dynamixel_sdk/package.dsv
[0.401s] -- Up-to-date symlink: /home/ros-learner/mnt/ws/install/dynamixel_sdk/share/ament_index/resource_index/packages/dynamixel_sdk
[0.401s] -- Up-to-date symlink: /home/ros-learner/mnt/ws/install/dynamixel_sdk/share/dynamixel_sdk/cmake/ament_cmake_export_include_directories-extras.cmake
[0.401s] -- Up-to-date symlink: /home/ros-learner/mnt/ws/install/dynamixel_sdk/share/dynamixel_sdk/cmake/ament_cmake_export_libraries-extras.cmake
[0.401s] -- Up-to-date symlink: /home/ros-learner/mnt/ws/install/dynamixel_sdk/share/dynamixel_sdk/cmake/dynamixel_sdkConfig.cmake
[0.401s] -- Up-to-date symlink: /home/ros-learner/mnt/ws/install/dynamixel_sdk/share/dynamixel_sdk/cmake/dynamixel_sdkConfig-version.cmake
[0.402s] -- Up-to-date symlink: /home/ros-learner/mnt/ws/install/dynamixel_sdk/share/dynamixel_sdk/package.xml
[0.405s] Invoked command in '/home/ros-learner/mnt/ws/build/dynamixel_sdk' returned '0': CMAKE_PREFIX_PATH=/opt/ros/humble /usr/bin/cmake --install /home/ros-learner/mnt/ws/build/dynamixel_sdk
