[0.633s] Invoking command in '/home/ros-learner/mnt/ws/build/turtlebot3_teleop': PYTHONPATH=/home/ros-learner/mnt/ws/build/turtlebot3_teleop/prefix_override:/usr/lib/python3/dist-packages/colcon_core/task/python/colcon_distutils_commands:/home/ros-learner/mnt/ws/install/turtlebot3_teleop/lib/python3.10/site-packages:${PYTHONPATH} /usr/bin/python3 -W ignore:setup.py install is deprecated setup.py develop --uninstall --editable --build-directory /home/ros-learner/mnt/ws/build/turtlebot3_teleop/build
[0.820s] running develop
[0.820s] /usr/lib/python3/dist-packages/setuptools/command/easy_install.py:158: EasyInstallDeprecationWarning: easy_install command is deprecated. Use build and pip and other standards-based tools.
[0.821s]   warnings.warn(
[0.941s] Removing /home/ros-learner/mnt/ws/install/turtlebot3_teleop/lib/python3.10/site-packages/turtlebot3-teleop.egg-link (link to .)
[0.972s] Invoked command in '/home/ros-learner/mnt/ws/build/turtlebot3_teleop' returned '0': PYTHONPATH=/home/ros-learner/mnt/ws/build/turtlebot3_teleop/prefix_override:/usr/lib/python3/dist-packages/colcon_core/task/python/colcon_distutils_commands:/home/ros-learner/mnt/ws/install/turtlebot3_teleop/lib/python3.10/site-packages:${PYTHONPATH} /usr/bin/python3 -W ignore:setup.py install is deprecated setup.py develop --uninstall --editable --build-directory /home/ros-learner/mnt/ws/build/turtlebot3_teleop/build
[0.973s] Invoking command in '/home/ros-learner/mnt/ws/src/turtlebot3/turtlebot3_teleop': PYTHONPATH=/home/ros-learner/mnt/ws/build/turtlebot3_teleop/prefix_override:/usr/lib/python3/dist-packages/colcon_core/task/python/colcon_distutils_commands:/home/ros-learner/mnt/ws/install/turtlebot3_teleop/lib/python3.10/site-packages:${PYTHONPATH} /usr/bin/python3 -W ignore:setup.py install is deprecated setup.py egg_info --egg-base ../../../build/turtlebot3_teleop build --build-base /home/ros-learner/mnt/ws/build/turtlebot3_teleop/build install --record /home/ros-learner/mnt/ws/build/turtlebot3_teleop/install.log --single-version-externally-managed install_data --force
[1.155s] running egg_info
[1.156s] writing ../../../build/turtlebot3_teleop/turtlebot3_teleop.egg-info/PKG-INFO
[1.156s] writing dependency_links to ../../../build/turtlebot3_teleop/turtlebot3_teleop.egg-info/dependency_links.txt
[1.156s] writing entry points to ../../../build/turtlebot3_teleop/turtlebot3_teleop.egg-info/entry_points.txt
[1.156s] writing requirements to ../../../build/turtlebot3_teleop/turtlebot3_teleop.egg-info/requires.txt
[1.156s] writing top-level names to ../../../build/turtlebot3_teleop/turtlebot3_teleop.egg-info/top_level.txt
[1.158s] reading manifest file '../../../build/turtlebot3_teleop/turtlebot3_teleop.egg-info/SOURCES.txt'
[1.159s] writing manifest file '../../../build/turtlebot3_teleop/turtlebot3_teleop.egg-info/SOURCES.txt'
[1.159s] running build
[1.159s] running build_py
[1.159s] creating /home/ros-learner/mnt/ws/build/turtlebot3_teleop/build
[1.160s] creating /home/ros-learner/mnt/ws/build/turtlebot3_teleop/build/lib
[1.160s] creating /home/ros-learner/mnt/ws/build/turtlebot3_teleop/build/lib/turtlebot3_teleop
[1.160s] copying turtlebot3_teleop/__init__.py -> /home/ros-learner/mnt/ws/build/turtlebot3_teleop/build/lib/turtlebot3_teleop
[1.160s] creating /home/ros-learner/mnt/ws/build/turtlebot3_teleop/build/lib/turtlebot3_teleop/script
[1.160s] copying turtlebot3_teleop/script/teleop_keyboard.py -> /home/ros-learner/mnt/ws/build/turtlebot3_teleop/build/lib/turtlebot3_teleop/script
[1.160s] copying turtlebot3_teleop/script/__init__.py -> /home/ros-learner/mnt/ws/build/turtlebot3_teleop/build/lib/turtlebot3_teleop/script
[1.160s] running install
[1.160s] running install_lib
[1.161s] creating /home/ros-learner/mnt/ws/install/turtlebot3_teleop/lib/python3.10/site-packages/turtlebot3_teleop
[1.161s] creating /home/ros-learner/mnt/ws/install/turtlebot3_teleop/lib/python3.10/site-packages/turtlebot3_teleop/script
[1.161s] copying /home/ros-learner/mnt/ws/build/turtlebot3_teleop/build/lib/turtlebot3_teleop/script/teleop_keyboard.py -> /home/ros-learner/mnt/ws/install/turtlebot3_teleop/lib/python3.10/site-packages/turtlebot3_teleop/script
[1.161s] copying /home/ros-learner/mnt/ws/build/turtlebot3_teleop/build/lib/turtlebot3_teleop/script/__init__.py -> /home/ros-learner/mnt/ws/install/turtlebot3_teleop/lib/python3.10/site-packages/turtlebot3_teleop/script
[1.162s] copying /home/ros-learner/mnt/ws/build/turtlebot3_teleop/build/lib/turtlebot3_teleop/__init__.py -> /home/ros-learner/mnt/ws/install/turtlebot3_teleop/lib/python3.10/site-packages/turtlebot3_teleop
[1.162s] byte-compiling /home/ros-learner/mnt/ws/install/turtlebot3_teleop/lib/python3.10/site-packages/turtlebot3_teleop/script/teleop_keyboard.py to teleop_keyboard.cpython-310.pyc
[1.163s] byte-compiling /home/ros-learner/mnt/ws/install/turtlebot3_teleop/lib/python3.10/site-packages/turtlebot3_teleop/script/__init__.py to __init__.cpython-310.pyc
[1.163s] byte-compiling /home/ros-learner/mnt/ws/install/turtlebot3_teleop/lib/python3.10/site-packages/turtlebot3_teleop/__init__.py to __init__.cpython-310.pyc
[1.163s] running install_data
[1.163s] copying resource/turtlebot3_teleop -> /home/ros-learner/mnt/ws/install/turtlebot3_teleop/share/ament_index/resource_index/packages
[1.163s] copying package.xml -> /home/ros-learner/mnt/ws/install/turtlebot3_teleop/share/turtlebot3_teleop
[1.163s] running install_egg_info
[1.165s] Copying ../../../build/turtlebot3_teleop/turtlebot3_teleop.egg-info to /home/ros-learner/mnt/ws/install/turtlebot3_teleop/lib/python3.10/site-packages/turtlebot3_teleop-2.1.5-py3.10.egg-info
[1.166s] running install_scripts
[1.183s] Installing teleop_keyboard script to /home/ros-learner/mnt/ws/install/turtlebot3_teleop/lib/turtlebot3_teleop
[1.183s] writing list of installed files to '/home/ros-learner/mnt/ws/build/turtlebot3_teleop/install.log'
[1.211s] Invoked command in '/home/ros-learner/mnt/ws/src/turtlebot3/turtlebot3_teleop' returned '0': PYTHONPATH=/home/ros-learner/mnt/ws/build/turtlebot3_teleop/prefix_override:/usr/lib/python3/dist-packages/colcon_core/task/python/colcon_distutils_commands:/home/ros-learner/mnt/ws/install/turtlebot3_teleop/lib/python3.10/site-packages:${PYTHONPATH} /usr/bin/python3 -W ignore:setup.py install is deprecated setup.py egg_info --egg-base ../../../build/turtlebot3_teleop build --build-base /home/ros-learner/mnt/ws/build/turtlebot3_teleop/build install --record /home/ros-learner/mnt/ws/build/turtlebot3_teleop/install.log --single-version-externally-managed install_data --force
