[0.473s] Invoking command in '/home/ros-learner/mnt/ws/build/turtlebot3_example': AMENT_PREFIX_PATH=/home/ros-learner/mnt/ws/install/turtlebot3_msgs:${AMENT_PREFIX_PATH} CMAKE_PREFIX_PATH=/home/ros-learner/mnt/ws/install/turtlebot3_msgs LD_LIBRARY_PATH=/home/ros-learner/mnt/ws/install/turtlebot3_msgs/lib:/usr/lib/x86_64-linux-gnu/gazebo-11/plugins:/opt/ros/humble/opt/rviz_ogre_vendor/lib:/opt/ros/humble/lib/x86_64-linux-gnu:/opt/ros/humble/lib:/usr/lib/x86_64-linux-gnu/gazebo-11/plugins:/usr/lib/x86_64-linux-gnu/gazebo-11/plugins:/usr/lib/x86_64-linux-gnu/gazebo-11/plugins PYTHONPATH=/home/ros-learner/mnt/ws/build/turtlebot3_example/prefix_override:/usr/lib/python3/dist-packages/colcon_core/task/python/colcon_distutils_commands:/home/ros-learner/mnt/ws/install/turtlebot3_example/lib/python3.10/site-packages:/home/ros-learner/mnt/ws/install/turtlebot3_msgs/local/lib/python3.10/dist-packages:${PYTHONPATH} /usr/bin/python3 -W ignore:setup.py install is deprecated setup.py develop --uninstall --editable --build-directory /home/ros-learner/mnt/ws/build/turtlebot3_example/build
[0.659s] running develop
[0.659s] /usr/lib/python3/dist-packages/setuptools/command/easy_install.py:158: EasyInstallDeprecationWarning: easy_install command is deprecated. Use build and pip and other standards-based tools.
[0.659s]   warnings.warn(
[0.771s] Removing /home/ros-learner/mnt/ws/install/turtlebot3_example/lib/python3.10/site-packages/turtlebot3-example.egg-link (link to .)
[0.795s] Invoked command in '/home/ros-learner/mnt/ws/build/turtlebot3_example' returned '0': AMENT_PREFIX_PATH=/home/ros-learner/mnt/ws/install/turtlebot3_msgs:${AMENT_PREFIX_PATH} CMAKE_PREFIX_PATH=/home/ros-learner/mnt/ws/install/turtlebot3_msgs LD_LIBRARY_PATH=/home/ros-learner/mnt/ws/install/turtlebot3_msgs/lib:/usr/lib/x86_64-linux-gnu/gazebo-11/plugins:/opt/ros/humble/opt/rviz_ogre_vendor/lib:/opt/ros/humble/lib/x86_64-linux-gnu:/opt/ros/humble/lib:/usr/lib/x86_64-linux-gnu/gazebo-11/plugins:/usr/lib/x86_64-linux-gnu/gazebo-11/plugins:/usr/lib/x86_64-linux-gnu/gazebo-11/plugins PYTHONPATH=/home/ros-learner/mnt/ws/build/turtlebot3_example/prefix_override:/usr/lib/python3/dist-packages/colcon_core/task/python/colcon_distutils_commands:/home/ros-learner/mnt/ws/install/turtlebot3_example/lib/python3.10/site-packages:/home/ros-learner/mnt/ws/install/turtlebot3_msgs/local/lib/python3.10/dist-packages:${PYTHONPATH} /usr/bin/python3 -W ignore:setup.py install is deprecated setup.py develop --uninstall --editable --build-directory /home/ros-learner/mnt/ws/build/turtlebot3_example/build
[0.796s] Invoking command in '/home/ros-learner/mnt/ws/src/turtlebot3/turtlebot3_example': AMENT_PREFIX_PATH=/home/ros-learner/mnt/ws/install/turtlebot3_msgs:${AMENT_PREFIX_PATH} CMAKE_PREFIX_PATH=/home/ros-learner/mnt/ws/install/turtlebot3_msgs LD_LIBRARY_PATH=/home/ros-learner/mnt/ws/install/turtlebot3_msgs/lib:/usr/lib/x86_64-linux-gnu/gazebo-11/plugins:/opt/ros/humble/opt/rviz_ogre_vendor/lib:/opt/ros/humble/lib/x86_64-linux-gnu:/opt/ros/humble/lib:/usr/lib/x86_64-linux-gnu/gazebo-11/plugins:/usr/lib/x86_64-linux-gnu/gazebo-11/plugins:/usr/lib/x86_64-linux-gnu/gazebo-11/plugins PYTHONPATH=/home/ros-learner/mnt/ws/build/turtlebot3_example/prefix_override:/usr/lib/python3/dist-packages/colcon_core/task/python/colcon_distutils_commands:/home/ros-learner/mnt/ws/install/turtlebot3_example/lib/python3.10/site-packages:/home/ros-learner/mnt/ws/install/turtlebot3_msgs/local/lib/python3.10/dist-packages:${PYTHONPATH} /usr/bin/python3 -W ignore:setup.py install is deprecated setup.py egg_info --egg-base ../../../build/turtlebot3_example build --build-base /home/ros-learner/mnt/ws/build/turtlebot3_example/build install --record /home/ros-learner/mnt/ws/build/turtlebot3_example/install.log --single-version-externally-managed install_data --force
[0.969s] running egg_info
[0.969s] writing ../../../build/turtlebot3_example/turtlebot3_example.egg-info/PKG-INFO
[0.969s] writing dependency_links to ../../../build/turtlebot3_example/turtlebot3_example.egg-info/dependency_links.txt
[0.970s] writing entry points to ../../../build/turtlebot3_example/turtlebot3_example.egg-info/entry_points.txt
[0.970s] writing requirements to ../../../build/turtlebot3_example/turtlebot3_example.egg-info/requires.txt
[0.970s] writing top-level names to ../../../build/turtlebot3_example/turtlebot3_example.egg-info/top_level.txt
[0.971s] reading manifest file '../../../build/turtlebot3_example/turtlebot3_example.egg-info/SOURCES.txt'
[0.972s] writing manifest file '../../../build/turtlebot3_example/turtlebot3_example.egg-info/SOURCES.txt'
[0.972s] running build
[0.972s] running build_py
[0.972s] creating /home/ros-learner/mnt/ws/build/turtlebot3_example/build
[0.972s] creating /home/ros-learner/mnt/ws/build/turtlebot3_example/build/lib
[0.972s] creating /home/ros-learner/mnt/ws/build/turtlebot3_example/build/lib/turtlebot3_example
[0.972s] copying turtlebot3_example/__init__.py -> /home/ros-learner/mnt/ws/build/turtlebot3_example/build/lib/turtlebot3_example
[0.972s] creating /home/ros-learner/mnt/ws/build/turtlebot3_example/build/lib/turtlebot3_example/turtlebot3_obstacle_detection
[0.972s] copying turtlebot3_example/turtlebot3_obstacle_detection/main.py -> /home/ros-learner/mnt/ws/build/turtlebot3_example/build/lib/turtlebot3_example/turtlebot3_obstacle_detection
[0.973s] copying turtlebot3_example/turtlebot3_obstacle_detection/__init__.py -> /home/ros-learner/mnt/ws/build/turtlebot3_example/build/lib/turtlebot3_example/turtlebot3_obstacle_detection
[0.973s] copying turtlebot3_example/turtlebot3_obstacle_detection/turtlebot3_obstacle_detection.py -> /home/ros-learner/mnt/ws/build/turtlebot3_example/build/lib/turtlebot3_example/turtlebot3_obstacle_detection
[0.973s] creating /home/ros-learner/mnt/ws/build/turtlebot3_example/build/lib/turtlebot3_example/turtlebot3_patrol_client
[0.973s] copying turtlebot3_example/turtlebot3_patrol_client/turtlebot3_patrol_client.py -> /home/ros-learner/mnt/ws/build/turtlebot3_example/build/lib/turtlebot3_example/turtlebot3_patrol_client
[0.973s] copying turtlebot3_example/turtlebot3_patrol_client/main.py -> /home/ros-learner/mnt/ws/build/turtlebot3_example/build/lib/turtlebot3_example/turtlebot3_patrol_client
[0.974s] copying turtlebot3_example/turtlebot3_patrol_client/__init__.py -> /home/ros-learner/mnt/ws/build/turtlebot3_example/build/lib/turtlebot3_example/turtlebot3_patrol_client
[0.974s] creating /home/ros-learner/mnt/ws/build/turtlebot3_example/build/lib/turtlebot3_example/turtlebot3_position_control
[0.974s] copying turtlebot3_example/turtlebot3_position_control/turtlebot3_position_control.py -> /home/ros-learner/mnt/ws/build/turtlebot3_example/build/lib/turtlebot3_example/turtlebot3_position_control
[0.974s] copying turtlebot3_example/turtlebot3_position_control/turtlebot3_path.py -> /home/ros-learner/mnt/ws/build/turtlebot3_example/build/lib/turtlebot3_example/turtlebot3_position_control
[0.974s] copying turtlebot3_example/turtlebot3_position_control/main.py -> /home/ros-learner/mnt/ws/build/turtlebot3_example/build/lib/turtlebot3_example/turtlebot3_position_control
[0.974s] copying turtlebot3_example/turtlebot3_position_control/__init__.py -> /home/ros-learner/mnt/ws/build/turtlebot3_example/build/lib/turtlebot3_example/turtlebot3_position_control
[0.974s] creating /home/ros-learner/mnt/ws/build/turtlebot3_example/build/lib/turtlebot3_example/turtlebot3_patrol_server
[0.975s] copying turtlebot3_example/turtlebot3_patrol_server/turtlebot3_path.py -> /home/ros-learner/mnt/ws/build/turtlebot3_example/build/lib/turtlebot3_example/turtlebot3_patrol_server
[0.975s] copying turtlebot3_example/turtlebot3_patrol_server/turtlebot3_patrol_server.py -> /home/ros-learner/mnt/ws/build/turtlebot3_example/build/lib/turtlebot3_example/turtlebot3_patrol_server
[0.975s] copying turtlebot3_example/turtlebot3_patrol_server/main.py -> /home/ros-learner/mnt/ws/build/turtlebot3_example/build/lib/turtlebot3_example/turtlebot3_patrol_server
[0.975s] copying turtlebot3_example/turtlebot3_patrol_server/__init__.py -> /home/ros-learner/mnt/ws/build/turtlebot3_example/build/lib/turtlebot3_example/turtlebot3_patrol_server
[0.975s] running install
[0.976s] running install_lib
[0.976s] creating /home/ros-learner/mnt/ws/install/turtlebot3_example/lib/python3.10/site-packages/turtlebot3_example
[0.976s] creating /home/ros-learner/mnt/ws/install/turtlebot3_example/lib/python3.10/site-packages/turtlebot3_example/turtlebot3_obstacle_detection
[0.976s] copying /home/ros-learner/mnt/ws/build/turtlebot3_example/build/lib/turtlebot3_example/turtlebot3_obstacle_detection/main.py -> /home/ros-learner/mnt/ws/install/turtlebot3_example/lib/python3.10/site-packages/turtlebot3_example/turtlebot3_obstacle_detection
[0.977s] copying /home/ros-learner/mnt/ws/build/turtlebot3_example/build/lib/turtlebot3_example/turtlebot3_obstacle_detection/__init__.py -> /home/ros-learner/mnt/ws/install/turtlebot3_example/lib/python3.10/site-packages/turtlebot3_example/turtlebot3_obstacle_detection
[0.977s] copying /home/ros-learner/mnt/ws/build/turtlebot3_example/build/lib/turtlebot3_example/turtlebot3_obstacle_detection/turtlebot3_obstacle_detection.py -> /home/ros-learner/mnt/ws/install/turtlebot3_example/lib/python3.10/site-packages/turtlebot3_example/turtlebot3_obstacle_detection
[0.977s] creating /home/ros-learner/mnt/ws/install/turtlebot3_example/lib/python3.10/site-packages/turtlebot3_example/turtlebot3_patrol_client
[0.977s] copying /home/ros-learner/mnt/ws/build/turtlebot3_example/build/lib/turtlebot3_example/turtlebot3_patrol_client/turtlebot3_patrol_client.py -> /home/ros-learner/mnt/ws/install/turtlebot3_example/lib/python3.10/site-packages/turtlebot3_example/turtlebot3_patrol_client
[0.977s] copying /home/ros-learner/mnt/ws/build/turtlebot3_example/build/lib/turtlebot3_example/turtlebot3_patrol_client/main.py -> /home/ros-learner/mnt/ws/install/turtlebot3_example/lib/python3.10/site-packages/turtlebot3_example/turtlebot3_patrol_client
[0.977s] copying /home/ros-learner/mnt/ws/build/turtlebot3_example/build/lib/turtlebot3_example/turtlebot3_patrol_client/__init__.py -> /home/ros-learner/mnt/ws/install/turtlebot3_example/lib/python3.10/site-packages/turtlebot3_example/turtlebot3_patrol_client
[0.977s] creating /home/ros-learner/mnt/ws/install/turtlebot3_example/lib/python3.10/site-packages/turtlebot3_example/turtlebot3_position_control
[0.977s] copying /home/ros-learner/mnt/ws/build/turtlebot3_example/build/lib/turtlebot3_example/turtlebot3_position_control/turtlebot3_position_control.py -> /home/ros-learner/mnt/ws/install/turtlebot3_example/lib/python3.10/site-packages/turtlebot3_example/turtlebot3_position_control
[0.977s] copying /home/ros-learner/mnt/ws/build/turtlebot3_example/build/lib/turtlebot3_example/turtlebot3_position_control/turtlebot3_path.py -> /home/ros-learner/mnt/ws/install/turtlebot3_example/lib/python3.10/site-packages/turtlebot3_example/turtlebot3_position_control
[0.977s] copying /home/ros-learner/mnt/ws/build/turtlebot3_example/build/lib/turtlebot3_example/turtlebot3_position_control/main.py -> /home/ros-learner/mnt/ws/install/turtlebot3_example/lib/python3.10/site-packages/turtlebot3_example/turtlebot3_position_control
[0.977s] copying /home/ros-learner/mnt/ws/build/turtlebot3_example/build/lib/turtlebot3_example/turtlebot3_position_control/__init__.py -> /home/ros-learner/mnt/ws/install/turtlebot3_example/lib/python3.10/site-packages/turtlebot3_example/turtlebot3_position_control
[0.977s] creating /home/ros-learner/mnt/ws/install/turtlebot3_example/lib/python3.10/site-packages/turtlebot3_example/turtlebot3_patrol_server
[0.977s] copying /home/ros-learner/mnt/ws/build/turtlebot3_example/build/lib/turtlebot3_example/turtlebot3_patrol_server/turtlebot3_path.py -> /home/ros-learner/mnt/ws/install/turtlebot3_example/lib/python3.10/site-packages/turtlebot3_example/turtlebot3_patrol_server
[0.977s] copying /home/ros-learner/mnt/ws/build/turtlebot3_example/build/lib/turtlebot3_example/turtlebot3_patrol_server/turtlebot3_patrol_server.py -> /home/ros-learner/mnt/ws/install/turtlebot3_example/lib/python3.10/site-packages/turtlebot3_example/turtlebot3_patrol_server
[0.977s] copying /home/ros-learner/mnt/ws/build/turtlebot3_example/build/lib/turtlebot3_example/turtlebot3_patrol_server/main.py -> /home/ros-learner/mnt/ws/install/turtlebot3_example/lib/python3.10/site-packages/turtlebot3_example/turtlebot3_patrol_server
[0.978s] copying /home/ros-learner/mnt/ws/build/turtlebot3_example/build/lib/turtlebot3_example/turtlebot3_patrol_server/__init__.py -> /home/ros-learner/mnt/ws/install/turtlebot3_example/lib/python3.10/site-packages/turtlebot3_example/turtlebot3_patrol_server
[0.978s] copying /home/ros-learner/mnt/ws/build/turtlebot3_example/build/lib/turtlebot3_example/__init__.py -> /home/ros-learner/mnt/ws/install/turtlebot3_example/lib/python3.10/site-packages/turtlebot3_example
[0.978s] byte-compiling /home/ros-learner/mnt/ws/install/turtlebot3_example/lib/python3.10/site-packages/turtlebot3_example/turtlebot3_obstacle_detection/main.py to main.cpython-310.pyc
[0.978s] byte-compiling /home/ros-learner/mnt/ws/install/turtlebot3_example/lib/python3.10/site-packages/turtlebot3_example/turtlebot3_obstacle_detection/__init__.py to __init__.cpython-310.pyc
[0.978s] byte-compiling /home/ros-learner/mnt/ws/install/turtlebot3_example/lib/python3.10/site-packages/turtlebot3_example/turtlebot3_obstacle_detection/turtlebot3_obstacle_detection.py to turtlebot3_obstacle_detection.cpython-310.pyc
[0.979s] byte-compiling /home/ros-learner/mnt/ws/install/turtlebot3_example/lib/python3.10/site-packages/turtlebot3_example/turtlebot3_patrol_client/turtlebot3_patrol_client.py to turtlebot3_patrol_client.cpython-310.pyc
[0.979s] byte-compiling /home/ros-learner/mnt/ws/install/turtlebot3_example/lib/python3.10/site-packages/turtlebot3_example/turtlebot3_patrol_client/main.py to main.cpython-310.pyc
[0.979s] byte-compiling /home/ros-learner/mnt/ws/install/turtlebot3_example/lib/python3.10/site-packages/turtlebot3_example/turtlebot3_patrol_client/__init__.py to __init__.cpython-310.pyc
[0.979s] byte-compiling /home/ros-learner/mnt/ws/install/turtlebot3_example/lib/python3.10/site-packages/turtlebot3_example/turtlebot3_position_control/turtlebot3_position_control.py to turtlebot3_position_control.cpython-310.pyc
[0.980s] byte-compiling /home/ros-learner/mnt/ws/install/turtlebot3_example/lib/python3.10/site-packages/turtlebot3_example/turtlebot3_position_control/turtlebot3_path.py to turtlebot3_path.cpython-310.pyc
[0.980s] byte-compiling /home/ros-learner/mnt/ws/install/turtlebot3_example/lib/python3.10/site-packages/turtlebot3_example/turtlebot3_position_control/main.py to main.cpython-310.pyc
[0.981s] byte-compiling /home/ros-learner/mnt/ws/install/turtlebot3_example/lib/python3.10/site-packages/turtlebot3_example/turtlebot3_position_control/__init__.py to __init__.cpython-310.pyc
[0.981s] byte-compiling /home/ros-learner/mnt/ws/install/turtlebot3_example/lib/python3.10/site-packages/turtlebot3_example/turtlebot3_patrol_server/turtlebot3_path.py to turtlebot3_path.cpython-310.pyc
[0.981s] byte-compiling /home/ros-learner/mnt/ws/install/turtlebot3_example/lib/python3.10/site-packages/turtlebot3_example/turtlebot3_patrol_server/turtlebot3_patrol_server.py to turtlebot3_patrol_server.cpython-310.pyc
[0.981s] byte-compiling /home/ros-learner/mnt/ws/install/turtlebot3_example/lib/python3.10/site-packages/turtlebot3_example/turtlebot3_patrol_server/main.py to main.cpython-310.pyc
[0.982s] byte-compiling /home/ros-learner/mnt/ws/install/turtlebot3_example/lib/python3.10/site-packages/turtlebot3_example/turtlebot3_patrol_server/__init__.py to __init__.cpython-310.pyc
[0.982s] byte-compiling /home/ros-learner/mnt/ws/install/turtlebot3_example/lib/python3.10/site-packages/turtlebot3_example/__init__.py to __init__.cpython-310.pyc
[0.982s] running install_data
[0.982s] copying resource/turtlebot3_example -> /home/ros-learner/mnt/ws/install/turtlebot3_example/share/ament_index/resource_index/packages
[0.982s] copying package.xml -> /home/ros-learner/mnt/ws/install/turtlebot3_example/share/turtlebot3_example
[0.982s] running install_egg_info
[0.983s] Copying ../../../build/turtlebot3_example/turtlebot3_example.egg-info to /home/ros-learner/mnt/ws/install/turtlebot3_example/lib/python3.10/site-packages/turtlebot3_example-2.1.5-py3.10.egg-info
[0.984s] running install_scripts
[1.000s] Installing turtlebot3_obstacle_detection script to /home/ros-learner/mnt/ws/install/turtlebot3_example/lib/turtlebot3_example
[1.000s] Installing turtlebot3_patrol_client script to /home/ros-learner/mnt/ws/install/turtlebot3_example/lib/turtlebot3_example
[1.000s] Installing turtlebot3_patrol_server script to /home/ros-learner/mnt/ws/install/turtlebot3_example/lib/turtlebot3_example
[1.000s] Installing turtlebot3_position_control script to /home/ros-learner/mnt/ws/install/turtlebot3_example/lib/turtlebot3_example
[1.001s] writing list of installed files to '/home/ros-learner/mnt/ws/build/turtlebot3_example/install.log'
[1.019s] Invoked command in '/home/ros-learner/mnt/ws/src/turtlebot3/turtlebot3_example' returned '0': AMENT_PREFIX_PATH=/home/ros-learner/mnt/ws/install/turtlebot3_msgs:${AMENT_PREFIX_PATH} CMAKE_PREFIX_PATH=/home/ros-learner/mnt/ws/install/turtlebot3_msgs LD_LIBRARY_PATH=/home/ros-learner/mnt/ws/install/turtlebot3_msgs/lib:/usr/lib/x86_64-linux-gnu/gazebo-11/plugins:/opt/ros/humble/opt/rviz_ogre_vendor/lib:/opt/ros/humble/lib/x86_64-linux-gnu:/opt/ros/humble/lib:/usr/lib/x86_64-linux-gnu/gazebo-11/plugins:/usr/lib/x86_64-linux-gnu/gazebo-11/plugins:/usr/lib/x86_64-linux-gnu/gazebo-11/plugins PYTHONPATH=/home/ros-learner/mnt/ws/build/turtlebot3_example/prefix_override:/usr/lib/python3/dist-packages/colcon_core/task/python/colcon_distutils_commands:/home/ros-learner/mnt/ws/install/turtlebot3_example/lib/python3.10/site-packages:/home/ros-learner/mnt/ws/install/turtlebot3_msgs/local/lib/python3.10/dist-packages:${PYTHONPATH} /usr/bin/python3 -W ignore:setup.py install is deprecated setup.py egg_info --egg-base ../../../build/turtlebot3_example build --build-base /home/ros-learner/mnt/ws/build/turtlebot3_example/build install --record /home/ros-learner/mnt/ws/build/turtlebot3_example/install.log --single-version-externally-managed install_data --force
