[1.021s] Invoking command in '/home/ros-learner/mnt/ws/src/turtlebot3/turtlebot3_teleop': PYTHONPATH=/home/ros-learner/mnt/ws/build/turtlebot3_teleop/prefix_override:/usr/lib/python3/dist-packages/colcon_core/task/python/colcon_distutils_commands:/home/ros-learner/mnt/ws/install/turtlebot3_teleop/lib/python3.10/site-packages:${PYTHONPATH} /usr/bin/python3 -W ignore:setup.py install is deprecated setup.py egg_info --egg-base ../../../build/turtlebot3_teleop build --build-base /home/ros-learner/mnt/ws/build/turtlebot3_teleop/build install --record /home/ros-learner/mnt/ws/build/turtlebot3_teleop/install.log --single-version-externally-managed install_data
[1.232s] running egg_info
[1.232s] writing ../../../build/turtlebot3_teleop/turtlebot3_teleop.egg-info/PKG-INFO
[1.232s] writing dependency_links to ../../../build/turtlebot3_teleop/turtlebot3_teleop.egg-info/dependency_links.txt
[1.233s] writing entry points to ../../../build/turtlebot3_teleop/turtlebot3_teleop.egg-info/entry_points.txt
[1.233s] writing requirements to ../../../build/turtlebot3_teleop/turtlebot3_teleop.egg-info/requires.txt
[1.233s] writing top-level names to ../../../build/turtlebot3_teleop/turtlebot3_teleop.egg-info/top_level.txt
[1.234s] reading manifest file '../../../build/turtlebot3_teleop/turtlebot3_teleop.egg-info/SOURCES.txt'
[1.235s] writing manifest file '../../../build/turtlebot3_teleop/turtlebot3_teleop.egg-info/SOURCES.txt'
[1.235s] running build
[1.235s] running build_py
[1.236s] running install
[1.236s] running install_lib
[1.237s] running install_data
[1.237s] running install_egg_info
[1.240s] removing '/home/ros-learner/mnt/ws/install/turtlebot3_teleop/lib/python3.10/site-packages/turtlebot3_teleop-2.1.5-py3.10.egg-info' (and everything under it)
[1.241s] Copying ../../../build/turtlebot3_teleop/turtlebot3_teleop.egg-info to /home/ros-learner/mnt/ws/install/turtlebot3_teleop/lib/python3.10/site-packages/turtlebot3_teleop-2.1.5-py3.10.egg-info
[1.242s] running install_scripts
[1.255s] Installing teleop_keyboard script to /home/ros-learner/mnt/ws/install/turtlebot3_teleop/lib/turtlebot3_teleop
[1.256s] writing list of installed files to '/home/ros-learner/mnt/ws/build/turtlebot3_teleop/install.log'
[1.282s] Invoked command in '/home/ros-learner/mnt/ws/src/turtlebot3/turtlebot3_teleop' returned '0': PYTHONPATH=/home/ros-learner/mnt/ws/build/turtlebot3_teleop/prefix_override:/usr/lib/python3/dist-packages/colcon_core/task/python/colcon_distutils_commands:/home/ros-learner/mnt/ws/install/turtlebot3_teleop/lib/python3.10/site-packages:${PYTHONPATH} /usr/bin/python3 -W ignore:setup.py install is deprecated setup.py egg_info --egg-base ../../../build/turtlebot3_teleop build --build-base /home/ros-learner/mnt/ws/build/turtlebot3_teleop/build install --record /home/ros-learner/mnt/ws/build/turtlebot3_teleop/install.log --single-version-externally-managed install_data
