[0.856s] Invoking command in '/home/ros-learner/mnt/ws/build/turtlebot3_teleop': PYTHONPATH=/home/ros-learner/mnt/ws/build/turtlebot3_teleop/prefix_override:/usr/lib/python3/dist-packages/colcon_core/task/python/colcon_distutils_commands:/home/ros-learner/mnt/ws/install/turtlebot3_teleop/lib/python3.10/site-packages:${PYTHONPATH} /usr/bin/python3 -W ignore:setup.py install is deprecated setup.py develop --editable --build-directory /home/ros-learner/mnt/ws/build/turtlebot3_teleop/build --no-deps symlink_data
[1.258s] running develop
[1.259s] /usr/lib/python3/dist-packages/setuptools/command/easy_install.py:158: EasyInstallDeprecationWarning: easy_install command is deprecated. Use build and pip and other standards-based tools.
[1.259s]   warnings.warn(
[1.441s] running egg_info
[1.441s] creating turtlebot3_teleop.egg-info
[1.441s] writing turtlebot3_teleop.egg-info/PKG-INFO
[1.441s] writing dependency_links to turtlebot3_teleop.egg-info/dependency_links.txt
[1.441s] writing entry points to turtlebot3_teleop.egg-info/entry_points.txt
[1.441s] writing requirements to turtlebot3_teleop.egg-info/requires.txt
[1.441s] writing top-level names to turtlebot3_teleop.egg-info/top_level.txt
[1.442s] writing manifest file 'turtlebot3_teleop.egg-info/SOURCES.txt'
[1.444s] reading manifest file 'turtlebot3_teleop.egg-info/SOURCES.txt'
[1.445s] writing manifest file 'turtlebot3_teleop.egg-info/SOURCES.txt'
[1.447s] running build_ext
[1.447s] Creating /home/ros-learner/mnt/ws/install/turtlebot3_teleop/lib/python3.10/site-packages/turtlebot3-teleop.egg-link (link to .)
[1.450s] Installing teleop_keyboard script to /home/ros-learner/mnt/ws/install/turtlebot3_teleop/lib/turtlebot3_teleop
[1.450s] 
[1.450s] Installed /home/ros-learner/mnt/ws/build/turtlebot3_teleop
[1.450s] running symlink_data
[1.450s] creating /home/ros-learner/mnt/ws/install/turtlebot3_teleop/share/ament_index
[1.450s] creating /home/ros-learner/mnt/ws/install/turtlebot3_teleop/share/ament_index/resource_index
[1.450s] creating /home/ros-learner/mnt/ws/install/turtlebot3_teleop/share/ament_index/resource_index/packages
[1.450s] symbolically linking /home/ros-learner/mnt/ws/build/turtlebot3_teleop/resource/turtlebot3_teleop -> /home/ros-learner/mnt/ws/install/turtlebot3_teleop/share/ament_index/resource_index/packages
[1.450s] symbolically linking /home/ros-learner/mnt/ws/build/turtlebot3_teleop/package.xml -> /home/ros-learner/mnt/ws/install/turtlebot3_teleop/share/turtlebot3_teleop
[1.529s] Invoked command in '/home/ros-learner/mnt/ws/build/turtlebot3_teleop' returned '0': PYTHONPATH=/home/ros-learner/mnt/ws/build/turtlebot3_teleop/prefix_override:/usr/lib/python3/dist-packages/colcon_core/task/python/colcon_distutils_commands:/home/ros-learner/mnt/ws/install/turtlebot3_teleop/lib/python3.10/site-packages:${PYTHONPATH} /usr/bin/python3 -W ignore:setup.py install is deprecated setup.py develop --editable --build-directory /home/ros-learner/mnt/ws/build/turtlebot3_teleop/build --no-deps symlink_data
