[0.035s] Invoking command in '/home/ros-learner/mnt/ws/build/dynamixel_sdk': CMAKE_PREFIX_PATH=${CMAKE_PREFIX_PATH}:/home/ros-learner/mnt/ws/install/turtlebot3_teleop:/home/ros-learner/mnt/ws/install/turtlebot3_example:/opt/ros/humble /usr/bin/cmake --build /home/ros-learner/mnt/ws/build/dynamixel_sdk -- -j16 -l16
[0.086s] [100%] Built target dynamixel_sdk
[0.314s] Invoked command in '/home/ros-learner/mnt/ws/build/dynamixel_sdk' returned '0': CMAKE_PREFIX_PATH=${CMAKE_PREFIX_PATH}:/home/ros-learner/mnt/ws/install/turtlebot3_teleop:/home/ros-learner/mnt/ws/install/turtlebot3_example:/opt/ros/humble /usr/bin/cmake --build /home/ros-learner/mnt/ws/build/dynamixel_sdk -- -j16 -l16
[0.356s] Invoking command in '/home/ros-learner/mnt/ws/build/dynamixel_sdk': CMAKE_PREFIX_PATH=${CMAKE_PREFIX_PATH}:/home/ros-learner/mnt/ws/install/turtlebot3_teleop:/home/ros-learner/mnt/ws/install/turtlebot3_example:/opt/ros/humble /usr/bin/cmake --install /home/ros-learner/mnt/ws/build/dynamixel_sdk
[0.372s] -- Install configuration: ""
[0.372s] -- Execute custom install script
[0.372s] -- Up-to-date symlink: /home/ros-learner/mnt/ws/install/dynamixel_sdk/include//dynamixel_sdk/dynamixel_sdk.h
[0.372s] -- Up-to-date symlink: /home/ros-learner/mnt/ws/install/dynamixel_sdk/include//dynamixel_sdk/group_bulk_read.h
[0.372s] -- Up-to-date symlink: /home/ros-learner/mnt/ws/install/dynamixel_sdk/include//dynamixel_sdk/group_bulk_write.h
[0.373s] -- Up-to-date symlink: /home/ros-learner/mnt/ws/install/dynamixel_sdk/include//dynamixel_sdk/group_sync_read.h
[0.373s] -- Up-to-date symlink: /home/ros-learner/mnt/ws/install/dynamixel_sdk/include//dynamixel_sdk/group_sync_write.h
[0.373s] -- Up-to-date symlink: /home/ros-learner/mnt/ws/install/dynamixel_sdk/include//dynamixel_sdk/packet_handler.h
[0.373s] -- Up-to-date symlink: /home/ros-learner/mnt/ws/install/dynamixel_sdk/include//dynamixel_sdk/port_handler.h
[0.373s] -- Up-to-date symlink: /home/ros-learner/mnt/ws/install/dynamixel_sdk/include//dynamixel_sdk/port_handler_arduino.h
[0.373s] -- Up-to-date symlink: /home/ros-learner/mnt/ws/install/dynamixel_sdk/include//dynamixel_sdk/port_handler_linux.h
[0.373s] -- Up-to-date symlink: /home/ros-learner/mnt/ws/install/dynamixel_sdk/include//dynamixel_sdk/port_handler_mac.h
[0.373s] -- Up-to-date symlink: /home/ros-learner/mnt/ws/install/dynamixel_sdk/include//dynamixel_sdk/port_handler_windows.h
[0.373s] -- Up-to-date symlink: /home/ros-learner/mnt/ws/install/dynamixel_sdk/include//dynamixel_sdk/protocol1_packet_handler.h
[0.374s] -- Up-to-date symlink: /home/ros-learner/mnt/ws/install/dynamixel_sdk/include//dynamixel_sdk/protocol2_packet_handler.h
[0.376s] -- Up-to-date symlink: /home/ros-learner/mnt/ws/install/dynamixel_sdk/lib/libdynamixel_sdk.so
[0.376s] -- Up-to-date symlink: /home/ros-learner/mnt/ws/install/dynamixel_sdk/share/dynamixel_sdk/environment/library_path.sh
[0.376s] -- Up-to-date symlink: /home/ros-learner/mnt/ws/install/dynamixel_sdk/share/dynamixel_sdk/environment/library_path.dsv
[0.377s] -- Up-to-date symlink: /home/ros-learner/mnt/ws/install/dynamixel_sdk/share/ament_index/resource_index/package_run_dependencies/dynamixel_sdk
[0.377s] -- Up-to-date symlink: /home/ros-learner/mnt/ws/install/dynamixel_sdk/share/ament_index/resource_index/parent_prefix_path/dynamixel_sdk
[0.377s] -- Up-to-date symlink: /home/ros-learner/mnt/ws/install/dynamixel_sdk/share/dynamixel_sdk/environment/ament_prefix_path.sh
[0.377s] -- Up-to-date symlink: /home/ros-learner/mnt/ws/install/dynamixel_sdk/share/dynamixel_sdk/environment/ament_prefix_path.dsv
[0.377s] -- Up-to-date symlink: /home/ros-learner/mnt/ws/install/dynamixel_sdk/share/dynamixel_sdk/environment/path.sh
[0.377s] -- Up-to-date symlink: /home/ros-learner/mnt/ws/install/dynamixel_sdk/share/dynamixel_sdk/environment/path.dsv
[0.377s] -- Up-to-date symlink: /home/ros-learner/mnt/ws/install/dynamixel_sdk/share/dynamixel_sdk/local_setup.bash
[0.378s] -- Up-to-date symlink: /home/ros-learner/mnt/ws/install/dynamixel_sdk/share/dynamixel_sdk/local_setup.sh
[0.378s] -- Up-to-date symlink: /home/ros-learner/mnt/ws/install/dynamixel_sdk/share/dynamixel_sdk/local_setup.zsh
[0.378s] -- Up-to-date symlink: /home/ros-learner/mnt/ws/install/dynamixel_sdk/share/dynamixel_sdk/local_setup.dsv
[0.379s] -- Symlinking: /home/ros-learner/mnt/ws/install/dynamixel_sdk/share/dynamixel_sdk/package.dsv
[0.382s] -- Up-to-date symlink: /home/ros-learner/mnt/ws/install/dynamixel_sdk/share/ament_index/resource_index/packages/dynamixel_sdk
[0.383s] -- Up-to-date symlink: /home/ros-learner/mnt/ws/install/dynamixel_sdk/share/dynamixel_sdk/cmake/ament_cmake_export_include_directories-extras.cmake
[0.383s] -- Up-to-date symlink: /home/ros-learner/mnt/ws/install/dynamixel_sdk/share/dynamixel_sdk/cmake/ament_cmake_export_libraries-extras.cmake
[0.383s] -- Up-to-date symlink: /home/ros-learner/mnt/ws/install/dynamixel_sdk/share/dynamixel_sdk/cmake/dynamixel_sdkConfig.cmake
[0.383s] -- Up-to-date symlink: /home/ros-learner/mnt/ws/install/dynamixel_sdk/share/dynamixel_sdk/cmake/dynamixel_sdkConfig-version.cmake
[0.383s] -- Up-to-date symlink: /home/ros-learner/mnt/ws/install/dynamixel_sdk/share/dynamixel_sdk/package.xml
[0.413s] Invoked command in '/home/ros-learner/mnt/ws/build/dynamixel_sdk' returned '0': CMAKE_PREFIX_PATH=${CMAKE_PREFIX_PATH}:/home/ros-learner/mnt/ws/install/turtlebot3_teleop:/home/ros-learner/mnt/ws/install/turtlebot3_example:/opt/ros/humble /usr/bin/cmake --install /home/ros-learner/mnt/ws/build/dynamixel_sdk
