[0.035s] Invoking command in '/home/ros-learner/mnt/ws/build/turtlebot3_cartographer': CMAKE_PREFIX_PATH=${CMAKE_PREFIX_PATH}:/home/ros-learner/mnt/ws/install/turtlebot3_localization:/home/ros-learner/mnt/ws/install/turtlebot3_teleop:/home/ros-learner/mnt/ws/install/turtlebot3_example:/opt/ros/humble /usr/bin/cmake --build /home/ros-learner/mnt/ws/build/turtlebot3_cartographer -- -j16 -l16
[0.270s] Invoked command in '/home/ros-learner/mnt/ws/build/turtlebot3_cartographer' returned '0': CMAKE_PREFIX_PATH=${CMAKE_PREFIX_PATH}:/home/ros-learner/mnt/ws/install/turtlebot3_localization:/home/ros-learner/mnt/ws/install/turtlebot3_teleop:/home/ros-learner/mnt/ws/install/turtlebot3_example:/opt/ros/humble /usr/bin/cmake --build /home/ros-learner/mnt/ws/build/turtlebot3_cartographer -- -j16 -l16
[0.296s] Invoking command in '/home/ros-learner/mnt/ws/build/turtlebot3_cartographer': CMAKE_PREFIX_PATH=${CMAKE_PREFIX_PATH}:/home/ros-learner/mnt/ws/install/turtlebot3_localization:/home/ros-learner/mnt/ws/install/turtlebot3_teleop:/home/ros-learner/mnt/ws/install/turtlebot3_example:/opt/ros/humble /usr/bin/cmake --install /home/ros-learner/mnt/ws/build/turtlebot3_cartographer
[0.304s] -- Install configuration: ""
[0.304s] -- Execute custom install script
[0.305s] -- Up-to-date symlink: /home/ros-learner/mnt/ws/install/turtlebot3_cartographer/share/turtlebot3_cartographer/config/turtlebot3_lds_2d.lua
[0.307s] -- Up-to-date symlink: /home/ros-learner/mnt/ws/install/turtlebot3_cartographer/share/turtlebot3_cartographer/launch/cartographer.launch.py
[0.308s] -- Up-to-date symlink: /home/ros-learner/mnt/ws/install/turtlebot3_cartographer/share/turtlebot3_cartographer/launch/cartographer_rviz.launch.py
[0.308s] -- Up-to-date symlink: /home/ros-learner/mnt/ws/install/turtlebot3_cartographer/share/turtlebot3_cartographer/launch/occupancy_grid.launch.py
[0.308s] -- Up-to-date symlink: /home/ros-learner/mnt/ws/install/turtlebot3_cartographer/share/turtlebot3_cartographer/rviz/tb3_cartographer.rviz
[0.309s] -- Up-to-date symlink: /home/ros-learner/mnt/ws/install/turtlebot3_cartographer/share/ament_index/resource_index/package_run_dependencies/turtlebot3_cartographer
[0.309s] -- Up-to-date symlink: /home/ros-learner/mnt/ws/install/turtlebot3_cartographer/share/ament_index/resource_index/parent_prefix_path/turtlebot3_cartographer
[0.309s] -- Up-to-date symlink: /home/ros-learner/mnt/ws/install/turtlebot3_cartographer/share/turtlebot3_cartographer/environment/ament_prefix_path.sh
[0.309s] -- Up-to-date symlink: /home/ros-learner/mnt/ws/install/turtlebot3_cartographer/share/turtlebot3_cartographer/environment/ament_prefix_path.dsv
[0.310s] -- Up-to-date symlink: /home/ros-learner/mnt/ws/install/turtlebot3_cartographer/share/turtlebot3_cartographer/environment/path.sh
[0.310s] -- Up-to-date symlink: /home/ros-learner/mnt/ws/install/turtlebot3_cartographer/share/turtlebot3_cartographer/environment/path.dsv
[0.310s] -- Up-to-date symlink: /home/ros-learner/mnt/ws/install/turtlebot3_cartographer/share/turtlebot3_cartographer/local_setup.bash
[0.311s] -- Up-to-date symlink: /home/ros-learner/mnt/ws/install/turtlebot3_cartographer/share/turtlebot3_cartographer/local_setup.sh
[0.311s] -- Up-to-date symlink: /home/ros-learner/mnt/ws/install/turtlebot3_cartographer/share/turtlebot3_cartographer/local_setup.zsh
[0.311s] -- Up-to-date symlink: /home/ros-learner/mnt/ws/install/turtlebot3_cartographer/share/turtlebot3_cartographer/local_setup.dsv
[0.312s] -- Symlinking: /home/ros-learner/mnt/ws/install/turtlebot3_cartographer/share/turtlebot3_cartographer/package.dsv
[0.319s] -- Up-to-date symlink: /home/ros-learner/mnt/ws/install/turtlebot3_cartographer/share/ament_index/resource_index/packages/turtlebot3_cartographer
[0.320s] -- Up-to-date symlink: /home/ros-learner/mnt/ws/install/turtlebot3_cartographer/share/turtlebot3_cartographer/cmake/turtlebot3_cartographerConfig.cmake
[0.320s] -- Up-to-date symlink: /home/ros-learner/mnt/ws/install/turtlebot3_cartographer/share/turtlebot3_cartographer/cmake/turtlebot3_cartographerConfig-version.cmake
[0.321s] -- Up-to-date symlink: /home/ros-learner/mnt/ws/install/turtlebot3_cartographer/share/turtlebot3_cartographer/package.xml
[0.326s] Invoked command in '/home/ros-learner/mnt/ws/build/turtlebot3_cartographer' returned '0': CMAKE_PREFIX_PATH=${CMAKE_PREFIX_PATH}:/home/ros-learner/mnt/ws/install/turtlebot3_localization:/home/ros-learner/mnt/ws/install/turtlebot3_teleop:/home/ros-learner/mnt/ws/install/turtlebot3_example:/opt/ros/humble /usr/bin/cmake --install /home/ros-learner/mnt/ws/build/turtlebot3_cartographer
