[0.247s] Invoking command in '/home/ros-learner/mnt/ws/build/turtlebot3_fake_node': AMENT_PREFIX_PATH=/home/ros-learner/mnt/ws/install/turtlebot3_msgs:${AMENT_PREFIX_PATH} CMAKE_PREFIX_PATH=/home/ros-learner/mnt/ws/install/turtlebot3_msgs:/opt/ros/humble LD_LIBRARY_PATH=/home/ros-learner/mnt/ws/install/turtlebot3_msgs/lib:/usr/lib/x86_64-linux-gnu/gazebo-11/plugins:/opt/ros/humble/opt/rviz_ogre_vendor/lib:/opt/ros/humble/lib/x86_64-linux-gnu:/opt/ros/humble/lib:/usr/lib/x86_64-linux-gnu/gazebo-11/plugins PYTHONPATH=/home/ros-learner/mnt/ws/install/turtlebot3_msgs/local/lib/python3.10/dist-packages:${PYTHONPATH} /usr/bin/cmake /home/ros-learner/mnt/ws/src/turtlebot3_simulations/turtlebot3_fake_node -DAMENT_CMAKE_SYMLINK_INSTALL=1 -DCMAKE_INSTALL_PREFIX=/home/ros-learner/mnt/ws/install/turtlebot3_fake_node
[0.301s] -- The C compiler identification is GNU 11.4.0
[0.358s] -- The CXX compiler identification is GNU 11.4.0
[0.365s] -- Detecting C compiler ABI info
[0.431s] -- Detecting C compiler ABI info - done
[0.441s] -- Check for working C compiler: /usr/bin/cc - skipped
[0.441s] -- Detecting C compile features
[0.441s] -- Detecting C compile features - done
[0.445s] -- Detecting CXX compiler ABI info
[0.526s] -- Detecting CXX compiler ABI info - done
[0.535s] -- Check for working CXX compiler: /usr/bin/c++ - skipped
[0.535s] -- Detecting CXX compile features
[0.536s] -- Detecting CXX compile features - done
[0.539s] -- Found ament_cmake: 1.3.10 (/opt/ros/humble/share/ament_cmake/cmake)
[0.704s] -- Found Python3: /usr/bin/python3 (found version "3.10.12") found components: Interpreter 
[0.774s] -- Override CMake install command with custom implementation using symlinks instead of copying resources
[0.821s] -- Found geometry_msgs: 4.2.4 (/opt/ros/humble/share/geometry_msgs/cmake)
[0.879s] -- Found rosidl_generator_c: 3.1.5 (/opt/ros/humble/share/rosidl_generator_c/cmake)
[0.887s] -- Found rosidl_adapter: 3.1.5 (/opt/ros/humble/share/rosidl_adapter/cmake)
[0.902s] -- Found rosidl_generator_cpp: 3.1.5 (/opt/ros/humble/share/rosidl_generator_cpp/cmake)
[0.922s] -- Using all available rosidl_typesupport_c: rosidl_typesupport_fastrtps_c;rosidl_typesupport_introspection_c
[0.949s] -- Using all available rosidl_typesupport_cpp: rosidl_typesupport_fastrtps_cpp;rosidl_typesupport_introspection_cpp
[0.999s] -- Found nav_msgs: 4.2.4 (/opt/ros/humble/share/nav_msgs/cmake)
[1.017s] -- Found rclcpp: 16.0.10 (/opt/ros/humble/share/rclcpp/cmake)
[1.057s] -- Found rmw_implementation_cmake: 6.1.2 (/opt/ros/humble/share/rmw_implementation_cmake/cmake)
[1.060s] -- Found rmw_fastrtps_cpp: 6.2.7 (/opt/ros/humble/share/rmw_fastrtps_cpp/cmake)
[1.147s] -- Found OpenSSL: /usr/lib/x86_64-linux-gnu/libcrypto.so (found version "3.0.2")  
[1.189s] -- Found FastRTPS: /opt/ros/humble/include  
[1.247s] -- Using RMW implementation 'rmw_fastrtps_cpp' as default
[1.257s] -- Looking for pthread.h
[1.319s] -- Looking for pthread.h - found
[1.319s] -- Performing Test CMAKE_HAVE_LIBC_PTHREAD
[1.386s] -- Performing Test CMAKE_HAVE_LIBC_PTHREAD - Success
[1.386s] -- Found Threads: TRUE  
[1.444s] -- Found sensor_msgs: 4.2.4 (/opt/ros/humble/share/sensor_msgs/cmake)
[1.473s] -- Found tf2: 0.25.7 (/opt/ros/humble/share/tf2/cmake)
[1.504s] -- Found tf2_msgs: 0.25.7 (/opt/ros/humble/share/tf2_msgs/cmake)
[1.586s] -- Found turtlebot3_msgs: 2.2.3 (/home/ros-learner/mnt/ws/install/turtlebot3_msgs/share/turtlebot3_msgs/cmake)
[1.726s] -- Configuring done
[1.752s] -- Generating done
[1.754s] -- Build files have been written to: /home/ros-learner/mnt/ws/build/turtlebot3_fake_node
[1.775s] Invoked command in '/home/ros-learner/mnt/ws/build/turtlebot3_fake_node' returned '0': AMENT_PREFIX_PATH=/home/ros-learner/mnt/ws/install/turtlebot3_msgs:${AMENT_PREFIX_PATH} CMAKE_PREFIX_PATH=/home/ros-learner/mnt/ws/install/turtlebot3_msgs:/opt/ros/humble LD_LIBRARY_PATH=/home/ros-learner/mnt/ws/install/turtlebot3_msgs/lib:/usr/lib/x86_64-linux-gnu/gazebo-11/plugins:/opt/ros/humble/opt/rviz_ogre_vendor/lib:/opt/ros/humble/lib/x86_64-linux-gnu:/opt/ros/humble/lib:/usr/lib/x86_64-linux-gnu/gazebo-11/plugins PYTHONPATH=/home/ros-learner/mnt/ws/install/turtlebot3_msgs/local/lib/python3.10/dist-packages:${PYTHONPATH} /usr/bin/cmake /home/ros-learner/mnt/ws/src/turtlebot3_simulations/turtlebot3_fake_node -DAMENT_CMAKE_SYMLINK_INSTALL=1 -DCMAKE_INSTALL_PREFIX=/home/ros-learner/mnt/ws/install/turtlebot3_fake_node
[1.776s] Invoking command in '/home/ros-learner/mnt/ws/build/turtlebot3_fake_node': AMENT_PREFIX_PATH=/home/ros-learner/mnt/ws/install/turtlebot3_msgs:${AMENT_PREFIX_PATH} CMAKE_PREFIX_PATH=/home/ros-learner/mnt/ws/install/turtlebot3_msgs:/opt/ros/humble LD_LIBRARY_PATH=/home/ros-learner/mnt/ws/install/turtlebot3_msgs/lib:/usr/lib/x86_64-linux-gnu/gazebo-11/plugins:/opt/ros/humble/opt/rviz_ogre_vendor/lib:/opt/ros/humble/lib/x86_64-linux-gnu:/opt/ros/humble/lib:/usr/lib/x86_64-linux-gnu/gazebo-11/plugins PYTHONPATH=/home/ros-learner/mnt/ws/install/turtlebot3_msgs/local/lib/python3.10/dist-packages:${PYTHONPATH} /usr/bin/cmake --build /home/ros-learner/mnt/ws/build/turtlebot3_fake_node -- -j16 -l16
[1.936s] [ 50%] [32mBuilding CXX object CMakeFiles/turtlebot3_fake_node.dir/src/turtlebot3_fake_node.cpp.o[0m
[14.546s] [100%] [32m[1mLinking CXX executable turtlebot3_fake_node[0m
[14.932s] [100%] Built target turtlebot3_fake_node
[14.941s] Invoked command in '/home/ros-learner/mnt/ws/build/turtlebot3_fake_node' returned '0': AMENT_PREFIX_PATH=/home/ros-learner/mnt/ws/install/turtlebot3_msgs:${AMENT_PREFIX_PATH} CMAKE_PREFIX_PATH=/home/ros-learner/mnt/ws/install/turtlebot3_msgs:/opt/ros/humble LD_LIBRARY_PATH=/home/ros-learner/mnt/ws/install/turtlebot3_msgs/lib:/usr/lib/x86_64-linux-gnu/gazebo-11/plugins:/opt/ros/humble/opt/rviz_ogre_vendor/lib:/opt/ros/humble/lib/x86_64-linux-gnu:/opt/ros/humble/lib:/usr/lib/x86_64-linux-gnu/gazebo-11/plugins PYTHONPATH=/home/ros-learner/mnt/ws/install/turtlebot3_msgs/local/lib/python3.10/dist-packages:${PYTHONPATH} /usr/bin/cmake --build /home/ros-learner/mnt/ws/build/turtlebot3_fake_node -- -j16 -l16
[14.957s] Invoking command in '/home/ros-learner/mnt/ws/build/turtlebot3_fake_node': AMENT_PREFIX_PATH=/home/ros-learner/mnt/ws/install/turtlebot3_msgs:${AMENT_PREFIX_PATH} CMAKE_PREFIX_PATH=/home/ros-learner/mnt/ws/install/turtlebot3_msgs:/opt/ros/humble LD_LIBRARY_PATH=/home/ros-learner/mnt/ws/install/turtlebot3_msgs/lib:/usr/lib/x86_64-linux-gnu/gazebo-11/plugins:/opt/ros/humble/opt/rviz_ogre_vendor/lib:/opt/ros/humble/lib/x86_64-linux-gnu:/opt/ros/humble/lib:/usr/lib/x86_64-linux-gnu/gazebo-11/plugins PYTHONPATH=/home/ros-learner/mnt/ws/install/turtlebot3_msgs/local/lib/python3.10/dist-packages:${PYTHONPATH} /usr/bin/cmake --install /home/ros-learner/mnt/ws/build/turtlebot3_fake_node
[14.963s] -- Install configuration: ""
[14.963s] -- Execute custom install script
[14.964s] -- Symlinking: /home/ros-learner/mnt/ws/install/turtlebot3_fake_node/lib/turtlebot3_fake_node/turtlebot3_fake_node
[14.970s] -- Symlinking: /home/ros-learner/mnt/ws/install/turtlebot3_fake_node/share/turtlebot3_fake_node/launch/rviz2.launch.py
[14.977s] -- Symlinking: /home/ros-learner/mnt/ws/install/turtlebot3_fake_node/share/turtlebot3_fake_node/launch/turtlebot3_fake_node.launch.py
[14.983s] -- Symlinking: /home/ros-learner/mnt/ws/install/turtlebot3_fake_node/share/turtlebot3_fake_node/param/burger.yaml
[14.989s] -- Symlinking: /home/ros-learner/mnt/ws/install/turtlebot3_fake_node/share/turtlebot3_fake_node/param/waffle.yaml
[14.995s] -- Symlinking: /home/ros-learner/mnt/ws/install/turtlebot3_fake_node/share/turtlebot3_fake_node/param/waffle_pi.yaml
[15.002s] -- Symlinking: /home/ros-learner/mnt/ws/install/turtlebot3_fake_node/include//turtlebot3_fake_node/turtlebot3_fake_node.hpp
[15.009s] -- Symlinking: /home/ros-learner/mnt/ws/install/turtlebot3_fake_node/share/ament_index/resource_index/package_run_dependencies/turtlebot3_fake_node
[15.016s] -- Symlinking: /home/ros-learner/mnt/ws/install/turtlebot3_fake_node/share/ament_index/resource_index/parent_prefix_path/turtlebot3_fake_node
[15.022s] -- Symlinking: /home/ros-learner/mnt/ws/install/turtlebot3_fake_node/share/turtlebot3_fake_node/environment/ament_prefix_path.sh
[15.029s] -- Symlinking: /home/ros-learner/mnt/ws/install/turtlebot3_fake_node/share/turtlebot3_fake_node/environment/ament_prefix_path.dsv
[15.035s] -- Symlinking: /home/ros-learner/mnt/ws/install/turtlebot3_fake_node/share/turtlebot3_fake_node/environment/path.sh
[15.042s] -- Symlinking: /home/ros-learner/mnt/ws/install/turtlebot3_fake_node/share/turtlebot3_fake_node/environment/path.dsv
[15.048s] -- Symlinking: /home/ros-learner/mnt/ws/install/turtlebot3_fake_node/share/turtlebot3_fake_node/local_setup.bash
[15.054s] -- Symlinking: /home/ros-learner/mnt/ws/install/turtlebot3_fake_node/share/turtlebot3_fake_node/local_setup.sh
[15.061s] -- Symlinking: /home/ros-learner/mnt/ws/install/turtlebot3_fake_node/share/turtlebot3_fake_node/local_setup.zsh
[15.067s] -- Symlinking: /home/ros-learner/mnt/ws/install/turtlebot3_fake_node/share/turtlebot3_fake_node/local_setup.dsv
[15.074s] -- Symlinking: /home/ros-learner/mnt/ws/install/turtlebot3_fake_node/share/turtlebot3_fake_node/package.dsv
[15.081s] -- Symlinking: /home/ros-learner/mnt/ws/install/turtlebot3_fake_node/share/ament_index/resource_index/packages/turtlebot3_fake_node
[15.087s] -- Symlinking: /home/ros-learner/mnt/ws/install/turtlebot3_fake_node/share/turtlebot3_fake_node/cmake/ament_cmake_export_include_directories-extras.cmake
[15.094s] -- Symlinking: /home/ros-learner/mnt/ws/install/turtlebot3_fake_node/share/turtlebot3_fake_node/cmake/ament_cmake_export_dependencies-extras.cmake
[15.101s] -- Symlinking: /home/ros-learner/mnt/ws/install/turtlebot3_fake_node/share/turtlebot3_fake_node/cmake/turtlebot3_fake_nodeConfig.cmake
[15.107s] -- Symlinking: /home/ros-learner/mnt/ws/install/turtlebot3_fake_node/share/turtlebot3_fake_node/cmake/turtlebot3_fake_nodeConfig-version.cmake
[15.114s] -- Symlinking: /home/ros-learner/mnt/ws/install/turtlebot3_fake_node/share/turtlebot3_fake_node/package.xml
[15.123s] Invoked command in '/home/ros-learner/mnt/ws/build/turtlebot3_fake_node' returned '0': AMENT_PREFIX_PATH=/home/ros-learner/mnt/ws/install/turtlebot3_msgs:${AMENT_PREFIX_PATH} CMAKE_PREFIX_PATH=/home/ros-learner/mnt/ws/install/turtlebot3_msgs:/opt/ros/humble LD_LIBRARY_PATH=/home/ros-learner/mnt/ws/install/turtlebot3_msgs/lib:/usr/lib/x86_64-linux-gnu/gazebo-11/plugins:/opt/ros/humble/opt/rviz_ogre_vendor/lib:/opt/ros/humble/lib/x86_64-linux-gnu:/opt/ros/humble/lib:/usr/lib/x86_64-linux-gnu/gazebo-11/plugins PYTHONPATH=/home/ros-learner/mnt/ws/install/turtlebot3_msgs/local/lib/python3.10/dist-packages:${PYTHONPATH} /usr/bin/cmake --install /home/ros-learner/mnt/ws/build/turtlebot3_fake_node
