[0.045s] Invoking command in '/home/ros-learner/mnt/ws/build/dynamixel_sdk': CMAKE_PREFIX_PATH=/opt/ros/humble /usr/bin/cmake /home/ros-learner/mnt/ws/src/DynamixelSDK/dynamixel_sdk -DAMENT_CMAKE_SYMLINK_INSTALL=1 -DCMAKE_INSTALL_PREFIX=/home/ros-learner/mnt/ws/install/dynamixel_sdk
[0.112s] -- The C compiler identification is GNU 11.4.0
[0.170s] -- The CXX compiler identification is GNU 11.4.0
[0.177s] -- Detecting C compiler ABI info
[0.256s] -- Detecting C compiler ABI info - done
[0.265s] -- Check for working C compiler: /usr/bin/cc - skipped
[0.265s] -- Detecting C compile features
[0.266s] -- Detecting C compile features - done
[0.269s] -- Detecting CXX compiler ABI info
[0.397s] -- Detecting CXX compiler ABI info - done
[0.400s] -- Check for working CXX compiler: /usr/bin/c++ - skipped
[0.400s] -- Detecting CXX compile features
[0.400s] -- Detecting CXX compile features - done
[0.403s] -- Found ament_cmake: 1.3.10 (/opt/ros/humble/share/ament_cmake/cmake)
[0.596s] -- Found Python3: /usr/bin/python3 (found version "3.10.12") found components: Interpreter 
[0.665s] -- Override CMake install command with custom implementation using symlinks instead of copying resources
[0.786s] -- Configuring done
[0.790s] -- Generating done
[0.791s] -- Build files have been written to: /home/ros-learner/mnt/ws/build/dynamixel_sdk
[0.799s] Invoked command in '/home/ros-learner/mnt/ws/build/dynamixel_sdk' returned '0': CMAKE_PREFIX_PATH=/opt/ros/humble /usr/bin/cmake /home/ros-learner/mnt/ws/src/DynamixelSDK/dynamixel_sdk -DAMENT_CMAKE_SYMLINK_INSTALL=1 -DCMAKE_INSTALL_PREFIX=/home/ros-learner/mnt/ws/install/dynamixel_sdk
[0.801s] Invoking command in '/home/ros-learner/mnt/ws/build/dynamixel_sdk': CMAKE_PREFIX_PATH=/opt/ros/humble /usr/bin/cmake --build /home/ros-learner/mnt/ws/build/dynamixel_sdk -- -j16 -l16
[0.870s] [ 20%] [32mBuilding CXX object CMakeFiles/dynamixel_sdk.dir/src/dynamixel_sdk/group_sync_read.cpp.o[0m
[0.871s] [ 20%] [32mBuilding CXX object CMakeFiles/dynamixel_sdk.dir/src/dynamixel_sdk/packet_handler.cpp.o[0m
[0.871s] [ 30%] [32mBuilding CXX object CMakeFiles/dynamixel_sdk.dir/src/dynamixel_sdk/protocol2_packet_handler.cpp.o[0m
[0.871s] [ 40%] [32mBuilding CXX object CMakeFiles/dynamixel_sdk.dir/src/dynamixel_sdk/protocol1_packet_handler.cpp.o[0m
[0.871s] [ 50%] [32mBuilding CXX object CMakeFiles/dynamixel_sdk.dir/src/dynamixel_sdk/group_sync_write.cpp.o[0m
[0.871s] [ 60%] [32mBuilding CXX object CMakeFiles/dynamixel_sdk.dir/src/dynamixel_sdk/group_bulk_read.cpp.o[0m
[0.873s] [ 70%] [32mBuilding CXX object CMakeFiles/dynamixel_sdk.dir/src/dynamixel_sdk/group_bulk_write.cpp.o[0m
[0.878s] [ 80%] [32mBuilding CXX object CMakeFiles/dynamixel_sdk.dir/src/dynamixel_sdk/port_handler.cpp.o[0m
[0.879s] [ 90%] [32mBuilding CXX object CMakeFiles/dynamixel_sdk.dir/src/dynamixel_sdk/port_handler_linux.cpp.o[0m
[1.535s] [100%] [32m[1mLinking CXX shared library libdynamixel_sdk.so[0m
[1.651s] [100%] Built target dynamixel_sdk
[1.663s] Invoked command in '/home/ros-learner/mnt/ws/build/dynamixel_sdk' returned '0': CMAKE_PREFIX_PATH=/opt/ros/humble /usr/bin/cmake --build /home/ros-learner/mnt/ws/build/dynamixel_sdk -- -j16 -l16
[1.705s] Invoking command in '/home/ros-learner/mnt/ws/build/dynamixel_sdk': CMAKE_PREFIX_PATH=/opt/ros/humble /usr/bin/cmake --install /home/ros-learner/mnt/ws/build/dynamixel_sdk
[1.713s] -- Install configuration: ""
[1.713s] -- Execute custom install script
[1.713s] -- Symlinking: /home/ros-learner/mnt/ws/install/dynamixel_sdk/include//dynamixel_sdk/dynamixel_sdk.h
[1.723s] -- Symlinking: /home/ros-learner/mnt/ws/install/dynamixel_sdk/include//dynamixel_sdk/group_bulk_read.h
[1.732s] -- Symlinking: /home/ros-learner/mnt/ws/install/dynamixel_sdk/include//dynamixel_sdk/group_bulk_write.h
[1.741s] -- Symlinking: /home/ros-learner/mnt/ws/install/dynamixel_sdk/include//dynamixel_sdk/group_sync_read.h
[1.751s] -- Symlinking: /home/ros-learner/mnt/ws/install/dynamixel_sdk/include//dynamixel_sdk/group_sync_write.h
[1.764s] -- Symlinking: /home/ros-learner/mnt/ws/install/dynamixel_sdk/include//dynamixel_sdk/packet_handler.h
[1.776s] -- Symlinking: /home/ros-learner/mnt/ws/install/dynamixel_sdk/include//dynamixel_sdk/port_handler.h
[1.793s] -- Symlinking: /home/ros-learner/mnt/ws/install/dynamixel_sdk/include//dynamixel_sdk/port_handler_arduino.h
[1.804s] -- Symlinking: /home/ros-learner/mnt/ws/install/dynamixel_sdk/include//dynamixel_sdk/port_handler_linux.h
[1.813s] -- Symlinking: /home/ros-learner/mnt/ws/install/dynamixel_sdk/include//dynamixel_sdk/port_handler_mac.h
[1.823s] -- Symlinking: /home/ros-learner/mnt/ws/install/dynamixel_sdk/include//dynamixel_sdk/port_handler_windows.h
[1.838s] -- Symlinking: /home/ros-learner/mnt/ws/install/dynamixel_sdk/include//dynamixel_sdk/protocol1_packet_handler.h
[1.848s] -- Symlinking: /home/ros-learner/mnt/ws/install/dynamixel_sdk/include//dynamixel_sdk/protocol2_packet_handler.h
[1.860s] -- Symlinking: /home/ros-learner/mnt/ws/install/dynamixel_sdk/lib/libdynamixel_sdk.so
[1.870s] -- Symlinking: /home/ros-learner/mnt/ws/install/dynamixel_sdk/share/dynamixel_sdk/environment/library_path.sh
[1.884s] -- Symlinking: /home/ros-learner/mnt/ws/install/dynamixel_sdk/share/dynamixel_sdk/environment/library_path.dsv
[1.896s] -- Symlinking: /home/ros-learner/mnt/ws/install/dynamixel_sdk/share/ament_index/resource_index/package_run_dependencies/dynamixel_sdk
[1.909s] -- Symlinking: /home/ros-learner/mnt/ws/install/dynamixel_sdk/share/ament_index/resource_index/parent_prefix_path/dynamixel_sdk
[1.919s] -- Symlinking: /home/ros-learner/mnt/ws/install/dynamixel_sdk/share/dynamixel_sdk/environment/ament_prefix_path.sh
[1.929s] -- Symlinking: /home/ros-learner/mnt/ws/install/dynamixel_sdk/share/dynamixel_sdk/environment/ament_prefix_path.dsv
[1.938s] -- Symlinking: /home/ros-learner/mnt/ws/install/dynamixel_sdk/share/dynamixel_sdk/environment/path.sh
[1.951s] -- Symlinking: /home/ros-learner/mnt/ws/install/dynamixel_sdk/share/dynamixel_sdk/environment/path.dsv
[1.963s] -- Symlinking: /home/ros-learner/mnt/ws/install/dynamixel_sdk/share/dynamixel_sdk/local_setup.bash
[1.975s] -- Symlinking: /home/ros-learner/mnt/ws/install/dynamixel_sdk/share/dynamixel_sdk/local_setup.sh
[1.984s] -- Symlinking: /home/ros-learner/mnt/ws/install/dynamixel_sdk/share/dynamixel_sdk/local_setup.zsh
[1.998s] -- Symlinking: /home/ros-learner/mnt/ws/install/dynamixel_sdk/share/dynamixel_sdk/local_setup.dsv
[2.013s] -- Symlinking: /home/ros-learner/mnt/ws/install/dynamixel_sdk/share/dynamixel_sdk/package.dsv
[2.031s] -- Symlinking: /home/ros-learner/mnt/ws/install/dynamixel_sdk/share/ament_index/resource_index/packages/dynamixel_sdk
[2.044s] -- Symlinking: /home/ros-learner/mnt/ws/install/dynamixel_sdk/share/dynamixel_sdk/cmake/ament_cmake_export_include_directories-extras.cmake
[2.056s] -- Symlinking: /home/ros-learner/mnt/ws/install/dynamixel_sdk/share/dynamixel_sdk/cmake/ament_cmake_export_libraries-extras.cmake
[2.064s] -- Symlinking: /home/ros-learner/mnt/ws/install/dynamixel_sdk/share/dynamixel_sdk/cmake/dynamixel_sdkConfig.cmake
[2.074s] -- Symlinking: /home/ros-learner/mnt/ws/install/dynamixel_sdk/share/dynamixel_sdk/cmake/dynamixel_sdkConfig-version.cmake
[2.084s] -- Symlinking: /home/ros-learner/mnt/ws/install/dynamixel_sdk/share/dynamixel_sdk/package.xml
[2.096s] Invoked command in '/home/ros-learner/mnt/ws/build/dynamixel_sdk' returned '0': CMAKE_PREFIX_PATH=/opt/ros/humble /usr/bin/cmake --install /home/ros-learner/mnt/ws/build/dynamixel_sdk
