-- Install configuration: ""
-- Up-to-date: /home/ros-learner/mnt/ws/install/turtlebot3_localization/share/turtlebot3_localization/launch
-- Installing: /home/ros-learner/mnt/ws/install/turtlebot3_localization/share/turtlebot3_localization/launch/nav2_amcl.launch.py
-- Up-to-date: /home/ros-learner/mnt/ws/install/turtlebot3_localization/share/turtlebot3_localization/map
-- Up-to-date: /home/ros-learner/mnt/ws/install/turtlebot3_localization/share/turtlebot3_localization/map/map.pgm
-- Up-to-date: /home/ros-learner/mnt/ws/install/turtlebot3_localization/share/turtlebot3_localization/map/map.yaml
-- Up-to-date: /home/ros-learner/mnt/ws/install/turtlebot3_localization/share/turtlebot3_localization/params
-- Up-to-date: /home/ros-learner/mnt/ws/install/turtlebot3_localization/share/turtlebot3_localization/params/map_server_params.yaml
-- Up-to-date: /home/ros-learner/mnt/ws/install/turtlebot3_localization/share/turtlebot3_localization/params/nav2_amcl_params.yaml
-- Up-to-date: /home/ros-learner/mnt/ws/install/turtlebot3_localization/share/ament_index/resource_index/package_run_dependencies/turtlebot3_localization
-- Up-to-date: /home/ros-learner/mnt/ws/install/turtlebot3_localization/share/ament_index/resource_index/parent_prefix_path/turtlebot3_localization
-- Up-to-date: /home/ros-learner/mnt/ws/install/turtlebot3_localization/share/turtlebot3_localization/environment/ament_prefix_path.sh
-- Up-to-date: /home/ros-learner/mnt/ws/install/turtlebot3_localization/share/turtlebot3_localization/environment/ament_prefix_path.dsv
-- Up-to-date: /home/ros-learner/mnt/ws/install/turtlebot3_localization/share/turtlebot3_localization/environment/path.sh
-- Up-to-date: /home/ros-learner/mnt/ws/install/turtlebot3_localization/share/turtlebot3_localization/environment/path.dsv
-- Up-to-date: /home/ros-learner/mnt/ws/install/turtlebot3_localization/share/turtlebot3_localization/local_setup.bash
-- Up-to-date: /home/ros-learner/mnt/ws/install/turtlebot3_localization/share/turtlebot3_localization/local_setup.sh
-- Up-to-date: /home/ros-learner/mnt/ws/install/turtlebot3_localization/share/turtlebot3_localization/local_setup.zsh
-- Up-to-date: /home/ros-learner/mnt/ws/install/turtlebot3_localization/share/turtlebot3_localization/local_setup.dsv
-- Up-to-date: /home/ros-learner/mnt/ws/install/turtlebot3_localization/share/turtlebot3_localization/package.dsv
-- Up-to-date: /home/ros-learner/mnt/ws/install/turtlebot3_localization/share/ament_index/resource_index/packages/turtlebot3_localization
-- Up-to-date: /home/ros-learner/mnt/ws/install/turtlebot3_localization/share/turtlebot3_localization/cmake/turtlebot3_localizationConfig.cmake
-- Up-to-date: /home/ros-learner/mnt/ws/install/turtlebot3_localization/share/turtlebot3_localization/cmake/turtlebot3_localizationConfig-version.cmake
-- Up-to-date: /home/ros-learner/mnt/ws/install/turtlebot3_localization/share/turtlebot3_localization/package.xml
