[0.256s] Invoking command in '/home/ros-learner/mnt/ws/build/turtlebot3_localization': CMAKE_PREFIX_PATH=${CMAKE_PREFIX_PATH}:/home/ros-learner/mnt/ws/install/turtlebot3_localization:/home/ros-learner/mnt/ws/install/turtlebot3_teleop:/home/ros-learner/mnt/ws/install/turtlebot3_example:/opt/ros/humble /usr/bin/cmake --build /home/ros-learner/mnt/ws/build/turtlebot3_localization -- -j16 -l16
[0.274s] -- Found ament_cmake: 1.3.10 (/opt/ros/humble/share/ament_cmake/cmake)
[0.404s] -- Found nav2_common: 1.1.16 (/opt/ros/humble/share/nav2_common/cmake)
[0.404s] -- Found navigation2: 1.1.16 (/opt/ros/humble/share/navigation2/cmake)
[0.404s] -- Found ament_lint_auto: 0.12.11 (/opt/ros/humble/share/ament_lint_auto/cmake)
[0.465s] -- Added test 'flake8' to check Python code syntax and style conventions
[0.465s] -- Added test 'lint_cmake' to check CMake code style
[0.466s] -- Added test 'pep257' to check Python code against some of the docstring style conventions in PEP 257
[0.467s] -- Added test 'xmllint' to check XML markup files
[0.468s] -- Configuring done
[0.471s] -- Generating done
[0.472s] -- Build files have been written to: /home/ros-learner/mnt/ws/build/turtlebot3_localization
[0.492s] Invoked command in '/home/ros-learner/mnt/ws/build/turtlebot3_localization' returned '0': CMAKE_PREFIX_PATH=${CMAKE_PREFIX_PATH}:/home/ros-learner/mnt/ws/install/turtlebot3_localization:/home/ros-learner/mnt/ws/install/turtlebot3_teleop:/home/ros-learner/mnt/ws/install/turtlebot3_example:/opt/ros/humble /usr/bin/cmake --build /home/ros-learner/mnt/ws/build/turtlebot3_localization -- -j16 -l16
[0.507s] Invoking command in '/home/ros-learner/mnt/ws/build/turtlebot3_localization': CMAKE_PREFIX_PATH=${CMAKE_PREFIX_PATH}:/home/ros-learner/mnt/ws/install/turtlebot3_localization:/home/ros-learner/mnt/ws/install/turtlebot3_teleop:/home/ros-learner/mnt/ws/install/turtlebot3_example:/opt/ros/humble /usr/bin/cmake --install /home/ros-learner/mnt/ws/build/turtlebot3_localization
[0.513s] -- Install configuration: ""
[0.513s] -- Up-to-date: /home/ros-learner/mnt/ws/install/turtlebot3_localization/share/turtlebot3_localization/launch
[0.513s] -- Up-to-date: /home/ros-learner/mnt/ws/install/turtlebot3_localization/share/turtlebot3_localization/launch/nav2_amcl.launch.py
[0.513s] -- Installing: /home/ros-learner/mnt/ws/install/turtlebot3_localization/share/turtlebot3_localization/map
[0.513s] -- Installing: /home/ros-learner/mnt/ws/install/turtlebot3_localization/share/turtlebot3_localization/map/map.pgm
[0.513s] -- Installing: /home/ros-learner/mnt/ws/install/turtlebot3_localization/share/turtlebot3_localization/map/map.yaml
[0.513s] -- Installing: /home/ros-learner/mnt/ws/install/turtlebot3_localization/share/turtlebot3_localization/params
[0.513s] -- Installing: /home/ros-learner/mnt/ws/install/turtlebot3_localization/share/turtlebot3_localization/params/map_server_params.yaml
[0.513s] -- Installing: /home/ros-learner/mnt/ws/install/turtlebot3_localization/share/turtlebot3_localization/params/nav2_amcl_params.yaml
[0.514s] -- Installing: /home/ros-learner/mnt/ws/install/turtlebot3_localization/share/ament_index/resource_index/package_run_dependencies/turtlebot3_localization
[0.514s] -- Up-to-date: /home/ros-learner/mnt/ws/install/turtlebot3_localization/share/ament_index/resource_index/parent_prefix_path/turtlebot3_localization
[0.514s] -- Up-to-date: /home/ros-learner/mnt/ws/install/turtlebot3_localization/share/turtlebot3_localization/environment/ament_prefix_path.sh
[0.514s] -- Installing: /home/ros-learner/mnt/ws/install/turtlebot3_localization/share/turtlebot3_localization/environment/ament_prefix_path.dsv
[0.514s] -- Up-to-date: /home/ros-learner/mnt/ws/install/turtlebot3_localization/share/turtlebot3_localization/environment/path.sh
[0.514s] -- Installing: /home/ros-learner/mnt/ws/install/turtlebot3_localization/share/turtlebot3_localization/environment/path.dsv
[0.514s] -- Up-to-date: /home/ros-learner/mnt/ws/install/turtlebot3_localization/share/turtlebot3_localization/local_setup.bash
[0.514s] -- Up-to-date: /home/ros-learner/mnt/ws/install/turtlebot3_localization/share/turtlebot3_localization/local_setup.sh
[0.514s] -- Up-to-date: /home/ros-learner/mnt/ws/install/turtlebot3_localization/share/turtlebot3_localization/local_setup.zsh
[0.514s] -- Installing: /home/ros-learner/mnt/ws/install/turtlebot3_localization/share/turtlebot3_localization/local_setup.dsv
[0.514s] -- Installing: /home/ros-learner/mnt/ws/install/turtlebot3_localization/share/turtlebot3_localization/package.dsv
[0.514s] -- Up-to-date: /home/ros-learner/mnt/ws/install/turtlebot3_localization/share/ament_index/resource_index/packages/turtlebot3_localization
[0.514s] -- Up-to-date: /home/ros-learner/mnt/ws/install/turtlebot3_localization/share/turtlebot3_localization/cmake/turtlebot3_localizationConfig.cmake
[0.514s] -- Up-to-date: /home/ros-learner/mnt/ws/install/turtlebot3_localization/share/turtlebot3_localization/cmake/turtlebot3_localizationConfig-version.cmake
[0.515s] -- Installing: /home/ros-learner/mnt/ws/install/turtlebot3_localization/share/turtlebot3_localization/package.xml
[0.516s] Invoked command in '/home/ros-learner/mnt/ws/build/turtlebot3_localization' returned '0': CMAKE_PREFIX_PATH=${CMAKE_PREFIX_PATH}:/home/ros-learner/mnt/ws/install/turtlebot3_localization:/home/ros-learner/mnt/ws/install/turtlebot3_teleop:/home/ros-learner/mnt/ws/install/turtlebot3_example:/opt/ros/humble /usr/bin/cmake --install /home/ros-learner/mnt/ws/build/turtlebot3_localization
