[0.273s] Invoking command in '/home/ros-learner/mnt/ws/build/turtlebot3_localization': CMAKE_PREFIX_PATH=${CMAKE_PREFIX_PATH}:/home/ros-learner/mnt/ws/install/turtlebot3_localization:/home/ros-learner/mnt/ws/install/turtlebot3_teleop:/home/ros-learner/mnt/ws/install/turtlebot3_example:/opt/ros/humble /usr/bin/cmake --build /home/ros-learner/mnt/ws/build/turtlebot3_localization -- -j16 -l16
[0.289s] -- Found ament_cmake: 1.3.10 (/opt/ros/humble/share/ament_cmake/cmake)
[0.415s] -- Found nav2_common: 1.1.16 (/opt/ros/humble/share/nav2_common/cmake)
[0.418s] -- Found navigation2: 1.1.16 (/opt/ros/humble/share/navigation2/cmake)
[0.418s] -- Found ament_lint_auto: 0.12.11 (/opt/ros/humble/share/ament_lint_auto/cmake)
[0.483s] -- Added test 'flake8' to check Python code syntax and style conventions
[0.484s] -- Added test 'lint_cmake' to check CMake code style
[0.485s] -- Added test 'pep257' to check Python code against some of the docstring style conventions in PEP 257
[0.485s] -- Added test 'xmllint' to check XML markup files
[0.485s] -- Configuring done
[0.486s] -- Generating done
[0.488s] -- Build files have been written to: /home/ros-learner/mnt/ws/build/turtlebot3_localization
[0.503s] Invoked command in '/home/ros-learner/mnt/ws/build/turtlebot3_localization' returned '0': CMAKE_PREFIX_PATH=${CMAKE_PREFIX_PATH}:/home/ros-learner/mnt/ws/install/turtlebot3_localization:/home/ros-learner/mnt/ws/install/turtlebot3_teleop:/home/ros-learner/mnt/ws/install/turtlebot3_example:/opt/ros/humble /usr/bin/cmake --build /home/ros-learner/mnt/ws/build/turtlebot3_localization -- -j16 -l16
[0.520s] Invoking command in '/home/ros-learner/mnt/ws/build/turtlebot3_localization': CMAKE_PREFIX_PATH=${CMAKE_PREFIX_PATH}:/home/ros-learner/mnt/ws/install/turtlebot3_localization:/home/ros-learner/mnt/ws/install/turtlebot3_teleop:/home/ros-learner/mnt/ws/install/turtlebot3_example:/opt/ros/humble /usr/bin/cmake --install /home/ros-learner/mnt/ws/build/turtlebot3_localization
[0.526s] -- Install configuration: ""
[0.527s] -- Installing: /home/ros-learner/mnt/ws/install/turtlebot3_localization/share/turtlebot3_localization/launch
[0.527s] -- Installing: /home/ros-learner/mnt/ws/install/turtlebot3_localization/share/turtlebot3_localization/launch/nav2_amcl.launch.py
[0.527s] [31mCMake Error at cmake_install.cmake:50 (file):
[0.527s]   file INSTALL cannot find
[0.527s]   "/home/ros-learner/mnt/ws/src/turtlebot3_localization/maps": No such file
[0.527s]   or directory.
[0.527s] 
[0.527s] [0m
[0.530s] Invoked command in '/home/ros-learner/mnt/ws/build/turtlebot3_localization' returned '1': CMAKE_PREFIX_PATH=${CMAKE_PREFIX_PATH}:/home/ros-learner/mnt/ws/install/turtlebot3_localization:/home/ros-learner/mnt/ws/install/turtlebot3_teleop:/home/ros-learner/mnt/ws/install/turtlebot3_example:/opt/ros/humble /usr/bin/cmake --install /home/ros-learner/mnt/ws/build/turtlebot3_localization
