running develop
running egg_info
creating turtlebot3_example.egg-info
writing turtlebot3_example.egg-info/PKG-INFO
writing dependency_links to turtlebot3_example.egg-info/dependency_links.txt
writing entry points to turtlebot3_example.egg-info/entry_points.txt
writing requirements to turtlebot3_example.egg-info/requires.txt
writing top-level names to turtlebot3_example.egg-info/top_level.txt
writing manifest file 'turtlebot3_example.egg-info/SOURCES.txt'
reading manifest file 'turtlebot3_example.egg-info/SOURCES.txt'
writing manifest file 'turtlebot3_example.egg-info/SOURCES.txt'
running build_ext
Creating /home/ros-learner/mnt/ws/install/turtlebot3_example/lib/python3.10/site-packages/turtlebot3-example.egg-link (link to .)
Installing turtlebot3_obstacle_detection script to /home/ros-learner/mnt/ws/install/turtlebot3_example/lib/turtlebot3_example
Installing turtlebot3_patrol_client script to /home/ros-learner/mnt/ws/install/turtlebot3_example/lib/turtlebot3_example
Installing turtlebot3_patrol_server script to /home/ros-learner/mnt/ws/install/turtlebot3_example/lib/turtlebot3_example
Installing turtlebot3_position_control script to /home/ros-learner/mnt/ws/install/turtlebot3_example/lib/turtlebot3_example

Installed /home/ros-learner/mnt/ws/build/turtlebot3_example
running symlink_data
creating /home/ros-learner/mnt/ws/install/turtlebot3_example/share/ament_index
creating /home/ros-learner/mnt/ws/install/turtlebot3_example/share/ament_index/resource_index
creating /home/ros-learner/mnt/ws/install/turtlebot3_example/share/ament_index/resource_index/packages
symbolically linking /home/ros-learner/mnt/ws/build/turtlebot3_example/resource/turtlebot3_example -> /home/ros-learner/mnt/ws/install/turtlebot3_example/share/ament_index/resource_index/packages
symbolically linking /home/ros-learner/mnt/ws/build/turtlebot3_example/package.xml -> /home/ros-learner/mnt/ws/install/turtlebot3_example/share/turtlebot3_example
