[0.659s] Invoking command in '/home/ros-learner/mnt/ws/build/turtlebot3_example': AMENT_PREFIX_PATH=/home/ros-learner/mnt/ws/install/turtlebot3_msgs:${AMENT_PREFIX_PATH} CMAKE_PREFIX_PATH=/home/ros-learner/mnt/ws/install/turtlebot3_msgs LD_LIBRARY_PATH=/home/ros-learner/mnt/ws/install/turtlebot3_msgs/lib:/usr/lib/x86_64-linux-gnu/gazebo-11/plugins:/opt/ros/humble/opt/rviz_ogre_vendor/lib:/opt/ros/humble/lib/x86_64-linux-gnu:/opt/ros/humble/lib:/usr/lib/x86_64-linux-gnu/gazebo-11/plugins PYTHONPATH=/home/ros-learner/mnt/ws/build/turtlebot3_example/prefix_override:/usr/lib/python3/dist-packages/colcon_core/task/python/colcon_distutils_commands:/home/ros-learner/mnt/ws/install/turtlebot3_example/lib/python3.10/site-packages:/home/ros-learner/mnt/ws/install/turtlebot3_msgs/local/lib/python3.10/dist-packages:${PYTHONPATH} /usr/bin/python3 -W ignore:setup.py install is deprecated setup.py develop --editable --build-directory /home/ros-learner/mnt/ws/build/turtlebot3_example/build --no-deps symlink_data
[0.907s] running develop
[0.907s] /usr/lib/python3/dist-packages/setuptools/command/easy_install.py:158: EasyInstallDeprecationWarning: easy_install command is deprecated. Use build and pip and other standards-based tools.
[0.907s]   warnings.warn(
[1.045s] running egg_info
[1.045s] creating turtlebot3_example.egg-info
[1.045s] writing turtlebot3_example.egg-info/PKG-INFO
[1.045s] writing dependency_links to turtlebot3_example.egg-info/dependency_links.txt
[1.045s] writing entry points to turtlebot3_example.egg-info/entry_points.txt
[1.045s] writing requirements to turtlebot3_example.egg-info/requires.txt
[1.046s] writing top-level names to turtlebot3_example.egg-info/top_level.txt
[1.046s] writing manifest file 'turtlebot3_example.egg-info/SOURCES.txt'
[1.048s] reading manifest file 'turtlebot3_example.egg-info/SOURCES.txt'
[1.049s] writing manifest file 'turtlebot3_example.egg-info/SOURCES.txt'
[1.050s] running build_ext
[1.051s] Creating /home/ros-learner/mnt/ws/install/turtlebot3_example/lib/python3.10/site-packages/turtlebot3-example.egg-link (link to .)
[1.051s] Installing turtlebot3_obstacle_detection script to /home/ros-learner/mnt/ws/install/turtlebot3_example/lib/turtlebot3_example
[1.051s] Installing turtlebot3_patrol_client script to /home/ros-learner/mnt/ws/install/turtlebot3_example/lib/turtlebot3_example
[1.052s] Installing turtlebot3_patrol_server script to /home/ros-learner/mnt/ws/install/turtlebot3_example/lib/turtlebot3_example
[1.052s] Installing turtlebot3_position_control script to /home/ros-learner/mnt/ws/install/turtlebot3_example/lib/turtlebot3_example
[1.052s] 
[1.052s] Installed /home/ros-learner/mnt/ws/build/turtlebot3_example
[1.052s] running symlink_data
[1.052s] creating /home/ros-learner/mnt/ws/install/turtlebot3_example/share/ament_index
[1.052s] creating /home/ros-learner/mnt/ws/install/turtlebot3_example/share/ament_index/resource_index
[1.052s] creating /home/ros-learner/mnt/ws/install/turtlebot3_example/share/ament_index/resource_index/packages
[1.053s] symbolically linking /home/ros-learner/mnt/ws/build/turtlebot3_example/resource/turtlebot3_example -> /home/ros-learner/mnt/ws/install/turtlebot3_example/share/ament_index/resource_index/packages
[1.053s] symbolically linking /home/ros-learner/mnt/ws/build/turtlebot3_example/package.xml -> /home/ros-learner/mnt/ws/install/turtlebot3_example/share/turtlebot3_example
[1.087s] Invoked command in '/home/ros-learner/mnt/ws/build/turtlebot3_example' returned '0': AMENT_PREFIX_PATH=/home/ros-learner/mnt/ws/install/turtlebot3_msgs:${AMENT_PREFIX_PATH} CMAKE_PREFIX_PATH=/home/ros-learner/mnt/ws/install/turtlebot3_msgs LD_LIBRARY_PATH=/home/ros-learner/mnt/ws/install/turtlebot3_msgs/lib:/usr/lib/x86_64-linux-gnu/gazebo-11/plugins:/opt/ros/humble/opt/rviz_ogre_vendor/lib:/opt/ros/humble/lib/x86_64-linux-gnu:/opt/ros/humble/lib:/usr/lib/x86_64-linux-gnu/gazebo-11/plugins PYTHONPATH=/home/ros-learner/mnt/ws/build/turtlebot3_example/prefix_override:/usr/lib/python3/dist-packages/colcon_core/task/python/colcon_distutils_commands:/home/ros-learner/mnt/ws/install/turtlebot3_example/lib/python3.10/site-packages:/home/ros-learner/mnt/ws/install/turtlebot3_msgs/local/lib/python3.10/dist-packages:${PYTHONPATH} /usr/bin/python3 -W ignore:setup.py install is deprecated setup.py develop --editable --build-directory /home/ros-learner/mnt/ws/build/turtlebot3_example/build --no-deps symlink_data
