[0.044s] Invoking command in '/home/ros-learner/mnt/ws/build/turtlebot3_description': CMAKE_PREFIX_PATH=/opt/ros/humble /usr/bin/cmake /home/ros-learner/mnt/ws/src/turtlebot3/turtlebot3_description -DAMENT_CMAKE_SYMLINK_INSTALL=1 -DCMAKE_INSTALL_PREFIX=/home/ros-learner/mnt/ws/install/turtlebot3_description
[0.109s] -- The C compiler identification is GNU 11.4.0
[0.161s] -- The CXX compiler identification is GNU 11.4.0
[0.170s] -- Detecting C compiler ABI info
[0.255s] -- Detecting C compiler ABI info - done
[0.260s] -- Check for working C compiler: /usr/bin/cc - skipped
[0.261s] -- Detecting C compile features
[0.261s] -- Detecting C compile features - done
[0.263s] -- Detecting CXX compiler ABI info
[0.372s] -- Detecting CXX compiler ABI info - done
[0.393s] -- Check for working CXX compiler: /usr/bin/c++ - skipped
[0.393s] -- Detecting CXX compile features
[0.393s] -- Detecting CXX compile features - done
[0.396s] -- Found ament_cmake: 1.3.10 (/opt/ros/humble/share/ament_cmake/cmake)
[0.605s] -- Found Python3: /usr/bin/python3 (found version "3.10.12") found components: Interpreter 
[0.703s] -- Override CMake install command with custom implementation using symlinks instead of copying resources
[0.746s] -- Found urdf: 2.6.0 (/opt/ros/humble/share/urdf/cmake)
[0.905s] -- Configuring done
[0.908s] -- Generating done
[0.914s] -- Build files have been written to: /home/ros-learner/mnt/ws/build/turtlebot3_description
[0.957s] Invoked command in '/home/ros-learner/mnt/ws/build/turtlebot3_description' returned '0': CMAKE_PREFIX_PATH=/opt/ros/humble /usr/bin/cmake /home/ros-learner/mnt/ws/src/turtlebot3/turtlebot3_description -DAMENT_CMAKE_SYMLINK_INSTALL=1 -DCMAKE_INSTALL_PREFIX=/home/ros-learner/mnt/ws/install/turtlebot3_description
[0.957s] Invoking command in '/home/ros-learner/mnt/ws/build/turtlebot3_description': CMAKE_PREFIX_PATH=/opt/ros/humble /usr/bin/cmake --build /home/ros-learner/mnt/ws/build/turtlebot3_description -- -j16 -l16
[1.024s] Invoked command in '/home/ros-learner/mnt/ws/build/turtlebot3_description' returned '0': CMAKE_PREFIX_PATH=/opt/ros/humble /usr/bin/cmake --build /home/ros-learner/mnt/ws/build/turtlebot3_description -- -j16 -l16
[1.079s] Invoking command in '/home/ros-learner/mnt/ws/build/turtlebot3_description': CMAKE_PREFIX_PATH=/opt/ros/humble /usr/bin/cmake --install /home/ros-learner/mnt/ws/build/turtlebot3_description
[1.094s] -- Install configuration: ""
[1.094s] -- Execute custom install script
[1.094s] -- Symlinking: /home/ros-learner/mnt/ws/install/turtlebot3_description/share/turtlebot3_description/meshes/bases/burger_base.stl
[1.113s] -- Symlinking: /home/ros-learner/mnt/ws/install/turtlebot3_description/share/turtlebot3_description/meshes/bases/waffle_base.stl
[1.131s] -- Symlinking: /home/ros-learner/mnt/ws/install/turtlebot3_description/share/turtlebot3_description/meshes/bases/waffle_pi_base.stl
[1.148s] -- Symlinking: /home/ros-learner/mnt/ws/install/turtlebot3_description/share/turtlebot3_description/meshes/sensors/astra.dae
[1.160s] -- Symlinking: /home/ros-learner/mnt/ws/install/turtlebot3_description/share/turtlebot3_description/meshes/sensors/astra.jpg
[1.177s] -- Symlinking: /home/ros-learner/mnt/ws/install/turtlebot3_description/share/turtlebot3_description/meshes/sensors/lds.stl
[1.191s] -- Symlinking: /home/ros-learner/mnt/ws/install/turtlebot3_description/share/turtlebot3_description/meshes/sensors/r200.dae
[1.208s] -- Symlinking: /home/ros-learner/mnt/ws/install/turtlebot3_description/share/turtlebot3_description/meshes/sensors/r200.jpg
[1.231s] -- Symlinking: /home/ros-learner/mnt/ws/install/turtlebot3_description/share/turtlebot3_description/meshes/wheels/left_tire.stl
[1.259s] -- Symlinking: /home/ros-learner/mnt/ws/install/turtlebot3_description/share/turtlebot3_description/meshes/wheels/right_tire.stl
[1.277s] -- Symlinking: /home/ros-learner/mnt/ws/install/turtlebot3_description/share/turtlebot3_description/rviz/model.rviz
[1.303s] -- Symlinking: /home/ros-learner/mnt/ws/install/turtlebot3_description/share/turtlebot3_description/urdf/common_properties.urdf
[1.328s] -- Symlinking: /home/ros-learner/mnt/ws/install/turtlebot3_description/share/turtlebot3_description/urdf/turtlebot3_burger.urdf
[1.345s] -- Symlinking: /home/ros-learner/mnt/ws/install/turtlebot3_description/share/turtlebot3_description/urdf/turtlebot3_waffle.urdf
[1.358s] -- Symlinking: /home/ros-learner/mnt/ws/install/turtlebot3_description/share/turtlebot3_description/urdf/turtlebot3_waffle_pi.urdf
[1.371s] -- Symlinking: /home/ros-learner/mnt/ws/install/turtlebot3_description/share/ament_index/resource_index/package_run_dependencies/turtlebot3_description
[1.382s] -- Symlinking: /home/ros-learner/mnt/ws/install/turtlebot3_description/share/ament_index/resource_index/parent_prefix_path/turtlebot3_description
[1.398s] -- Symlinking: /home/ros-learner/mnt/ws/install/turtlebot3_description/share/turtlebot3_description/environment/ament_prefix_path.sh
[1.417s] -- Symlinking: /home/ros-learner/mnt/ws/install/turtlebot3_description/share/turtlebot3_description/environment/ament_prefix_path.dsv
[1.429s] -- Symlinking: /home/ros-learner/mnt/ws/install/turtlebot3_description/share/turtlebot3_description/environment/path.sh
[1.442s] -- Symlinking: /home/ros-learner/mnt/ws/install/turtlebot3_description/share/turtlebot3_description/environment/path.dsv
[1.450s] -- Symlinking: /home/ros-learner/mnt/ws/install/turtlebot3_description/share/turtlebot3_description/local_setup.bash
[1.461s] -- Symlinking: /home/ros-learner/mnt/ws/install/turtlebot3_description/share/turtlebot3_description/local_setup.sh
[1.470s] -- Symlinking: /home/ros-learner/mnt/ws/install/turtlebot3_description/share/turtlebot3_description/local_setup.zsh
[1.479s] -- Symlinking: /home/ros-learner/mnt/ws/install/turtlebot3_description/share/turtlebot3_description/local_setup.dsv
[1.488s] -- Symlinking: /home/ros-learner/mnt/ws/install/turtlebot3_description/share/turtlebot3_description/package.dsv
[1.499s] -- Symlinking: /home/ros-learner/mnt/ws/install/turtlebot3_description/share/ament_index/resource_index/packages/turtlebot3_description
[1.512s] -- Symlinking: /home/ros-learner/mnt/ws/install/turtlebot3_description/share/turtlebot3_description/cmake/turtlebot3_descriptionConfig.cmake
[1.523s] -- Symlinking: /home/ros-learner/mnt/ws/install/turtlebot3_description/share/turtlebot3_description/cmake/turtlebot3_descriptionConfig-version.cmake
[1.532s] -- Symlinking: /home/ros-learner/mnt/ws/install/turtlebot3_description/share/turtlebot3_description/package.xml
[1.544s] Invoked command in '/home/ros-learner/mnt/ws/build/turtlebot3_description' returned '0': CMAKE_PREFIX_PATH=/opt/ros/humble /usr/bin/cmake --install /home/ros-learner/mnt/ws/build/turtlebot3_description
