[0.032s] Invoking command in '/home/ros-learner/mnt/ws/build/turtlebot3_gazebo': CMAKE_PREFIX_PATH=/opt/ros/humble /usr/bin/cmake /home/ros-learner/mnt/ws/src/turtlebot3_simulations/turtlebot3_gazebo -DAMENT_CMAKE_SYMLINK_INSTALL=1 -DCMAKE_INSTALL_PREFIX=/home/ros-learner/mnt/ws/install/turtlebot3_gazebo
[0.094s] -- The C compiler identification is GNU 11.4.0
[0.149s] -- The CXX compiler identification is GNU 11.4.0
[0.157s] -- Detecting C compiler ABI info
[0.234s] -- Detecting C compiler ABI info - done
[0.242s] -- Check for working C compiler: /usr/bin/cc - skipped
[0.242s] -- Detecting C compile features
[0.242s] -- Detecting C compile features - done
[0.245s] -- Detecting CXX compiler ABI info
[0.357s] -- Detecting CXX compiler ABI info - done
[0.373s] -- Check for working CXX compiler: /usr/bin/c++ - skipped
[0.373s] -- Detecting CXX compile features
[0.374s] -- Detecting CXX compile features - done
[0.375s] -- Found ament_cmake: 1.3.10 (/opt/ros/humble/share/ament_cmake/cmake)
[0.576s] -- Found Python3: /usr/bin/python3 (found version "3.10.12") found components: Interpreter 
[0.649s] -- Override CMake install command with custom implementation using symlinks instead of copying resources
[0.694s] [33mCMake Warning (dev) at /usr/share/cmake-3.22/Modules/FindPackageHandleStandardArgs.cmake:438 (message):
[0.695s]   The package name passed to `find_package_handle_standard_args` (PkgConfig)
[0.695s]   does not match the name of the calling package (gazebo).  This can lead to
[0.695s]   problems in calling code that expects `find_package` result variables
[0.695s]   (e.g., `_FOUND`) to follow a certain pattern.
[0.695s] Call Stack (most recent call first):
[0.695s] -- Found PkgConfig: /usr/bin/pkg-config (found version "0.29.2") 
[0.695s]   /usr/share/cmake-3.22/Modules/FindPkgConfig.cmake:99 (find_package_handle_standard_args)
[0.695s]   /usr/lib/x86_64-linux-gnu/cmake/gazebo/gazebo-config.cmake:72 (include)
[0.695s]   CMakeLists.txt:23 (find_package)
[0.695s] This warning is for project developers.  Use -Wno-dev to suppress it.
[0.695s] [0m
[0.700s] -- Checking for module 'bullet>=2.82'
[0.723s] --   Found bullet, version 3.05
[0.873s] -- Found fcl: /usr/include (found suitable version "0.7.0", minimum required is "0.5.0") 
[0.993s] -- Found assimp: /usr/include (found version "5.2.0") 
[1.048s] -- Found DART: /usr/include (Required is at least version "6.6") found components: dart 
[1.415s] -- Found Boost: /usr/lib/x86_64-linux-gnu/cmake/Boost-1.74.0/BoostConfig.cmake (found suitable version "1.74.0", minimum required is "1.40.0") found components: thread system filesystem program_options regex iostreams date_time 
[1.446s] -- Found Protobuf: /usr/lib/x86_64-linux-gnu/libprotobuf.so (found version "3.12.4") 
[1.456s] -- Looking for ignition-math6 -- found version 6.15.1
[1.465s] -- Searching for dependencies of ignition-math6
[1.469s] -- Looking for OGRE...
[1.469s] -- OGRE_PREFIX_WATCH changed.
[1.476s] -- Checking for module 'OGRE'
[1.498s] --   Found OGRE, version 1.9.0
[1.530s] -- Found Ogre Ghadamon (1.9.0)
[1.551s] -- Found OGRE: optimized;/usr/lib/x86_64-linux-gnu/libOgreMain.so;debug;/usr/lib/x86_64-linux-gnu/libOgreMain.so
[1.560s] -- Looking for OGRE_Paging...
[1.565s] -- Found OGRE_Paging: optimized;/usr/lib/x86_64-linux-gnu/libOgrePaging.so;debug;/usr/lib/x86_64-linux-gnu/libOgrePaging.so
[1.565s] -- Looking for OGRE_Terrain...
[1.570s] -- Found OGRE_Terrain: optimized;/usr/lib/x86_64-linux-gnu/libOgreTerrain.so;debug;/usr/lib/x86_64-linux-gnu/libOgreTerrain.so
[1.570s] -- Looking for OGRE_Property...
[1.573s] -- Found OGRE_Property: optimized;/usr/lib/x86_64-linux-gnu/libOgreProperty.so;debug;/usr/lib/x86_64-linux-gnu/libOgreProperty.so
[1.573s] -- Looking for OGRE_RTShaderSystem...
[1.577s] -- Found OGRE_RTShaderSystem: optimized;/usr/lib/x86_64-linux-gnu/libOgreRTShaderSystem.so;debug;/usr/lib/x86_64-linux-gnu/libOgreRTShaderSystem.so
[1.577s] -- Looking for OGRE_Volume...
[1.585s] -- Found OGRE_Volume: optimized;/usr/lib/x86_64-linux-gnu/libOgreVolume.so;debug;/usr/lib/x86_64-linux-gnu/libOgreVolume.so
[1.585s] -- Looking for OGRE_Overlay...
[1.589s] -- Found OGRE_Overlay: optimized;/usr/lib/x86_64-linux-gnu/libOgreOverlay.so;debug;/usr/lib/x86_64-linux-gnu/libOgreOverlay.so
[1.765s] -- Looking for ignition-math6 -- found version 6.15.1
[1.768s] -- Looking for ignition-transport8 -- found version 8.2.1
[1.768s] -- Searching for dependencies of ignition-transport8
[1.791s] -- Found Protobuf: /usr/lib/x86_64-linux-gnu/libprotobuf.so (found suitable version "3.12.4", minimum required is "3") 
[1.806s] -- Config-file not installed for ZeroMQ -- checking for pkg-config
[1.812s] -- Checking for module 'libzmq >= 4'
[1.833s] --   Found libzmq , version 4.3.4
[1.886s] -- Found ZeroMQ: TRUE (Required is at least version "4") 
[1.893s] -- Checking for module 'uuid'
[1.908s] --   Found uuid, version 2.37.2
[1.954s] -- Found UUID: TRUE  
[1.956s] -- Looking for ignition-msgs5 -- found version 5.8.1
[1.957s] -- Searching for dependencies of ignition-msgs5
[1.988s] -- Looking for ignition-math6 -- found version 6.15.1
[1.997s] -- Checking for module 'tinyxml2'
[2.021s] --   Found tinyxml2, version 9.0.0
[2.057s] -- Looking for ignition-msgs5 -- found version 5.8.1
[2.060s] -- Looking for ignition-common3 -- found version 3.14.0
[2.061s] -- Searching for dependencies of ignition-common3
[2.061s] -- Looking for dlfcn.h - found
[2.063s] -- Looking for libdl - found
[2.065s] -- Found DL: TRUE  
[2.082s] -- Found tinyobjloader: /usr/lib/x86_64-linux-gnu/cmake/tinyobjloader/tinyobjloader-config.cmake (found version "2.0.0") 
[2.083s] -- Searching for <ignition-common3> component [graphics]
[2.085s] -- Looking for ignition-common3-graphics -- found version 3.14.0
[2.086s] -- Searching for dependencies of ignition-common3-graphics
[2.086s] -- Looking for ignition-math6 -- found version 6.15.1
[2.090s] -- Looking for ignition-fuel_tools4 -- found version 4.4.0
[2.090s] -- Searching for dependencies of ignition-fuel_tools4
[2.190s] -- Found CURL: /usr/lib/x86_64-linux-gnu/libcurl.so (found version "7.81.0")  
[2.201s] -- Checking for module 'jsoncpp'
[2.214s] --   Found jsoncpp, version 1.9.5
[2.248s] -- Found JSONCPP: TRUE  
[2.253s] -- Checking for module 'libzip'
[2.266s] --   Found libzip, version 1.7.3
[2.295s] -- Found ZIP: TRUE  
[2.295s] -- Looking for ignition-common3 -- found version 3.14.0
[2.296s] -- Looking for ignition-math6 -- found version 6.15.1
[2.296s] -- Looking for ignition-msgs5 -- found version 5.8.1
[2.304s] -- Found gazebo_ros_pkgs: 3.7.0 (/opt/ros/humble/share/gazebo_ros_pkgs/cmake)
[2.306s] -- Found geometry_msgs: 4.2.4 (/opt/ros/humble/share/geometry_msgs/cmake)
[2.336s] -- Found rosidl_generator_c: 3.1.5 (/opt/ros/humble/share/rosidl_generator_c/cmake)
[2.341s] -- Found rosidl_adapter: 3.1.5 (/opt/ros/humble/share/rosidl_adapter/cmake)
[2.353s] -- Found rosidl_generator_cpp: 3.1.5 (/opt/ros/humble/share/rosidl_generator_cpp/cmake)
[2.368s] -- Using all available rosidl_typesupport_c: rosidl_typesupport_fastrtps_c;rosidl_typesupport_introspection_c
[2.389s] -- Using all available rosidl_typesupport_cpp: rosidl_typesupport_fastrtps_cpp;rosidl_typesupport_introspection_cpp
[2.437s] -- Found nav_msgs: 4.2.4 (/opt/ros/humble/share/nav_msgs/cmake)
[2.464s] -- Found rclcpp: 16.0.10 (/opt/ros/humble/share/rclcpp/cmake)
[2.529s] -- Found rmw_implementation_cmake: 6.1.2 (/opt/ros/humble/share/rmw_implementation_cmake/cmake)
[2.534s] -- Found rmw_fastrtps_cpp: 6.2.7 (/opt/ros/humble/share/rmw_fastrtps_cpp/cmake)
[2.669s] -- Found OpenSSL: /usr/lib/x86_64-linux-gnu/libcrypto.so (found version "3.0.2")  
[2.700s] -- Found FastRTPS: /opt/ros/humble/include  
[2.754s] -- Using RMW implementation 'rmw_fastrtps_cpp' as default
[2.771s] -- Found Threads: TRUE  
[2.827s] -- Found sensor_msgs: 4.2.4 (/opt/ros/humble/share/sensor_msgs/cmake)
[2.853s] -- Found tf2: 0.25.7 (/opt/ros/humble/share/tf2/cmake)
[3.007s] -- Configuring done
[3.057s] -- Generating done
[3.061s] -- Build files have been written to: /home/ros-learner/mnt/ws/build/turtlebot3_gazebo
[3.104s] Invoked command in '/home/ros-learner/mnt/ws/build/turtlebot3_gazebo' returned '0': CMAKE_PREFIX_PATH=/opt/ros/humble /usr/bin/cmake /home/ros-learner/mnt/ws/src/turtlebot3_simulations/turtlebot3_gazebo -DAMENT_CMAKE_SYMLINK_INSTALL=1 -DCMAKE_INSTALL_PREFIX=/home/ros-learner/mnt/ws/install/turtlebot3_gazebo
[3.106s] Invoking command in '/home/ros-learner/mnt/ws/build/turtlebot3_gazebo': CMAKE_PREFIX_PATH=/opt/ros/humble /usr/bin/cmake --build /home/ros-learner/mnt/ws/build/turtlebot3_gazebo -- -j16 -l16
[3.198s] [ 12%] [32mBuilding CXX object CMakeFiles/obstacle1.dir/models/turtlebot3_dqn_world/obstacle_plugin/obstacle1.cc.o[0m
[3.214s] [ 25%] [32mBuilding CXX object CMakeFiles/obstacle2.dir/models/turtlebot3_dqn_world/obstacle_plugin/obstacle2.cc.o[0m
[3.215s] [ 37%] [32mBuilding CXX object CMakeFiles/turtlebot3_drive.dir/src/turtlebot3_drive.cpp.o[0m
[3.215s] [ 50%] [32mBuilding CXX object CMakeFiles/obstacles.dir/models/turtlebot3_dqn_world/obstacle_plugin/obstacles.cc.o[0m
[19.965s] [ 62%] [32m[1mLinking CXX executable turtlebot3_drive[0m
[20.274s] [ 75%] [32m[1mLinking CXX shared library libobstacles.so[0m
[20.282s] [ 87%] [32m[1mLinking CXX shared library libobstacle1.so[0m
[20.430s] [100%] [32m[1mLinking CXX shared library libobstacle2.so[0m
[20.766s] [100%] Built target obstacle1
[20.767s] [100%] Built target obstacles
[20.767s] [100%] Built target obstacle2
[20.924s] [100%] Built target turtlebot3_drive
[20.934s] Invoked command in '/home/ros-learner/mnt/ws/build/turtlebot3_gazebo' returned '0': CMAKE_PREFIX_PATH=/opt/ros/humble /usr/bin/cmake --build /home/ros-learner/mnt/ws/build/turtlebot3_gazebo -- -j16 -l16
[20.958s] Invoking command in '/home/ros-learner/mnt/ws/build/turtlebot3_gazebo': CMAKE_PREFIX_PATH=/opt/ros/humble /usr/bin/cmake --install /home/ros-learner/mnt/ws/build/turtlebot3_gazebo
[20.964s] -- Install configuration: ""
[20.964s] -- Execute custom install script
[20.965s] -- Symlinking: /home/ros-learner/mnt/ws/install/turtlebot3_gazebo/lib/turtlebot3_gazebo/turtlebot3_drive
[20.972s] -- Symlinking: /home/ros-learner/mnt/ws/install/turtlebot3_gazebo/share/turtlebot3_gazebo//launch/empty_world.launch.py
[20.979s] -- Symlinking: /home/ros-learner/mnt/ws/install/turtlebot3_gazebo/share/turtlebot3_gazebo//launch/robot_state_publisher.launch.py
[20.987s] -- Symlinking: /home/ros-learner/mnt/ws/install/turtlebot3_gazebo/share/turtlebot3_gazebo//launch/spawn_turtlebot3.launch.py
[20.993s] -- Symlinking: /home/ros-learner/mnt/ws/install/turtlebot3_gazebo/share/turtlebot3_gazebo//launch/turtlebot3_dqn_stage1.launch.py
[21.001s] -- Symlinking: /home/ros-learner/mnt/ws/install/turtlebot3_gazebo/share/turtlebot3_gazebo//launch/turtlebot3_dqn_stage2.launch.py
[21.007s] -- Symlinking: /home/ros-learner/mnt/ws/install/turtlebot3_gazebo/share/turtlebot3_gazebo//launch/turtlebot3_dqn_stage3.launch.py
[21.014s] -- Symlinking: /home/ros-learner/mnt/ws/install/turtlebot3_gazebo/share/turtlebot3_gazebo//launch/turtlebot3_dqn_stage4.launch.py
[21.021s] -- Symlinking: /home/ros-learner/mnt/ws/install/turtlebot3_gazebo/share/turtlebot3_gazebo//launch/turtlebot3_house.launch.py
[21.028s] -- Symlinking: /home/ros-learner/mnt/ws/install/turtlebot3_gazebo/share/turtlebot3_gazebo//launch/turtlebot3_world.launch.py
[21.037s] -- Symlinking: /home/ros-learner/mnt/ws/install/turtlebot3_gazebo/share/turtlebot3_gazebo//models/turtlebot3_burger/model-1_4.sdf
[21.044s] -- Symlinking: /home/ros-learner/mnt/ws/install/turtlebot3_gazebo/share/turtlebot3_gazebo//models/turtlebot3_burger/model.config
[21.051s] -- Symlinking: /home/ros-learner/mnt/ws/install/turtlebot3_gazebo/share/turtlebot3_gazebo//models/turtlebot3_burger/model.sdf
[21.057s] -- Symlinking: /home/ros-learner/mnt/ws/install/turtlebot3_gazebo/share/turtlebot3_gazebo//models/turtlebot3_common/meshes/burger_base.dae
[21.064s] -- Symlinking: /home/ros-learner/mnt/ws/install/turtlebot3_gazebo/share/turtlebot3_gazebo//models/turtlebot3_common/meshes/lds.dae
[21.071s] -- Symlinking: /home/ros-learner/mnt/ws/install/turtlebot3_gazebo/share/turtlebot3_gazebo//models/turtlebot3_common/meshes/r200.dae
[21.078s] -- Symlinking: /home/ros-learner/mnt/ws/install/turtlebot3_gazebo/share/turtlebot3_gazebo//models/turtlebot3_common/meshes/tire.dae
[21.087s] -- Symlinking: /home/ros-learner/mnt/ws/install/turtlebot3_gazebo/share/turtlebot3_gazebo//models/turtlebot3_common/meshes/waffle_base.dae
[21.094s] -- Symlinking: /home/ros-learner/mnt/ws/install/turtlebot3_gazebo/share/turtlebot3_gazebo//models/turtlebot3_common/meshes/waffle_pi_base.dae
[21.102s] -- Symlinking: /home/ros-learner/mnt/ws/install/turtlebot3_gazebo/share/turtlebot3_gazebo//models/turtlebot3_common/model.config
[21.108s] -- Symlinking: /home/ros-learner/mnt/ws/install/turtlebot3_gazebo/share/turtlebot3_gazebo//models/turtlebot3_dqn_world/goal_box/model.config
[21.115s] -- Symlinking: /home/ros-learner/mnt/ws/install/turtlebot3_gazebo/share/turtlebot3_gazebo//models/turtlebot3_dqn_world/goal_box/model.sdf
[21.122s] -- Symlinking: /home/ros-learner/mnt/ws/install/turtlebot3_gazebo/share/turtlebot3_gazebo//models/turtlebot3_dqn_world/inner_walls/model.config
[21.129s] -- Symlinking: /home/ros-learner/mnt/ws/install/turtlebot3_gazebo/share/turtlebot3_gazebo//models/turtlebot3_dqn_world/inner_walls/model.sdf
[21.135s] -- Symlinking: /home/ros-learner/mnt/ws/install/turtlebot3_gazebo/share/turtlebot3_gazebo//models/turtlebot3_dqn_world/model.config
[21.143s] -- Symlinking: /home/ros-learner/mnt/ws/install/turtlebot3_gazebo/share/turtlebot3_gazebo//models/turtlebot3_dqn_world/model.sdf
[21.149s] -- Symlinking: /home/ros-learner/mnt/ws/install/turtlebot3_gazebo/share/turtlebot3_gazebo//models/turtlebot3_dqn_world/obstacle1/model.config
[21.156s] -- Symlinking: /home/ros-learner/mnt/ws/install/turtlebot3_gazebo/share/turtlebot3_gazebo//models/turtlebot3_dqn_world/obstacle1/model.sdf
[21.163s] -- Symlinking: /home/ros-learner/mnt/ws/install/turtlebot3_gazebo/share/turtlebot3_gazebo//models/turtlebot3_dqn_world/obstacle2/model.config
[21.169s] -- Symlinking: /home/ros-learner/mnt/ws/install/turtlebot3_gazebo/share/turtlebot3_gazebo//models/turtlebot3_dqn_world/obstacle2/model.sdf
[21.176s] -- Symlinking: /home/ros-learner/mnt/ws/install/turtlebot3_gazebo/share/turtlebot3_gazebo//models/turtlebot3_dqn_world/obstacle_plugin/CMakeLists.txt
[21.184s] -- Symlinking: /home/ros-learner/mnt/ws/install/turtlebot3_gazebo/share/turtlebot3_gazebo//models/turtlebot3_dqn_world/obstacle_plugin/obstacle1.cc
[21.192s] -- Symlinking: /home/ros-learner/mnt/ws/install/turtlebot3_gazebo/share/turtlebot3_gazebo//models/turtlebot3_dqn_world/obstacle_plugin/obstacle2.cc
[21.200s] -- Symlinking: /home/ros-learner/mnt/ws/install/turtlebot3_gazebo/share/turtlebot3_gazebo//models/turtlebot3_dqn_world/obstacle_plugin/obstacles.cc
[21.207s] -- Symlinking: /home/ros-learner/mnt/ws/install/turtlebot3_gazebo/share/turtlebot3_gazebo//models/turtlebot3_dqn_world/obstacles/model.config
[21.214s] -- Symlinking: /home/ros-learner/mnt/ws/install/turtlebot3_gazebo/share/turtlebot3_gazebo//models/turtlebot3_dqn_world/obstacles/model.sdf
[21.221s] -- Symlinking: /home/ros-learner/mnt/ws/install/turtlebot3_gazebo/share/turtlebot3_gazebo//models/turtlebot3_house/model.config
[21.228s] -- Symlinking: /home/ros-learner/mnt/ws/install/turtlebot3_gazebo/share/turtlebot3_gazebo//models/turtlebot3_house/model.sdf
[21.235s] -- Symlinking: /home/ros-learner/mnt/ws/install/turtlebot3_gazebo/share/turtlebot3_gazebo//models/turtlebot3_waffle/model-1_4.sdf
[21.241s] -- Symlinking: /home/ros-learner/mnt/ws/install/turtlebot3_gazebo/share/turtlebot3_gazebo//models/turtlebot3_waffle/model.config
[21.248s] -- Symlinking: /home/ros-learner/mnt/ws/install/turtlebot3_gazebo/share/turtlebot3_gazebo//models/turtlebot3_waffle/model.sdf
[21.255s] -- Symlinking: /home/ros-learner/mnt/ws/install/turtlebot3_gazebo/share/turtlebot3_gazebo//models/turtlebot3_waffle_pi/model-1_4_.sdf
[21.262s] -- Symlinking: /home/ros-learner/mnt/ws/install/turtlebot3_gazebo/share/turtlebot3_gazebo//models/turtlebot3_waffle_pi/model.config
[21.269s] -- Symlinking: /home/ros-learner/mnt/ws/install/turtlebot3_gazebo/share/turtlebot3_gazebo//models/turtlebot3_waffle_pi/model.sdf
[21.275s] -- Symlinking: /home/ros-learner/mnt/ws/install/turtlebot3_gazebo/share/turtlebot3_gazebo//models/turtlebot3_world/meshes/hexagon.dae
[21.283s] -- Symlinking: /home/ros-learner/mnt/ws/install/turtlebot3_gazebo/share/turtlebot3_gazebo//models/turtlebot3_world/meshes/wall.dae
[21.290s] -- Symlinking: /home/ros-learner/mnt/ws/install/turtlebot3_gazebo/share/turtlebot3_gazebo//models/turtlebot3_world/model-1_4.sdf
[21.297s] -- Symlinking: /home/ros-learner/mnt/ws/install/turtlebot3_gazebo/share/turtlebot3_gazebo//models/turtlebot3_world/model.config
[21.303s] -- Symlinking: /home/ros-learner/mnt/ws/install/turtlebot3_gazebo/share/turtlebot3_gazebo//models/turtlebot3_world/model.sdf
[21.310s] -- Symlinking: /home/ros-learner/mnt/ws/install/turtlebot3_gazebo/share/turtlebot3_gazebo//rviz/tb3_gazebo.rviz
[21.317s] -- Symlinking: /home/ros-learner/mnt/ws/install/turtlebot3_gazebo/share/turtlebot3_gazebo//urdf/common_properties.urdf
[21.324s] -- Symlinking: /home/ros-learner/mnt/ws/install/turtlebot3_gazebo/share/turtlebot3_gazebo//urdf/turtlebot3_burger.urdf
[21.331s] -- Symlinking: /home/ros-learner/mnt/ws/install/turtlebot3_gazebo/share/turtlebot3_gazebo//urdf/turtlebot3_waffle.urdf
[21.338s] -- Symlinking: /home/ros-learner/mnt/ws/install/turtlebot3_gazebo/share/turtlebot3_gazebo//urdf/turtlebot3_waffle_pi.urdf
[21.345s] -- Symlinking: /home/ros-learner/mnt/ws/install/turtlebot3_gazebo/share/turtlebot3_gazebo//worlds/empty_world.world
[21.353s] -- Symlinking: /home/ros-learner/mnt/ws/install/turtlebot3_gazebo/share/turtlebot3_gazebo//worlds/turtlebot3_dqn_stage1.world
[21.359s] -- Symlinking: /home/ros-learner/mnt/ws/install/turtlebot3_gazebo/share/turtlebot3_gazebo//worlds/turtlebot3_dqn_stage2.world
[21.368s] -- Symlinking: /home/ros-learner/mnt/ws/install/turtlebot3_gazebo/share/turtlebot3_gazebo//worlds/turtlebot3_dqn_stage3.world
[21.374s] -- Symlinking: /home/ros-learner/mnt/ws/install/turtlebot3_gazebo/share/turtlebot3_gazebo//worlds/turtlebot3_dqn_stage4.world
[21.381s] -- Symlinking: /home/ros-learner/mnt/ws/install/turtlebot3_gazebo/share/turtlebot3_gazebo//worlds/turtlebot3_house.world
[21.388s] -- Symlinking: /home/ros-learner/mnt/ws/install/turtlebot3_gazebo/share/turtlebot3_gazebo//worlds/turtlebot3_world.world
[21.395s] -- Symlinking: /home/ros-learner/mnt/ws/install/turtlebot3_gazebo/include//turtlebot3_gazebo/turtlebot3_drive.hpp
[21.402s] -- Symlinking: /home/ros-learner/mnt/ws/install/turtlebot3_gazebo/share/ament_index/resource_index/package_run_dependencies/turtlebot3_gazebo
[21.409s] -- Symlinking: /home/ros-learner/mnt/ws/install/turtlebot3_gazebo/share/ament_index/resource_index/parent_prefix_path/turtlebot3_gazebo
[21.417s] -- Symlinking: /home/ros-learner/mnt/ws/install/turtlebot3_gazebo/share/turtlebot3_gazebo/environment/ament_prefix_path.sh
[21.425s] -- Symlinking: /home/ros-learner/mnt/ws/install/turtlebot3_gazebo/share/turtlebot3_gazebo/environment/ament_prefix_path.dsv
[21.432s] -- Symlinking: /home/ros-learner/mnt/ws/install/turtlebot3_gazebo/share/turtlebot3_gazebo/environment/path.sh
[21.439s] -- Symlinking: /home/ros-learner/mnt/ws/install/turtlebot3_gazebo/share/turtlebot3_gazebo/environment/path.dsv
[21.447s] -- Symlinking: /home/ros-learner/mnt/ws/install/turtlebot3_gazebo/share/turtlebot3_gazebo/local_setup.bash
[21.453s] -- Symlinking: /home/ros-learner/mnt/ws/install/turtlebot3_gazebo/share/turtlebot3_gazebo/local_setup.sh
[21.460s] -- Symlinking: /home/ros-learner/mnt/ws/install/turtlebot3_gazebo/share/turtlebot3_gazebo/local_setup.zsh
[21.467s] -- Symlinking: /home/ros-learner/mnt/ws/install/turtlebot3_gazebo/share/turtlebot3_gazebo/local_setup.dsv
[21.474s] -- Symlinking: /home/ros-learner/mnt/ws/install/turtlebot3_gazebo/share/turtlebot3_gazebo/package.dsv
[21.481s] -- Symlinking: /home/ros-learner/mnt/ws/install/turtlebot3_gazebo/share/ament_index/resource_index/packages/turtlebot3_gazebo
[21.488s] -- Symlinking: /home/ros-learner/mnt/ws/install/turtlebot3_gazebo/share/turtlebot3_gazebo/cmake/ament_cmake_export_include_directories-extras.cmake
[21.495s] -- Symlinking: /home/ros-learner/mnt/ws/install/turtlebot3_gazebo/share/turtlebot3_gazebo/cmake/ament_cmake_export_dependencies-extras.cmake
[21.502s] -- Symlinking: /home/ros-learner/mnt/ws/install/turtlebot3_gazebo/share/turtlebot3_gazebo/cmake/turtlebot3_gazeboConfig.cmake
[21.509s] -- Symlinking: /home/ros-learner/mnt/ws/install/turtlebot3_gazebo/share/turtlebot3_gazebo/cmake/turtlebot3_gazeboConfig-version.cmake
[21.517s] -- Symlinking: /home/ros-learner/mnt/ws/install/turtlebot3_gazebo/share/turtlebot3_gazebo/package.xml
[21.524s] Invoked command in '/home/ros-learner/mnt/ws/build/turtlebot3_gazebo' returned '0': CMAKE_PREFIX_PATH=/opt/ros/humble /usr/bin/cmake --install /home/ros-learner/mnt/ws/build/turtlebot3_gazebo
