[0.033s] Invoking command in '/home/ros-learner/mnt/ws/build/turtlebot3_cartographer': CMAKE_PREFIX_PATH=/opt/ros/humble /usr/bin/cmake /home/ros-learner/mnt/ws/src/turtlebot3/turtlebot3_cartographer -DCMAKE_INSTALL_PREFIX=/home/ros-learner/mnt/ws/install/turtlebot3_cartographer
[0.269s] -- Found ament_cmake: 1.3.10 (/opt/ros/humble/share/ament_cmake/cmake)
[0.269s] -- Override CMake install command with custom implementation using symlinks instead of copying resources
[0.269s] -- Configuring done
[0.269s] -- Generating done
[0.269s] -- Build files have been written to: /home/ros-learner/mnt/ws/build/turtlebot3_cartographer
[0.272s] Invoked command in '/home/ros-learner/mnt/ws/build/turtlebot3_cartographer' returned '0': CMAKE_PREFIX_PATH=/opt/ros/humble /usr/bin/cmake /home/ros-learner/mnt/ws/src/turtlebot3/turtlebot3_cartographer -DCMAKE_INSTALL_PREFIX=/home/ros-learner/mnt/ws/install/turtlebot3_cartographer
[0.273s] Invoking command in '/home/ros-learner/mnt/ws/build/turtlebot3_cartographer': CMAKE_PREFIX_PATH=/opt/ros/humble /usr/bin/cmake --build /home/ros-learner/mnt/ws/build/turtlebot3_cartographer -- -j16 -l16
[0.304s] Invoked command in '/home/ros-learner/mnt/ws/build/turtlebot3_cartographer' returned '0': CMAKE_PREFIX_PATH=/opt/ros/humble /usr/bin/cmake --build /home/ros-learner/mnt/ws/build/turtlebot3_cartographer -- -j16 -l16
[0.329s] Invoking command in '/home/ros-learner/mnt/ws/build/turtlebot3_cartographer': CMAKE_PREFIX_PATH=/opt/ros/humble /usr/bin/cmake --install /home/ros-learner/mnt/ws/build/turtlebot3_cartographer
[0.334s] -- Install configuration: ""
[0.335s] -- Execute custom install script
[0.335s] -- Up-to-date symlink: /home/ros-learner/mnt/ws/install/turtlebot3_cartographer/share/turtlebot3_cartographer/config/turtlebot3_lds_2d.lua
[0.335s] -- Up-to-date symlink: /home/ros-learner/mnt/ws/install/turtlebot3_cartographer/share/turtlebot3_cartographer/launch/cartographer.launch.py
[0.335s] -- Up-to-date symlink: /home/ros-learner/mnt/ws/install/turtlebot3_cartographer/share/turtlebot3_cartographer/launch/occupancy_grid.launch.py
[0.335s] -- Up-to-date symlink: /home/ros-learner/mnt/ws/install/turtlebot3_cartographer/share/turtlebot3_cartographer/rviz/tb3_cartographer.rviz
[0.336s] -- Up-to-date symlink: /home/ros-learner/mnt/ws/install/turtlebot3_cartographer/share/ament_index/resource_index/package_run_dependencies/turtlebot3_cartographer
[0.336s] -- Up-to-date symlink: /home/ros-learner/mnt/ws/install/turtlebot3_cartographer/share/ament_index/resource_index/parent_prefix_path/turtlebot3_cartographer
[0.336s] -- Up-to-date symlink: /home/ros-learner/mnt/ws/install/turtlebot3_cartographer/share/turtlebot3_cartographer/environment/ament_prefix_path.sh
[0.336s] -- Up-to-date symlink: /home/ros-learner/mnt/ws/install/turtlebot3_cartographer/share/turtlebot3_cartographer/environment/ament_prefix_path.dsv
[0.336s] -- Up-to-date symlink: /home/ros-learner/mnt/ws/install/turtlebot3_cartographer/share/turtlebot3_cartographer/environment/path.sh
[0.336s] -- Up-to-date symlink: /home/ros-learner/mnt/ws/install/turtlebot3_cartographer/share/turtlebot3_cartographer/environment/path.dsv
[0.336s] -- Up-to-date symlink: /home/ros-learner/mnt/ws/install/turtlebot3_cartographer/share/turtlebot3_cartographer/local_setup.bash
[0.336s] -- Up-to-date symlink: /home/ros-learner/mnt/ws/install/turtlebot3_cartographer/share/turtlebot3_cartographer/local_setup.sh
[0.336s] -- Up-to-date symlink: /home/ros-learner/mnt/ws/install/turtlebot3_cartographer/share/turtlebot3_cartographer/local_setup.zsh
[0.337s] -- Up-to-date symlink: /home/ros-learner/mnt/ws/install/turtlebot3_cartographer/share/turtlebot3_cartographer/local_setup.dsv
[0.337s] -- Symlinking: /home/ros-learner/mnt/ws/install/turtlebot3_cartographer/share/turtlebot3_cartographer/package.dsv
[0.344s] -- Up-to-date symlink: /home/ros-learner/mnt/ws/install/turtlebot3_cartographer/share/ament_index/resource_index/packages/turtlebot3_cartographer
[0.344s] -- Up-to-date symlink: /home/ros-learner/mnt/ws/install/turtlebot3_cartographer/share/turtlebot3_cartographer/cmake/turtlebot3_cartographerConfig.cmake
[0.344s] -- Up-to-date symlink: /home/ros-learner/mnt/ws/install/turtlebot3_cartographer/share/turtlebot3_cartographer/cmake/turtlebot3_cartographerConfig-version.cmake
[0.344s] -- Up-to-date symlink: /home/ros-learner/mnt/ws/install/turtlebot3_cartographer/share/turtlebot3_cartographer/package.xml
[0.347s] Invoked command in '/home/ros-learner/mnt/ws/build/turtlebot3_cartographer' returned '0': CMAKE_PREFIX_PATH=/opt/ros/humble /usr/bin/cmake --install /home/ros-learner/mnt/ws/build/turtlebot3_cartographer
