[0.022s] Invoking command in '/home/ros-learner/mnt/ws/build/turtlebot3_navigation2': CMAKE_PREFIX_PATH=/opt/ros/humble /usr/bin/cmake /home/ros-learner/mnt/ws/src/turtlebot3/turtlebot3_navigation2 -DCMAKE_INSTALL_PREFIX=/home/ros-learner/mnt/ws/install/turtlebot3_navigation2
[0.255s] -- Found ament_cmake: 1.3.10 (/opt/ros/humble/share/ament_cmake/cmake)
[0.255s] -- Override CMake install command with custom implementation using symlinks instead of copying resources
[0.255s] -- Configuring done
[0.255s] -- Generating done
[0.255s] -- Build files have been written to: /home/ros-learner/mnt/ws/build/turtlebot3_navigation2
[0.259s] Invoked command in '/home/ros-learner/mnt/ws/build/turtlebot3_navigation2' returned '0': CMAKE_PREFIX_PATH=/opt/ros/humble /usr/bin/cmake /home/ros-learner/mnt/ws/src/turtlebot3/turtlebot3_navigation2 -DCMAKE_INSTALL_PREFIX=/home/ros-learner/mnt/ws/install/turtlebot3_navigation2
[0.260s] Invoking command in '/home/ros-learner/mnt/ws/build/turtlebot3_navigation2': CMAKE_PREFIX_PATH=/opt/ros/humble /usr/bin/cmake --build /home/ros-learner/mnt/ws/build/turtlebot3_navigation2 -- -j16 -l16
[0.290s] Invoked command in '/home/ros-learner/mnt/ws/build/turtlebot3_navigation2' returned '0': CMAKE_PREFIX_PATH=/opt/ros/humble /usr/bin/cmake --build /home/ros-learner/mnt/ws/build/turtlebot3_navigation2 -- -j16 -l16
[0.315s] Invoking command in '/home/ros-learner/mnt/ws/build/turtlebot3_navigation2': CMAKE_PREFIX_PATH=/opt/ros/humble /usr/bin/cmake --install /home/ros-learner/mnt/ws/build/turtlebot3_navigation2
[0.321s] -- Install configuration: ""
[0.322s] -- Execute custom install script
[0.322s] -- Up-to-date symlink: /home/ros-learner/mnt/ws/install/turtlebot3_navigation2/share/turtlebot3_navigation2/launch/navigation2.launch.py
[0.322s] -- Up-to-date symlink: /home/ros-learner/mnt/ws/install/turtlebot3_navigation2/share/turtlebot3_navigation2/map/map.pgm
[0.322s] -- Up-to-date symlink: /home/ros-learner/mnt/ws/install/turtlebot3_navigation2/share/turtlebot3_navigation2/map/map.yaml
[0.323s] -- Up-to-date symlink: /home/ros-learner/mnt/ws/install/turtlebot3_navigation2/share/turtlebot3_navigation2/param/burger.yaml
[0.323s] -- Up-to-date symlink: /home/ros-learner/mnt/ws/install/turtlebot3_navigation2/share/turtlebot3_navigation2/param/waffle.yaml
[0.323s] -- Up-to-date symlink: /home/ros-learner/mnt/ws/install/turtlebot3_navigation2/share/turtlebot3_navigation2/param/waffle_pi.yaml
[0.323s] -- Up-to-date symlink: /home/ros-learner/mnt/ws/install/turtlebot3_navigation2/share/turtlebot3_navigation2/rviz/tb3_navigation2.rviz
[0.323s] -- Up-to-date symlink: /home/ros-learner/mnt/ws/install/turtlebot3_navigation2/share/ament_index/resource_index/package_run_dependencies/turtlebot3_navigation2
[0.323s] -- Up-to-date symlink: /home/ros-learner/mnt/ws/install/turtlebot3_navigation2/share/ament_index/resource_index/parent_prefix_path/turtlebot3_navigation2
[0.324s] -- Up-to-date symlink: /home/ros-learner/mnt/ws/install/turtlebot3_navigation2/share/turtlebot3_navigation2/environment/ament_prefix_path.sh
[0.324s] -- Up-to-date symlink: /home/ros-learner/mnt/ws/install/turtlebot3_navigation2/share/turtlebot3_navigation2/environment/ament_prefix_path.dsv
[0.324s] -- Up-to-date symlink: /home/ros-learner/mnt/ws/install/turtlebot3_navigation2/share/turtlebot3_navigation2/environment/path.sh
[0.324s] -- Up-to-date symlink: /home/ros-learner/mnt/ws/install/turtlebot3_navigation2/share/turtlebot3_navigation2/environment/path.dsv
[0.324s] -- Up-to-date symlink: /home/ros-learner/mnt/ws/install/turtlebot3_navigation2/share/turtlebot3_navigation2/local_setup.bash
[0.324s] -- Up-to-date symlink: /home/ros-learner/mnt/ws/install/turtlebot3_navigation2/share/turtlebot3_navigation2/local_setup.sh
[0.325s] -- Up-to-date symlink: /home/ros-learner/mnt/ws/install/turtlebot3_navigation2/share/turtlebot3_navigation2/local_setup.zsh
[0.325s] -- Up-to-date symlink: /home/ros-learner/mnt/ws/install/turtlebot3_navigation2/share/turtlebot3_navigation2/local_setup.dsv
[0.325s] -- Symlinking: /home/ros-learner/mnt/ws/install/turtlebot3_navigation2/share/turtlebot3_navigation2/package.dsv
[0.332s] -- Up-to-date symlink: /home/ros-learner/mnt/ws/install/turtlebot3_navigation2/share/ament_index/resource_index/packages/turtlebot3_navigation2
[0.332s] -- Up-to-date symlink: /home/ros-learner/mnt/ws/install/turtlebot3_navigation2/share/turtlebot3_navigation2/cmake/turtlebot3_navigation2Config.cmake
[0.332s] -- Up-to-date symlink: /home/ros-learner/mnt/ws/install/turtlebot3_navigation2/share/turtlebot3_navigation2/cmake/turtlebot3_navigation2Config-version.cmake
[0.332s] -- Up-to-date symlink: /home/ros-learner/mnt/ws/install/turtlebot3_navigation2/share/turtlebot3_navigation2/package.xml
[0.344s] Invoked command in '/home/ros-learner/mnt/ws/build/turtlebot3_navigation2' returned '0': CMAKE_PREFIX_PATH=/opt/ros/humble /usr/bin/cmake --install /home/ros-learner/mnt/ws/build/turtlebot3_navigation2
