[0.009s] Invoking command in '/home/ros-learner/mnt/ws/build/dynamixel_sdk_examples': AMENT_PREFIX_PATH=/home/ros-learner/mnt/ws/install/dynamixel_sdk_custom_interfaces:/home/ros-learner/mnt/ws/install/dynamixel_sdk:${AMENT_PREFIX_PATH} CMAKE_PREFIX_PATH=/home/ros-learner/mnt/ws/install/dynamixel_sdk_custom_interfaces:/home/ros-learner/mnt/ws/install/dynamixel_sdk:/opt/ros/humble LD_LIBRARY_PATH=/home/ros-learner/mnt/ws/install/dynamixel_sdk_custom_interfaces/lib:/home/ros-learner/mnt/ws/install/dynamixel_sdk/lib:/usr/lib/x86_64-linux-gnu/gazebo-11/plugins:/opt/ros/humble/opt/rviz_ogre_vendor/lib:/opt/ros/humble/lib/x86_64-linux-gnu:/opt/ros/humble/lib:/usr/lib/x86_64-linux-gnu/gazebo-11/plugins PYTHONPATH=/home/ros-learner/mnt/ws/install/dynamixel_sdk_custom_interfaces/local/lib/python3.10/dist-packages:${PYTHONPATH} /usr/bin/cmake /home/ros-learner/mnt/ws/src/DynamixelSDK/dynamixel_sdk_examples -DAMENT_CMAKE_SYMLINK_INSTALL=1 -DCMAKE_INSTALL_PREFIX=/home/ros-learner/mnt/ws/install/dynamixel_sdk_examples
[0.056s] -- The C compiler identification is GNU 11.4.0
[0.104s] -- The CXX compiler identification is GNU 11.4.0
[0.110s] -- Detecting C compiler ABI info
[0.171s] -- Detecting C compiler ABI info - done
[0.177s] -- Check for working C compiler: /usr/bin/cc - skipped
[0.177s] -- Detecting C compile features
[0.177s] -- Detecting C compile features - done
[0.180s] -- Detecting CXX compiler ABI info
[0.249s] -- Detecting CXX compiler ABI info - done
[0.256s] -- Check for working CXX compiler: /usr/bin/c++ - skipped
[0.256s] -- Detecting CXX compile features
[0.256s] -- Detecting CXX compile features - done
[0.259s] -- Found ament_cmake: 1.3.10 (/opt/ros/humble/share/ament_cmake/cmake)
[0.385s] -- Found Python3: /usr/bin/python3 (found version "3.10.12") found components: Interpreter 
[0.440s] -- Override CMake install command with custom implementation using symlinks instead of copying resources
[0.471s] -- Found dynamixel_sdk: 3.7.60 (/home/ros-learner/mnt/ws/install/dynamixel_sdk/share/dynamixel_sdk/cmake)
[0.472s] -- Found dynamixel_sdk_custom_interfaces: 3.7.60 (/home/ros-learner/mnt/ws/install/dynamixel_sdk_custom_interfaces/share/dynamixel_sdk_custom_interfaces/cmake)
[0.507s] -- Found rosidl_generator_c: 3.1.5 (/opt/ros/humble/share/rosidl_generator_c/cmake)
[0.512s] -- Found rosidl_adapter: 3.1.5 (/opt/ros/humble/share/rosidl_adapter/cmake)
[0.521s] -- Found rosidl_generator_cpp: 3.1.5 (/opt/ros/humble/share/rosidl_generator_cpp/cmake)
[0.533s] -- Using all available rosidl_typesupport_c: rosidl_typesupport_fastrtps_c;rosidl_typesupport_introspection_c
[0.550s] -- Using all available rosidl_typesupport_cpp: rosidl_typesupport_fastrtps_cpp;rosidl_typesupport_introspection_cpp
[0.575s] -- Found rclcpp: 16.0.10 (/opt/ros/humble/share/rclcpp/cmake)
[0.615s] -- Found rmw_implementation_cmake: 6.1.2 (/opt/ros/humble/share/rmw_implementation_cmake/cmake)
[0.618s] -- Found rmw_fastrtps_cpp: 6.2.7 (/opt/ros/humble/share/rmw_fastrtps_cpp/cmake)
[0.695s] -- Found OpenSSL: /usr/lib/x86_64-linux-gnu/libcrypto.so (found version "3.0.2")  
[0.722s] -- Found FastRTPS: /opt/ros/humble/include  
[0.768s] -- Using RMW implementation 'rmw_fastrtps_cpp' as default
[0.778s] -- Looking for pthread.h
[0.839s] -- Looking for pthread.h - found
[0.839s] -- Performing Test CMAKE_HAVE_LIBC_PTHREAD
[0.900s] -- Performing Test CMAKE_HAVE_LIBC_PTHREAD - Success
[0.901s] -- Found Threads: TRUE  
[0.970s] -- Found ament_lint_auto: 0.12.11 (/opt/ros/humble/share/ament_lint_auto/cmake)
[1.050s] -- Added test 'copyright' to check source files copyright and LICENSE
[1.051s] -- Added test 'cppcheck' to perform static code analysis on C / C++ code
[1.051s] -- Configured cppcheck include dirs: /home/ros-learner/mnt/ws/src/DynamixelSDK/dynamixel_sdk_examples/include
[1.051s] -- Configured cppcheck exclude dirs and/or files: 
[1.052s] -- Added test 'cpplint' to check C / C++ code against the Google style
[1.052s] -- Configured cpplint exclude dirs and/or files: 
[1.053s] -- Added test 'lint_cmake' to check CMake code style
[1.053s] -- Added test 'uncrustify' to check C / C++ code style
[1.053s] -- Configured uncrustify additional arguments: 
[1.054s] -- Added test 'xmllint' to check XML markup files
[1.055s] -- Configuring done
[1.063s] -- Generating done
[1.064s] -- Build files have been written to: /home/ros-learner/mnt/ws/build/dynamixel_sdk_examples
[1.073s] Invoked command in '/home/ros-learner/mnt/ws/build/dynamixel_sdk_examples' returned '0': AMENT_PREFIX_PATH=/home/ros-learner/mnt/ws/install/dynamixel_sdk_custom_interfaces:/home/ros-learner/mnt/ws/install/dynamixel_sdk:${AMENT_PREFIX_PATH} CMAKE_PREFIX_PATH=/home/ros-learner/mnt/ws/install/dynamixel_sdk_custom_interfaces:/home/ros-learner/mnt/ws/install/dynamixel_sdk:/opt/ros/humble LD_LIBRARY_PATH=/home/ros-learner/mnt/ws/install/dynamixel_sdk_custom_interfaces/lib:/home/ros-learner/mnt/ws/install/dynamixel_sdk/lib:/usr/lib/x86_64-linux-gnu/gazebo-11/plugins:/opt/ros/humble/opt/rviz_ogre_vendor/lib:/opt/ros/humble/lib/x86_64-linux-gnu:/opt/ros/humble/lib:/usr/lib/x86_64-linux-gnu/gazebo-11/plugins PYTHONPATH=/home/ros-learner/mnt/ws/install/dynamixel_sdk_custom_interfaces/local/lib/python3.10/dist-packages:${PYTHONPATH} /usr/bin/cmake /home/ros-learner/mnt/ws/src/DynamixelSDK/dynamixel_sdk_examples -DAMENT_CMAKE_SYMLINK_INSTALL=1 -DCMAKE_INSTALL_PREFIX=/home/ros-learner/mnt/ws/install/dynamixel_sdk_examples
[1.074s] Invoking command in '/home/ros-learner/mnt/ws/build/dynamixel_sdk_examples': AMENT_PREFIX_PATH=/home/ros-learner/mnt/ws/install/dynamixel_sdk_custom_interfaces:/home/ros-learner/mnt/ws/install/dynamixel_sdk:${AMENT_PREFIX_PATH} CMAKE_PREFIX_PATH=/home/ros-learner/mnt/ws/install/dynamixel_sdk_custom_interfaces:/home/ros-learner/mnt/ws/install/dynamixel_sdk:/opt/ros/humble LD_LIBRARY_PATH=/home/ros-learner/mnt/ws/install/dynamixel_sdk_custom_interfaces/lib:/home/ros-learner/mnt/ws/install/dynamixel_sdk/lib:/usr/lib/x86_64-linux-gnu/gazebo-11/plugins:/opt/ros/humble/opt/rviz_ogre_vendor/lib:/opt/ros/humble/lib/x86_64-linux-gnu:/opt/ros/humble/lib:/usr/lib/x86_64-linux-gnu/gazebo-11/plugins PYTHONPATH=/home/ros-learner/mnt/ws/install/dynamixel_sdk_custom_interfaces/local/lib/python3.10/dist-packages:${PYTHONPATH} /usr/bin/cmake --build /home/ros-learner/mnt/ws/build/dynamixel_sdk_examples -- -j16 -l16
[1.115s] [ 50%] [32mBuilding CXX object CMakeFiles/read_write_node.dir/src/read_write_node.cpp.o[0m
[12.767s] [100%] [32m[1mLinking CXX executable read_write_node[0m
[13.420s] [100%] Built target read_write_node
[13.436s] Invoked command in '/home/ros-learner/mnt/ws/build/dynamixel_sdk_examples' returned '0': AMENT_PREFIX_PATH=/home/ros-learner/mnt/ws/install/dynamixel_sdk_custom_interfaces:/home/ros-learner/mnt/ws/install/dynamixel_sdk:${AMENT_PREFIX_PATH} CMAKE_PREFIX_PATH=/home/ros-learner/mnt/ws/install/dynamixel_sdk_custom_interfaces:/home/ros-learner/mnt/ws/install/dynamixel_sdk:/opt/ros/humble LD_LIBRARY_PATH=/home/ros-learner/mnt/ws/install/dynamixel_sdk_custom_interfaces/lib:/home/ros-learner/mnt/ws/install/dynamixel_sdk/lib:/usr/lib/x86_64-linux-gnu/gazebo-11/plugins:/opt/ros/humble/opt/rviz_ogre_vendor/lib:/opt/ros/humble/lib/x86_64-linux-gnu:/opt/ros/humble/lib:/usr/lib/x86_64-linux-gnu/gazebo-11/plugins PYTHONPATH=/home/ros-learner/mnt/ws/install/dynamixel_sdk_custom_interfaces/local/lib/python3.10/dist-packages:${PYTHONPATH} /usr/bin/cmake --build /home/ros-learner/mnt/ws/build/dynamixel_sdk_examples -- -j16 -l16
[13.464s] Invoking command in '/home/ros-learner/mnt/ws/build/dynamixel_sdk_examples': AMENT_PREFIX_PATH=/home/ros-learner/mnt/ws/install/dynamixel_sdk_custom_interfaces:/home/ros-learner/mnt/ws/install/dynamixel_sdk:${AMENT_PREFIX_PATH} CMAKE_PREFIX_PATH=/home/ros-learner/mnt/ws/install/dynamixel_sdk_custom_interfaces:/home/ros-learner/mnt/ws/install/dynamixel_sdk:/opt/ros/humble LD_LIBRARY_PATH=/home/ros-learner/mnt/ws/install/dynamixel_sdk_custom_interfaces/lib:/home/ros-learner/mnt/ws/install/dynamixel_sdk/lib:/usr/lib/x86_64-linux-gnu/gazebo-11/plugins:/opt/ros/humble/opt/rviz_ogre_vendor/lib:/opt/ros/humble/lib/x86_64-linux-gnu:/opt/ros/humble/lib:/usr/lib/x86_64-linux-gnu/gazebo-11/plugins PYTHONPATH=/home/ros-learner/mnt/ws/install/dynamixel_sdk_custom_interfaces/local/lib/python3.10/dist-packages:${PYTHONPATH} /usr/bin/cmake --install /home/ros-learner/mnt/ws/build/dynamixel_sdk_examples
[13.474s] -- Install configuration: ""
[13.474s] -- Execute custom install script
[13.475s] -- Symlinking: /home/ros-learner/mnt/ws/install/dynamixel_sdk_examples/lib/dynamixel_sdk_examples/read_write_node
[13.489s] -- Symlinking: /home/ros-learner/mnt/ws/install/dynamixel_sdk_examples/share/ament_index/resource_index/package_run_dependencies/dynamixel_sdk_examples
[13.502s] -- Symlinking: /home/ros-learner/mnt/ws/install/dynamixel_sdk_examples/share/ament_index/resource_index/parent_prefix_path/dynamixel_sdk_examples
[13.515s] -- Symlinking: /home/ros-learner/mnt/ws/install/dynamixel_sdk_examples/share/dynamixel_sdk_examples/environment/ament_prefix_path.sh
[13.526s] -- Symlinking: /home/ros-learner/mnt/ws/install/dynamixel_sdk_examples/share/dynamixel_sdk_examples/environment/ament_prefix_path.dsv
[13.539s] -- Symlinking: /home/ros-learner/mnt/ws/install/dynamixel_sdk_examples/share/dynamixel_sdk_examples/environment/path.sh
[13.553s] -- Symlinking: /home/ros-learner/mnt/ws/install/dynamixel_sdk_examples/share/dynamixel_sdk_examples/environment/path.dsv
[13.568s] -- Symlinking: /home/ros-learner/mnt/ws/install/dynamixel_sdk_examples/share/dynamixel_sdk_examples/local_setup.bash
[13.586s] -- Symlinking: /home/ros-learner/mnt/ws/install/dynamixel_sdk_examples/share/dynamixel_sdk_examples/local_setup.sh
[13.604s] -- Symlinking: /home/ros-learner/mnt/ws/install/dynamixel_sdk_examples/share/dynamixel_sdk_examples/local_setup.zsh
[13.616s] -- Symlinking: /home/ros-learner/mnt/ws/install/dynamixel_sdk_examples/share/dynamixel_sdk_examples/local_setup.dsv
[13.629s] -- Symlinking: /home/ros-learner/mnt/ws/install/dynamixel_sdk_examples/share/dynamixel_sdk_examples/package.dsv
[13.645s] -- Symlinking: /home/ros-learner/mnt/ws/install/dynamixel_sdk_examples/share/ament_index/resource_index/packages/dynamixel_sdk_examples
[13.664s] -- Symlinking: /home/ros-learner/mnt/ws/install/dynamixel_sdk_examples/share/dynamixel_sdk_examples/cmake/dynamixel_sdk_examplesConfig.cmake
[13.680s] -- Symlinking: /home/ros-learner/mnt/ws/install/dynamixel_sdk_examples/share/dynamixel_sdk_examples/cmake/dynamixel_sdk_examplesConfig-version.cmake
[13.694s] -- Symlinking: /home/ros-learner/mnt/ws/install/dynamixel_sdk_examples/share/dynamixel_sdk_examples/package.xml
[13.714s] Invoked command in '/home/ros-learner/mnt/ws/build/dynamixel_sdk_examples' returned '0': AMENT_PREFIX_PATH=/home/ros-learner/mnt/ws/install/dynamixel_sdk_custom_interfaces:/home/ros-learner/mnt/ws/install/dynamixel_sdk:${AMENT_PREFIX_PATH} CMAKE_PREFIX_PATH=/home/ros-learner/mnt/ws/install/dynamixel_sdk_custom_interfaces:/home/ros-learner/mnt/ws/install/dynamixel_sdk:/opt/ros/humble LD_LIBRARY_PATH=/home/ros-learner/mnt/ws/install/dynamixel_sdk_custom_interfaces/lib:/home/ros-learner/mnt/ws/install/dynamixel_sdk/lib:/usr/lib/x86_64-linux-gnu/gazebo-11/plugins:/opt/ros/humble/opt/rviz_ogre_vendor/lib:/opt/ros/humble/lib/x86_64-linux-gnu:/opt/ros/humble/lib:/usr/lib/x86_64-linux-gnu/gazebo-11/plugins PYTHONPATH=/home/ros-learner/mnt/ws/install/dynamixel_sdk_custom_interfaces/local/lib/python3.10/dist-packages:${PYTHONPATH} /usr/bin/cmake --install /home/ros-learner/mnt/ws/build/dynamixel_sdk_examples
