[0.527s] Invoking command in '/home/ros-learner/mnt/ws/src/turtlebot3/turtlebot3_example': CMAKE_PREFIX_PATH=/home/ros-learner/mnt/ws/install/turtlebot3_msgs:/home/ros-learner/mnt/ws/install/turtlebot3_localization:/home/ros-learner/mnt/ws/install/turtlebot3:/home/ros-learner/mnt/ws/install/turtlebot3_simulations:/home/ros-learner/mnt/ws/install/turtlebot3_bringup:/home/ros-learner/mnt/ws/install/turtlebot3_node:/home/ros-learner/mnt/ws/install/turtlebot3_navigation2:/home/ros-learner/mnt/ws/install/turtlebot3_fake_node:/home/ros-learner/mnt/ws/install/turtlebot3_gazebo:/home/ros-learner/mnt/ws/install/turtlebot3_description:/home/ros-learner/mnt/ws/install/turtlebot3_cartographer:/home/ros-learner/mnt/ws/install/dynamixel_sdk_examples:/home/ros-learner/mnt/ws/install/dynamixel_sdk_custom_interfaces:/home/ros-learner/mnt/ws/install/dynamixel_sdk LD_LIBRARY_PATH=/home/ros-learner/mnt/ws/install/turtlebot3_msgs/lib:/home/ros-learner/mnt/ws/install/dynamixel_sdk_custom_interfaces/lib:/home/ros-learner/mnt/ws/install/dynamixel_sdk/lib:/usr/lib/x86_64-linux-gnu/gazebo-11/plugins:/opt/ros/humble/opt/rviz_ogre_vendor/lib:/opt/ros/humble/lib/x86_64-linux-gnu:/opt/ros/humble/lib:/usr/lib/x86_64-linux-gnu/gazebo-11/plugins:/usr/lib/x86_64-linux-gnu/gazebo-11/plugins:/usr/lib/x86_64-linux-gnu/gazebo-11/plugins PYTHONPATH=/home/ros-learner/mnt/ws/build/turtlebot3_example/prefix_override:/usr/lib/python3/dist-packages/colcon_core/task/python/colcon_distutils_commands:/home/ros-learner/mnt/ws/install/turtlebot3_example/lib/python3.10/site-packages:${PYTHONPATH} /usr/bin/python3 -W ignore:setup.py install is deprecated setup.py egg_info --egg-base ../../../build/turtlebot3_example build --build-base /home/ros-learner/mnt/ws/build/turtlebot3_example/build install --record /home/ros-learner/mnt/ws/build/turtlebot3_example/install.log --single-version-externally-managed install_data
[0.712s] running egg_info
[0.712s] writing ../../../build/turtlebot3_example/turtlebot3_example.egg-info/PKG-INFO
[0.712s] writing dependency_links to ../../../build/turtlebot3_example/turtlebot3_example.egg-info/dependency_links.txt
[0.712s] writing entry points to ../../../build/turtlebot3_example/turtlebot3_example.egg-info/entry_points.txt
[0.712s] writing requirements to ../../../build/turtlebot3_example/turtlebot3_example.egg-info/requires.txt
[0.713s] writing top-level names to ../../../build/turtlebot3_example/turtlebot3_example.egg-info/top_level.txt
[0.714s] reading manifest file '../../../build/turtlebot3_example/turtlebot3_example.egg-info/SOURCES.txt'
[0.715s] writing manifest file '../../../build/turtlebot3_example/turtlebot3_example.egg-info/SOURCES.txt'
[0.715s] running build
[0.715s] running build_py
[0.716s] running install
[0.716s] running install_lib
[0.718s] running install_data
[0.718s] running install_egg_info
[0.720s] removing '/home/ros-learner/mnt/ws/install/turtlebot3_example/lib/python3.10/site-packages/turtlebot3_example-2.1.5-py3.10.egg-info' (and everything under it)
[0.720s] Copying ../../../build/turtlebot3_example/turtlebot3_example.egg-info to /home/ros-learner/mnt/ws/install/turtlebot3_example/lib/python3.10/site-packages/turtlebot3_example-2.1.5-py3.10.egg-info
[0.720s] running install_scripts
[0.737s] Installing turtlebot3_obstacle_detection script to /home/ros-learner/mnt/ws/install/turtlebot3_example/lib/turtlebot3_example
[0.737s] Installing turtlebot3_patrol_client script to /home/ros-learner/mnt/ws/install/turtlebot3_example/lib/turtlebot3_example
[0.737s] Installing turtlebot3_patrol_server script to /home/ros-learner/mnt/ws/install/turtlebot3_example/lib/turtlebot3_example
[0.737s] Installing turtlebot3_position_control script to /home/ros-learner/mnt/ws/install/turtlebot3_example/lib/turtlebot3_example
[0.738s] writing list of installed files to '/home/ros-learner/mnt/ws/build/turtlebot3_example/install.log'
[0.760s] Invoked command in '/home/ros-learner/mnt/ws/src/turtlebot3/turtlebot3_example' returned '0': CMAKE_PREFIX_PATH=/home/ros-learner/mnt/ws/install/turtlebot3_msgs:/home/ros-learner/mnt/ws/install/turtlebot3_localization:/home/ros-learner/mnt/ws/install/turtlebot3:/home/ros-learner/mnt/ws/install/turtlebot3_simulations:/home/ros-learner/mnt/ws/install/turtlebot3_bringup:/home/ros-learner/mnt/ws/install/turtlebot3_node:/home/ros-learner/mnt/ws/install/turtlebot3_navigation2:/home/ros-learner/mnt/ws/install/turtlebot3_fake_node:/home/ros-learner/mnt/ws/install/turtlebot3_gazebo:/home/ros-learner/mnt/ws/install/turtlebot3_description:/home/ros-learner/mnt/ws/install/turtlebot3_cartographer:/home/ros-learner/mnt/ws/install/dynamixel_sdk_examples:/home/ros-learner/mnt/ws/install/dynamixel_sdk_custom_interfaces:/home/ros-learner/mnt/ws/install/dynamixel_sdk LD_LIBRARY_PATH=/home/ros-learner/mnt/ws/install/turtlebot3_msgs/lib:/home/ros-learner/mnt/ws/install/dynamixel_sdk_custom_interfaces/lib:/home/ros-learner/mnt/ws/install/dynamixel_sdk/lib:/usr/lib/x86_64-linux-gnu/gazebo-11/plugins:/opt/ros/humble/opt/rviz_ogre_vendor/lib:/opt/ros/humble/lib/x86_64-linux-gnu:/opt/ros/humble/lib:/usr/lib/x86_64-linux-gnu/gazebo-11/plugins:/usr/lib/x86_64-linux-gnu/gazebo-11/plugins:/usr/lib/x86_64-linux-gnu/gazebo-11/plugins PYTHONPATH=/home/ros-learner/mnt/ws/build/turtlebot3_example/prefix_override:/usr/lib/python3/dist-packages/colcon_core/task/python/colcon_distutils_commands:/home/ros-learner/mnt/ws/install/turtlebot3_example/lib/python3.10/site-packages:${PYTHONPATH} /usr/bin/python3 -W ignore:setup.py install is deprecated setup.py egg_info --egg-base ../../../build/turtlebot3_example build --build-base /home/ros-learner/mnt/ws/build/turtlebot3_example/build install --record /home/ros-learner/mnt/ws/build/turtlebot3_example/install.log --single-version-externally-managed install_data
