[0.008s] Invoking command in '/home/ros-learner/mnt/ws/build/turtlebot3_bringup': AMENT_PREFIX_PATH=/home/ros-learner/mnt/ws/install/turtlebot3_node:/home/ros-learner/mnt/ws/install/turtlebot3_msgs:/home/ros-learner/mnt/ws/install/turtlebot3_description:/home/ros-learner/mnt/ws/install/dynamixel_sdk:${AMENT_PREFIX_PATH} CMAKE_PREFIX_PATH=/home/ros-learner/mnt/ws/install/turtlebot3_node:/home/ros-learner/mnt/ws/install/turtlebot3_msgs:/home/ros-learner/mnt/ws/install/turtlebot3_description:/home/ros-learner/mnt/ws/install/dynamixel_sdk:/opt/ros/humble LD_LIBRARY_PATH=/home/ros-learner/mnt/ws/install/turtlebot3_msgs/lib:/home/ros-learner/mnt/ws/install/dynamixel_sdk/lib:/usr/lib/x86_64-linux-gnu/gazebo-11/plugins:/opt/ros/humble/opt/rviz_ogre_vendor/lib:/opt/ros/humble/lib/x86_64-linux-gnu:/opt/ros/humble/lib:/usr/lib/x86_64-linux-gnu/gazebo-11/plugins:/usr/lib/x86_64-linux-gnu/gazebo-11/plugins:/usr/lib/x86_64-linux-gnu/gazebo-11/plugins PYTHONPATH=/home/ros-learner/mnt/ws/install/turtlebot3_msgs/local/lib/python3.10/dist-packages:${PYTHONPATH} /usr/bin/cmake /home/ros-learner/mnt/ws/src/turtlebot3/turtlebot3_bringup -DCMAKE_INSTALL_PREFIX=/home/ros-learner/mnt/ws/install/turtlebot3_bringup
[0.017s] -- Found ament_cmake: 1.3.10 (/opt/ros/humble/share/ament_cmake/cmake)
[0.106s] -- Override CMake install command with custom implementation using symlinks instead of copying resources
[0.159s] -- Configuring done
[0.162s] -- Generating done
[0.162s] -- Build files have been written to: /home/ros-learner/mnt/ws/build/turtlebot3_bringup
[0.164s] Invoked command in '/home/ros-learner/mnt/ws/build/turtlebot3_bringup' returned '0': AMENT_PREFIX_PATH=/home/ros-learner/mnt/ws/install/turtlebot3_node:/home/ros-learner/mnt/ws/install/turtlebot3_msgs:/home/ros-learner/mnt/ws/install/turtlebot3_description:/home/ros-learner/mnt/ws/install/dynamixel_sdk:${AMENT_PREFIX_PATH} CMAKE_PREFIX_PATH=/home/ros-learner/mnt/ws/install/turtlebot3_node:/home/ros-learner/mnt/ws/install/turtlebot3_msgs:/home/ros-learner/mnt/ws/install/turtlebot3_description:/home/ros-learner/mnt/ws/install/dynamixel_sdk:/opt/ros/humble LD_LIBRARY_PATH=/home/ros-learner/mnt/ws/install/turtlebot3_msgs/lib:/home/ros-learner/mnt/ws/install/dynamixel_sdk/lib:/usr/lib/x86_64-linux-gnu/gazebo-11/plugins:/opt/ros/humble/opt/rviz_ogre_vendor/lib:/opt/ros/humble/lib/x86_64-linux-gnu:/opt/ros/humble/lib:/usr/lib/x86_64-linux-gnu/gazebo-11/plugins:/usr/lib/x86_64-linux-gnu/gazebo-11/plugins:/usr/lib/x86_64-linux-gnu/gazebo-11/plugins PYTHONPATH=/home/ros-learner/mnt/ws/install/turtlebot3_msgs/local/lib/python3.10/dist-packages:${PYTHONPATH} /usr/bin/cmake /home/ros-learner/mnt/ws/src/turtlebot3/turtlebot3_bringup -DCMAKE_INSTALL_PREFIX=/home/ros-learner/mnt/ws/install/turtlebot3_bringup
[0.165s] Invoking command in '/home/ros-learner/mnt/ws/build/turtlebot3_bringup': AMENT_PREFIX_PATH=/home/ros-learner/mnt/ws/install/turtlebot3_node:/home/ros-learner/mnt/ws/install/turtlebot3_msgs:/home/ros-learner/mnt/ws/install/turtlebot3_description:/home/ros-learner/mnt/ws/install/dynamixel_sdk:${AMENT_PREFIX_PATH} CMAKE_PREFIX_PATH=/home/ros-learner/mnt/ws/install/turtlebot3_node:/home/ros-learner/mnt/ws/install/turtlebot3_msgs:/home/ros-learner/mnt/ws/install/turtlebot3_description:/home/ros-learner/mnt/ws/install/dynamixel_sdk:/opt/ros/humble LD_LIBRARY_PATH=/home/ros-learner/mnt/ws/install/turtlebot3_msgs/lib:/home/ros-learner/mnt/ws/install/dynamixel_sdk/lib:/usr/lib/x86_64-linux-gnu/gazebo-11/plugins:/opt/ros/humble/opt/rviz_ogre_vendor/lib:/opt/ros/humble/lib/x86_64-linux-gnu:/opt/ros/humble/lib:/usr/lib/x86_64-linux-gnu/gazebo-11/plugins:/usr/lib/x86_64-linux-gnu/gazebo-11/plugins:/usr/lib/x86_64-linux-gnu/gazebo-11/plugins PYTHONPATH=/home/ros-learner/mnt/ws/install/turtlebot3_msgs/local/lib/python3.10/dist-packages:${PYTHONPATH} /usr/bin/cmake --build /home/ros-learner/mnt/ws/build/turtlebot3_bringup -- -j16 -l16
[0.191s] Invoked command in '/home/ros-learner/mnt/ws/build/turtlebot3_bringup' returned '0': AMENT_PREFIX_PATH=/home/ros-learner/mnt/ws/install/turtlebot3_node:/home/ros-learner/mnt/ws/install/turtlebot3_msgs:/home/ros-learner/mnt/ws/install/turtlebot3_description:/home/ros-learner/mnt/ws/install/dynamixel_sdk:${AMENT_PREFIX_PATH} CMAKE_PREFIX_PATH=/home/ros-learner/mnt/ws/install/turtlebot3_node:/home/ros-learner/mnt/ws/install/turtlebot3_msgs:/home/ros-learner/mnt/ws/install/turtlebot3_description:/home/ros-learner/mnt/ws/install/dynamixel_sdk:/opt/ros/humble LD_LIBRARY_PATH=/home/ros-learner/mnt/ws/install/turtlebot3_msgs/lib:/home/ros-learner/mnt/ws/install/dynamixel_sdk/lib:/usr/lib/x86_64-linux-gnu/gazebo-11/plugins:/opt/ros/humble/opt/rviz_ogre_vendor/lib:/opt/ros/humble/lib/x86_64-linux-gnu:/opt/ros/humble/lib:/usr/lib/x86_64-linux-gnu/gazebo-11/plugins:/usr/lib/x86_64-linux-gnu/gazebo-11/plugins:/usr/lib/x86_64-linux-gnu/gazebo-11/plugins PYTHONPATH=/home/ros-learner/mnt/ws/install/turtlebot3_msgs/local/lib/python3.10/dist-packages:${PYTHONPATH} /usr/bin/cmake --build /home/ros-learner/mnt/ws/build/turtlebot3_bringup -- -j16 -l16
[0.207s] Invoking command in '/home/ros-learner/mnt/ws/build/turtlebot3_bringup': AMENT_PREFIX_PATH=/home/ros-learner/mnt/ws/install/turtlebot3_node:/home/ros-learner/mnt/ws/install/turtlebot3_msgs:/home/ros-learner/mnt/ws/install/turtlebot3_description:/home/ros-learner/mnt/ws/install/dynamixel_sdk:${AMENT_PREFIX_PATH} CMAKE_PREFIX_PATH=/home/ros-learner/mnt/ws/install/turtlebot3_node:/home/ros-learner/mnt/ws/install/turtlebot3_msgs:/home/ros-learner/mnt/ws/install/turtlebot3_description:/home/ros-learner/mnt/ws/install/dynamixel_sdk:/opt/ros/humble LD_LIBRARY_PATH=/home/ros-learner/mnt/ws/install/turtlebot3_msgs/lib:/home/ros-learner/mnt/ws/install/dynamixel_sdk/lib:/usr/lib/x86_64-linux-gnu/gazebo-11/plugins:/opt/ros/humble/opt/rviz_ogre_vendor/lib:/opt/ros/humble/lib/x86_64-linux-gnu:/opt/ros/humble/lib:/usr/lib/x86_64-linux-gnu/gazebo-11/plugins:/usr/lib/x86_64-linux-gnu/gazebo-11/plugins:/usr/lib/x86_64-linux-gnu/gazebo-11/plugins PYTHONPATH=/home/ros-learner/mnt/ws/install/turtlebot3_msgs/local/lib/python3.10/dist-packages:${PYTHONPATH} /usr/bin/cmake --install /home/ros-learner/mnt/ws/build/turtlebot3_bringup
[0.212s] -- Install configuration: ""
[0.212s] -- Execute custom install script
[0.213s] -- Up-to-date symlink: /home/ros-learner/mnt/ws/install/turtlebot3_bringup/share/turtlebot3_bringup/launch/robot.launch.py
[0.213s] -- Up-to-date symlink: /home/ros-learner/mnt/ws/install/turtlebot3_bringup/share/turtlebot3_bringup/launch/rviz2.launch.py
[0.213s] -- Up-to-date symlink: /home/ros-learner/mnt/ws/install/turtlebot3_bringup/share/turtlebot3_bringup/launch/turtlebot3_state_publisher.launch.py
[0.213s] -- Up-to-date symlink: /home/ros-learner/mnt/ws/install/turtlebot3_bringup/share/turtlebot3_bringup/param/burger.yaml
[0.213s] -- Up-to-date symlink: /home/ros-learner/mnt/ws/install/turtlebot3_bringup/share/turtlebot3_bringup/param/waffle.yaml
[0.213s] -- Up-to-date symlink: /home/ros-learner/mnt/ws/install/turtlebot3_bringup/share/turtlebot3_bringup/param/waffle_pi.yaml
[0.213s] -- Up-to-date symlink: /home/ros-learner/mnt/ws/install/turtlebot3_bringup/share/turtlebot3_bringup/script/99-turtlebot3-cdc.rules
[0.213s] -- Up-to-date symlink: /home/ros-learner/mnt/ws/install/turtlebot3_bringup/share/turtlebot3_bringup/script/create_udev_rules
[0.213s] -- Up-to-date symlink: /home/ros-learner/mnt/ws/install/turtlebot3_bringup/share/ament_index/resource_index/package_run_dependencies/turtlebot3_bringup
[0.214s] -- Up-to-date symlink: /home/ros-learner/mnt/ws/install/turtlebot3_bringup/share/ament_index/resource_index/parent_prefix_path/turtlebot3_bringup
[0.214s] -- Up-to-date symlink: /home/ros-learner/mnt/ws/install/turtlebot3_bringup/share/turtlebot3_bringup/environment/ament_prefix_path.sh
[0.214s] -- Up-to-date symlink: /home/ros-learner/mnt/ws/install/turtlebot3_bringup/share/turtlebot3_bringup/environment/ament_prefix_path.dsv
[0.214s] -- Up-to-date symlink: /home/ros-learner/mnt/ws/install/turtlebot3_bringup/share/turtlebot3_bringup/environment/path.sh
[0.214s] -- Up-to-date symlink: /home/ros-learner/mnt/ws/install/turtlebot3_bringup/share/turtlebot3_bringup/environment/path.dsv
[0.214s] -- Up-to-date symlink: /home/ros-learner/mnt/ws/install/turtlebot3_bringup/share/turtlebot3_bringup/local_setup.bash
[0.214s] -- Up-to-date symlink: /home/ros-learner/mnt/ws/install/turtlebot3_bringup/share/turtlebot3_bringup/local_setup.sh
[0.214s] -- Up-to-date symlink: /home/ros-learner/mnt/ws/install/turtlebot3_bringup/share/turtlebot3_bringup/local_setup.zsh
[0.214s] -- Up-to-date symlink: /home/ros-learner/mnt/ws/install/turtlebot3_bringup/share/turtlebot3_bringup/local_setup.dsv
[0.215s] -- Symlinking: /home/ros-learner/mnt/ws/install/turtlebot3_bringup/share/turtlebot3_bringup/package.dsv
[0.222s] -- Up-to-date symlink: /home/ros-learner/mnt/ws/install/turtlebot3_bringup/share/ament_index/resource_index/packages/turtlebot3_bringup
[0.222s] -- Up-to-date symlink: /home/ros-learner/mnt/ws/install/turtlebot3_bringup/share/turtlebot3_bringup/cmake/turtlebot3_bringupConfig.cmake
[0.222s] -- Up-to-date symlink: /home/ros-learner/mnt/ws/install/turtlebot3_bringup/share/turtlebot3_bringup/cmake/turtlebot3_bringupConfig-version.cmake
[0.222s] -- Up-to-date symlink: /home/ros-learner/mnt/ws/install/turtlebot3_bringup/share/turtlebot3_bringup/package.xml
[0.224s] Invoked command in '/home/ros-learner/mnt/ws/build/turtlebot3_bringup' returned '0': AMENT_PREFIX_PATH=/home/ros-learner/mnt/ws/install/turtlebot3_node:/home/ros-learner/mnt/ws/install/turtlebot3_msgs:/home/ros-learner/mnt/ws/install/turtlebot3_description:/home/ros-learner/mnt/ws/install/dynamixel_sdk:${AMENT_PREFIX_PATH} CMAKE_PREFIX_PATH=/home/ros-learner/mnt/ws/install/turtlebot3_node:/home/ros-learner/mnt/ws/install/turtlebot3_msgs:/home/ros-learner/mnt/ws/install/turtlebot3_description:/home/ros-learner/mnt/ws/install/dynamixel_sdk:/opt/ros/humble LD_LIBRARY_PATH=/home/ros-learner/mnt/ws/install/turtlebot3_msgs/lib:/home/ros-learner/mnt/ws/install/dynamixel_sdk/lib:/usr/lib/x86_64-linux-gnu/gazebo-11/plugins:/opt/ros/humble/opt/rviz_ogre_vendor/lib:/opt/ros/humble/lib/x86_64-linux-gnu:/opt/ros/humble/lib:/usr/lib/x86_64-linux-gnu/gazebo-11/plugins:/usr/lib/x86_64-linux-gnu/gazebo-11/plugins:/usr/lib/x86_64-linux-gnu/gazebo-11/plugins PYTHONPATH=/home/ros-learner/mnt/ws/install/turtlebot3_msgs/local/lib/python3.10/dist-packages:${PYTHONPATH} /usr/bin/cmake --install /home/ros-learner/mnt/ws/build/turtlebot3_bringup
