[0.009s] Invoking command in '/home/ros-learner/mnt/ws/build/turtlebot3_bringup': AMENT_PREFIX_PATH=/home/ros-learner/mnt/ws/install/turtlebot3_node:/home/ros-learner/mnt/ws/install/turtlebot3_msgs:/home/ros-learner/mnt/ws/install/turtlebot3_description:/home/ros-learner/mnt/ws/install/dynamixel_sdk:${AMENT_PREFIX_PATH} CMAKE_PREFIX_PATH=/home/ros-learner/mnt/ws/install/turtlebot3_node:/home/ros-learner/mnt/ws/install/turtlebot3_msgs:/home/ros-learner/mnt/ws/install/turtlebot3_description:/home/ros-learner/mnt/ws/install/dynamixel_sdk:/opt/ros/humble LD_LIBRARY_PATH=/home/ros-learner/mnt/ws/install/turtlebot3_msgs/lib:/home/ros-learner/mnt/ws/install/dynamixel_sdk/lib:/usr/lib/x86_64-linux-gnu/gazebo-11/plugins:/opt/ros/humble/opt/rviz_ogre_vendor/lib:/opt/ros/humble/lib/x86_64-linux-gnu:/opt/ros/humble/lib:/usr/lib/x86_64-linux-gnu/gazebo-11/plugins PYTHONPATH=/home/ros-learner/mnt/ws/install/turtlebot3_msgs/local/lib/python3.10/dist-packages:${PYTHONPATH} /usr/bin/cmake /home/ros-learner/mnt/ws/src/turtlebot3/turtlebot3_bringup -DAMENT_CMAKE_SYMLINK_INSTALL=1 -DCMAKE_INSTALL_PREFIX=/home/ros-learner/mnt/ws/install/turtlebot3_bringup
[0.046s] -- The C compiler identification is GNU 11.4.0
[0.084s] -- The CXX compiler identification is GNU 11.4.0
[0.089s] -- Detecting C compiler ABI info
[0.135s] -- Detecting C compiler ABI info - done
[0.141s] -- Check for working C compiler: /usr/bin/cc - skipped
[0.141s] -- Detecting C compile features
[0.141s] -- Detecting C compile features - done
[0.143s] -- Detecting CXX compiler ABI info
[0.198s] -- Detecting CXX compiler ABI info - done
[0.204s] -- Check for working CXX compiler: /usr/bin/c++ - skipped
[0.204s] -- Detecting CXX compile features
[0.204s] -- Detecting CXX compile features - done
[0.207s] -- Found ament_cmake: 1.3.10 (/opt/ros/humble/share/ament_cmake/cmake)
[0.315s] -- Found Python3: /usr/bin/python3 (found version "3.10.12") found components: Interpreter 
[0.360s] -- Override CMake install command with custom implementation using symlinks instead of copying resources
[0.436s] -- Configuring done
[0.438s] -- Generating done
[0.438s] -- Build files have been written to: /home/ros-learner/mnt/ws/build/turtlebot3_bringup
[0.442s] Invoked command in '/home/ros-learner/mnt/ws/build/turtlebot3_bringup' returned '0': AMENT_PREFIX_PATH=/home/ros-learner/mnt/ws/install/turtlebot3_node:/home/ros-learner/mnt/ws/install/turtlebot3_msgs:/home/ros-learner/mnt/ws/install/turtlebot3_description:/home/ros-learner/mnt/ws/install/dynamixel_sdk:${AMENT_PREFIX_PATH} CMAKE_PREFIX_PATH=/home/ros-learner/mnt/ws/install/turtlebot3_node:/home/ros-learner/mnt/ws/install/turtlebot3_msgs:/home/ros-learner/mnt/ws/install/turtlebot3_description:/home/ros-learner/mnt/ws/install/dynamixel_sdk:/opt/ros/humble LD_LIBRARY_PATH=/home/ros-learner/mnt/ws/install/turtlebot3_msgs/lib:/home/ros-learner/mnt/ws/install/dynamixel_sdk/lib:/usr/lib/x86_64-linux-gnu/gazebo-11/plugins:/opt/ros/humble/opt/rviz_ogre_vendor/lib:/opt/ros/humble/lib/x86_64-linux-gnu:/opt/ros/humble/lib:/usr/lib/x86_64-linux-gnu/gazebo-11/plugins PYTHONPATH=/home/ros-learner/mnt/ws/install/turtlebot3_msgs/local/lib/python3.10/dist-packages:${PYTHONPATH} /usr/bin/cmake /home/ros-learner/mnt/ws/src/turtlebot3/turtlebot3_bringup -DAMENT_CMAKE_SYMLINK_INSTALL=1 -DCMAKE_INSTALL_PREFIX=/home/ros-learner/mnt/ws/install/turtlebot3_bringup
[0.442s] Invoking command in '/home/ros-learner/mnt/ws/build/turtlebot3_bringup': AMENT_PREFIX_PATH=/home/ros-learner/mnt/ws/install/turtlebot3_node:/home/ros-learner/mnt/ws/install/turtlebot3_msgs:/home/ros-learner/mnt/ws/install/turtlebot3_description:/home/ros-learner/mnt/ws/install/dynamixel_sdk:${AMENT_PREFIX_PATH} CMAKE_PREFIX_PATH=/home/ros-learner/mnt/ws/install/turtlebot3_node:/home/ros-learner/mnt/ws/install/turtlebot3_msgs:/home/ros-learner/mnt/ws/install/turtlebot3_description:/home/ros-learner/mnt/ws/install/dynamixel_sdk:/opt/ros/humble LD_LIBRARY_PATH=/home/ros-learner/mnt/ws/install/turtlebot3_msgs/lib:/home/ros-learner/mnt/ws/install/dynamixel_sdk/lib:/usr/lib/x86_64-linux-gnu/gazebo-11/plugins:/opt/ros/humble/opt/rviz_ogre_vendor/lib:/opt/ros/humble/lib/x86_64-linux-gnu:/opt/ros/humble/lib:/usr/lib/x86_64-linux-gnu/gazebo-11/plugins PYTHONPATH=/home/ros-learner/mnt/ws/install/turtlebot3_msgs/local/lib/python3.10/dist-packages:${PYTHONPATH} /usr/bin/cmake --build /home/ros-learner/mnt/ws/build/turtlebot3_bringup -- -j16 -l16
[0.470s] Invoked command in '/home/ros-learner/mnt/ws/build/turtlebot3_bringup' returned '0': AMENT_PREFIX_PATH=/home/ros-learner/mnt/ws/install/turtlebot3_node:/home/ros-learner/mnt/ws/install/turtlebot3_msgs:/home/ros-learner/mnt/ws/install/turtlebot3_description:/home/ros-learner/mnt/ws/install/dynamixel_sdk:${AMENT_PREFIX_PATH} CMAKE_PREFIX_PATH=/home/ros-learner/mnt/ws/install/turtlebot3_node:/home/ros-learner/mnt/ws/install/turtlebot3_msgs:/home/ros-learner/mnt/ws/install/turtlebot3_description:/home/ros-learner/mnt/ws/install/dynamixel_sdk:/opt/ros/humble LD_LIBRARY_PATH=/home/ros-learner/mnt/ws/install/turtlebot3_msgs/lib:/home/ros-learner/mnt/ws/install/dynamixel_sdk/lib:/usr/lib/x86_64-linux-gnu/gazebo-11/plugins:/opt/ros/humble/opt/rviz_ogre_vendor/lib:/opt/ros/humble/lib/x86_64-linux-gnu:/opt/ros/humble/lib:/usr/lib/x86_64-linux-gnu/gazebo-11/plugins PYTHONPATH=/home/ros-learner/mnt/ws/install/turtlebot3_msgs/local/lib/python3.10/dist-packages:${PYTHONPATH} /usr/bin/cmake --build /home/ros-learner/mnt/ws/build/turtlebot3_bringup -- -j16 -l16
[0.486s] Invoking command in '/home/ros-learner/mnt/ws/build/turtlebot3_bringup': AMENT_PREFIX_PATH=/home/ros-learner/mnt/ws/install/turtlebot3_node:/home/ros-learner/mnt/ws/install/turtlebot3_msgs:/home/ros-learner/mnt/ws/install/turtlebot3_description:/home/ros-learner/mnt/ws/install/dynamixel_sdk:${AMENT_PREFIX_PATH} CMAKE_PREFIX_PATH=/home/ros-learner/mnt/ws/install/turtlebot3_node:/home/ros-learner/mnt/ws/install/turtlebot3_msgs:/home/ros-learner/mnt/ws/install/turtlebot3_description:/home/ros-learner/mnt/ws/install/dynamixel_sdk:/opt/ros/humble LD_LIBRARY_PATH=/home/ros-learner/mnt/ws/install/turtlebot3_msgs/lib:/home/ros-learner/mnt/ws/install/dynamixel_sdk/lib:/usr/lib/x86_64-linux-gnu/gazebo-11/plugins:/opt/ros/humble/opt/rviz_ogre_vendor/lib:/opt/ros/humble/lib/x86_64-linux-gnu:/opt/ros/humble/lib:/usr/lib/x86_64-linux-gnu/gazebo-11/plugins PYTHONPATH=/home/ros-learner/mnt/ws/install/turtlebot3_msgs/local/lib/python3.10/dist-packages:${PYTHONPATH} /usr/bin/cmake --install /home/ros-learner/mnt/ws/build/turtlebot3_bringup
[0.497s] -- Install configuration: ""
[0.497s] -- Execute custom install script
[0.498s] -- Symlinking: /home/ros-learner/mnt/ws/install/turtlebot3_bringup/share/turtlebot3_bringup/launch/robot.launch.py
[0.508s] -- Symlinking: /home/ros-learner/mnt/ws/install/turtlebot3_bringup/share/turtlebot3_bringup/launch/rviz2.launch.py
[0.514s] -- Symlinking: /home/ros-learner/mnt/ws/install/turtlebot3_bringup/share/turtlebot3_bringup/launch/turtlebot3_state_publisher.launch.py
[0.520s] -- Symlinking: /home/ros-learner/mnt/ws/install/turtlebot3_bringup/share/turtlebot3_bringup/param/burger.yaml
[0.526s] -- Symlinking: /home/ros-learner/mnt/ws/install/turtlebot3_bringup/share/turtlebot3_bringup/param/waffle.yaml
[0.532s] -- Symlinking: /home/ros-learner/mnt/ws/install/turtlebot3_bringup/share/turtlebot3_bringup/param/waffle_pi.yaml
[0.537s] -- Symlinking: /home/ros-learner/mnt/ws/install/turtlebot3_bringup/share/turtlebot3_bringup/script/99-turtlebot3-cdc.rules
[0.543s] -- Symlinking: /home/ros-learner/mnt/ws/install/turtlebot3_bringup/share/turtlebot3_bringup/script/create_udev_rules
[0.549s] -- Symlinking: /home/ros-learner/mnt/ws/install/turtlebot3_bringup/share/ament_index/resource_index/package_run_dependencies/turtlebot3_bringup
[0.555s] -- Symlinking: /home/ros-learner/mnt/ws/install/turtlebot3_bringup/share/ament_index/resource_index/parent_prefix_path/turtlebot3_bringup
[0.561s] -- Symlinking: /home/ros-learner/mnt/ws/install/turtlebot3_bringup/share/turtlebot3_bringup/environment/ament_prefix_path.sh
[0.566s] -- Symlinking: /home/ros-learner/mnt/ws/install/turtlebot3_bringup/share/turtlebot3_bringup/environment/ament_prefix_path.dsv
[0.572s] -- Symlinking: /home/ros-learner/mnt/ws/install/turtlebot3_bringup/share/turtlebot3_bringup/environment/path.sh
[0.578s] -- Symlinking: /home/ros-learner/mnt/ws/install/turtlebot3_bringup/share/turtlebot3_bringup/environment/path.dsv
[0.583s] -- Symlinking: /home/ros-learner/mnt/ws/install/turtlebot3_bringup/share/turtlebot3_bringup/local_setup.bash
[0.589s] -- Symlinking: /home/ros-learner/mnt/ws/install/turtlebot3_bringup/share/turtlebot3_bringup/local_setup.sh
[0.595s] -- Symlinking: /home/ros-learner/mnt/ws/install/turtlebot3_bringup/share/turtlebot3_bringup/local_setup.zsh
[0.600s] -- Symlinking: /home/ros-learner/mnt/ws/install/turtlebot3_bringup/share/turtlebot3_bringup/local_setup.dsv
[0.605s] -- Symlinking: /home/ros-learner/mnt/ws/install/turtlebot3_bringup/share/turtlebot3_bringup/package.dsv
[0.611s] -- Symlinking: /home/ros-learner/mnt/ws/install/turtlebot3_bringup/share/ament_index/resource_index/packages/turtlebot3_bringup
[0.617s] -- Symlinking: /home/ros-learner/mnt/ws/install/turtlebot3_bringup/share/turtlebot3_bringup/cmake/turtlebot3_bringupConfig.cmake
[0.623s] -- Symlinking: /home/ros-learner/mnt/ws/install/turtlebot3_bringup/share/turtlebot3_bringup/cmake/turtlebot3_bringupConfig-version.cmake
[0.629s] -- Symlinking: /home/ros-learner/mnt/ws/install/turtlebot3_bringup/share/turtlebot3_bringup/package.xml
[0.636s] Invoked command in '/home/ros-learner/mnt/ws/build/turtlebot3_bringup' returned '0': AMENT_PREFIX_PATH=/home/ros-learner/mnt/ws/install/turtlebot3_node:/home/ros-learner/mnt/ws/install/turtlebot3_msgs:/home/ros-learner/mnt/ws/install/turtlebot3_description:/home/ros-learner/mnt/ws/install/dynamixel_sdk:${AMENT_PREFIX_PATH} CMAKE_PREFIX_PATH=/home/ros-learner/mnt/ws/install/turtlebot3_node:/home/ros-learner/mnt/ws/install/turtlebot3_msgs:/home/ros-learner/mnt/ws/install/turtlebot3_description:/home/ros-learner/mnt/ws/install/dynamixel_sdk:/opt/ros/humble LD_LIBRARY_PATH=/home/ros-learner/mnt/ws/install/turtlebot3_msgs/lib:/home/ros-learner/mnt/ws/install/dynamixel_sdk/lib:/usr/lib/x86_64-linux-gnu/gazebo-11/plugins:/opt/ros/humble/opt/rviz_ogre_vendor/lib:/opt/ros/humble/lib/x86_64-linux-gnu:/opt/ros/humble/lib:/usr/lib/x86_64-linux-gnu/gazebo-11/plugins PYTHONPATH=/home/ros-learner/mnt/ws/install/turtlebot3_msgs/local/lib/python3.10/dist-packages:${PYTHONPATH} /usr/bin/cmake --install /home/ros-learner/mnt/ws/build/turtlebot3_bringup
