[0.013s] Invoking command in '/home/ros-learner/mnt/ws/build/turtlebot3_node': AMENT_PREFIX_PATH=/home/ros-learner/mnt/ws/install/turtlebot3_msgs:/home/ros-learner/mnt/ws/install/dynamixel_sdk:${AMENT_PREFIX_PATH} CMAKE_PREFIX_PATH=/home/ros-learner/mnt/ws/install/turtlebot3_msgs:/home/ros-learner/mnt/ws/install/dynamixel_sdk:/opt/ros/humble LD_LIBRARY_PATH=/home/ros-learner/mnt/ws/install/turtlebot3_msgs/lib:/home/ros-learner/mnt/ws/install/dynamixel_sdk/lib:/usr/lib/x86_64-linux-gnu/gazebo-11/plugins:/opt/ros/humble/opt/rviz_ogre_vendor/lib:/opt/ros/humble/lib/x86_64-linux-gnu:/opt/ros/humble/lib:/usr/lib/x86_64-linux-gnu/gazebo-11/plugins PYTHONPATH=/home/ros-learner/mnt/ws/install/turtlebot3_msgs/local/lib/python3.10/dist-packages:${PYTHONPATH} /usr/bin/cmake /home/ros-learner/mnt/ws/src/turtlebot3/turtlebot3_node -DAMENT_CMAKE_SYMLINK_INSTALL=1 -DCMAKE_INSTALL_PREFIX=/home/ros-learner/mnt/ws/install/turtlebot3_node
[0.252s] -- The C compiler identification is GNU 11.4.0
[0.253s] -- The CXX compiler identification is GNU 11.4.0
[0.253s] -- Detecting C compiler ABI info
[0.253s] -- Detecting C compiler ABI info - done
[0.253s] -- Check for working C compiler: /usr/bin/cc - skipped
[0.253s] -- Detecting C compile features
[0.253s] -- Detecting C compile features - done
[0.253s] -- Detecting CXX compiler ABI info
[0.253s] -- Detecting CXX compiler ABI info - done
[0.258s] -- Check for working CXX compiler: /usr/bin/c++ - skipped
[0.258s] -- Detecting CXX compile features
[0.258s] -- Detecting CXX compile features - done
[0.261s] -- Found ament_cmake: 1.3.10 (/opt/ros/humble/share/ament_cmake/cmake)
[0.413s] -- Found Python3: /usr/bin/python3 (found version "3.10.12") found components: Interpreter 
[0.483s] -- Override CMake install command with custom implementation using symlinks instead of copying resources
[0.518s] -- Found dynamixel_sdk: 3.7.60 (/home/ros-learner/mnt/ws/install/dynamixel_sdk/share/dynamixel_sdk/cmake)
[0.521s] -- Found geometry_msgs: 4.2.4 (/opt/ros/humble/share/geometry_msgs/cmake)
[0.563s] -- Found rosidl_generator_c: 3.1.5 (/opt/ros/humble/share/rosidl_generator_c/cmake)
[0.570s] -- Found rosidl_adapter: 3.1.5 (/opt/ros/humble/share/rosidl_adapter/cmake)
[0.579s] -- Found rosidl_generator_cpp: 3.1.5 (/opt/ros/humble/share/rosidl_generator_cpp/cmake)
[0.594s] -- Using all available rosidl_typesupport_c: rosidl_typesupport_fastrtps_c;rosidl_typesupport_introspection_c
[0.613s] -- Using all available rosidl_typesupport_cpp: rosidl_typesupport_fastrtps_cpp;rosidl_typesupport_introspection_cpp
[0.656s] -- Found message_filters: 4.3.4 (/opt/ros/humble/share/message_filters/cmake)
[0.705s] -- Found rmw_implementation_cmake: 6.1.2 (/opt/ros/humble/share/rmw_implementation_cmake/cmake)
[0.708s] -- Found rmw_fastrtps_cpp: 6.2.7 (/opt/ros/humble/share/rmw_fastrtps_cpp/cmake)
[0.804s] -- Found OpenSSL: /usr/lib/x86_64-linux-gnu/libcrypto.so (found version "3.0.2")  
[0.836s] -- Found FastRTPS: /opt/ros/humble/include  
[0.883s] -- Using RMW implementation 'rmw_fastrtps_cpp' as default
[0.893s] -- Looking for pthread.h
[0.961s] -- Looking for pthread.h - found
[0.961s] -- Performing Test CMAKE_HAVE_LIBC_PTHREAD
[1.026s] -- Performing Test CMAKE_HAVE_LIBC_PTHREAD - Success
[1.027s] -- Found Threads: TRUE  
[1.091s] -- Found nav_msgs: 4.2.4 (/opt/ros/humble/share/nav_msgs/cmake)
[1.119s] -- Found sensor_msgs: 4.2.4 (/opt/ros/humble/share/sensor_msgs/cmake)
[1.139s] -- Found std_srvs: 4.2.4 (/opt/ros/humble/share/std_srvs/cmake)
[1.150s] -- Found tf2: 0.25.7 (/opt/ros/humble/share/tf2/cmake)
[1.162s] -- Found tf2_ros: 0.25.7 (/opt/ros/humble/share/tf2_ros/cmake)
[1.243s] -- Found turtlebot3_msgs: 2.2.3 (/home/ros-learner/mnt/ws/install/turtlebot3_msgs/share/turtlebot3_msgs/cmake)
[1.331s] -- Configuring done
[1.350s] -- Generating done
[1.352s] -- Build files have been written to: /home/ros-learner/mnt/ws/build/turtlebot3_node
[1.365s] Invoked command in '/home/ros-learner/mnt/ws/build/turtlebot3_node' returned '0': AMENT_PREFIX_PATH=/home/ros-learner/mnt/ws/install/turtlebot3_msgs:/home/ros-learner/mnt/ws/install/dynamixel_sdk:${AMENT_PREFIX_PATH} CMAKE_PREFIX_PATH=/home/ros-learner/mnt/ws/install/turtlebot3_msgs:/home/ros-learner/mnt/ws/install/dynamixel_sdk:/opt/ros/humble LD_LIBRARY_PATH=/home/ros-learner/mnt/ws/install/turtlebot3_msgs/lib:/home/ros-learner/mnt/ws/install/dynamixel_sdk/lib:/usr/lib/x86_64-linux-gnu/gazebo-11/plugins:/opt/ros/humble/opt/rviz_ogre_vendor/lib:/opt/ros/humble/lib/x86_64-linux-gnu:/opt/ros/humble/lib:/usr/lib/x86_64-linux-gnu/gazebo-11/plugins PYTHONPATH=/home/ros-learner/mnt/ws/install/turtlebot3_msgs/local/lib/python3.10/dist-packages:${PYTHONPATH} /usr/bin/cmake /home/ros-learner/mnt/ws/src/turtlebot3/turtlebot3_node -DAMENT_CMAKE_SYMLINK_INSTALL=1 -DCMAKE_INSTALL_PREFIX=/home/ros-learner/mnt/ws/install/turtlebot3_node
[1.366s] Invoking command in '/home/ros-learner/mnt/ws/build/turtlebot3_node': AMENT_PREFIX_PATH=/home/ros-learner/mnt/ws/install/turtlebot3_msgs:/home/ros-learner/mnt/ws/install/dynamixel_sdk:${AMENT_PREFIX_PATH} CMAKE_PREFIX_PATH=/home/ros-learner/mnt/ws/install/turtlebot3_msgs:/home/ros-learner/mnt/ws/install/dynamixel_sdk:/opt/ros/humble LD_LIBRARY_PATH=/home/ros-learner/mnt/ws/install/turtlebot3_msgs/lib:/home/ros-learner/mnt/ws/install/dynamixel_sdk/lib:/usr/lib/x86_64-linux-gnu/gazebo-11/plugins:/opt/ros/humble/opt/rviz_ogre_vendor/lib:/opt/ros/humble/lib/x86_64-linux-gnu:/opt/ros/humble/lib:/usr/lib/x86_64-linux-gnu/gazebo-11/plugins PYTHONPATH=/home/ros-learner/mnt/ws/install/turtlebot3_msgs/local/lib/python3.10/dist-packages:${PYTHONPATH} /usr/bin/cmake --build /home/ros-learner/mnt/ws/build/turtlebot3_node -- -j16 -l16
[1.420s] [ 14%] [32mBuilding CXX object CMakeFiles/turtlebot3_node_lib.dir/src/devices/reset.cpp.o[0m
[1.420s] [ 14%] [32mBuilding CXX object CMakeFiles/turtlebot3_node_lib.dir/src/devices/motor_power.cpp.o[0m
[1.420s] [ 21%] [32mBuilding CXX object CMakeFiles/turtlebot3_node_lib.dir/src/dynamixel_sdk_wrapper.cpp.o[0m
[1.420s] [ 28%] [32mBuilding CXX object CMakeFiles/turtlebot3_node_lib.dir/src/diff_drive_controller.cpp.o[0m
[1.420s] [ 35%] [32mBuilding CXX object CMakeFiles/turtlebot3_node_lib.dir/src/turtlebot3.cpp.o[0m
[1.421s] [ 50%] [32mBuilding CXX object CMakeFiles/turtlebot3_node_lib.dir/src/sensors/sensor_state.cpp.o[0m
[1.421s] [ 50%] [32mBuilding CXX object CMakeFiles/turtlebot3_node_lib.dir/src/sensors/imu.cpp.o[0m
[1.421s] [ 57%] [32mBuilding CXX object CMakeFiles/turtlebot3_node_lib.dir/src/sensors/joint_state.cpp.o[0m
[1.421s] [ 71%] [32mBuilding CXX object CMakeFiles/turtlebot3_node_lib.dir/src/odometry.cpp.o[0m
[1.421s] [ 71%] [32mBuilding CXX object CMakeFiles/turtlebot3_node_lib.dir/src/devices/sound.cpp.o[0m
[1.425s] [ 78%] [32mBuilding CXX object CMakeFiles/turtlebot3_node_lib.dir/src/sensors/battery_state.cpp.o[0m
[17.986s] [ 85%] [32m[1mLinking CXX static library libturtlebot3_node_lib.a[0m
[18.386s] [ 85%] Built target turtlebot3_node_lib
[18.402s] [ 92%] [32mBuilding CXX object CMakeFiles/turtlebot3_ros.dir/src/node_main.cpp.o[0m
[21.120s] [100%] [32m[1mLinking CXX executable turtlebot3_ros[0m
[22.703s] [100%] Built target turtlebot3_ros
[22.711s] Invoked command in '/home/ros-learner/mnt/ws/build/turtlebot3_node' returned '0': AMENT_PREFIX_PATH=/home/ros-learner/mnt/ws/install/turtlebot3_msgs:/home/ros-learner/mnt/ws/install/dynamixel_sdk:${AMENT_PREFIX_PATH} CMAKE_PREFIX_PATH=/home/ros-learner/mnt/ws/install/turtlebot3_msgs:/home/ros-learner/mnt/ws/install/dynamixel_sdk:/opt/ros/humble LD_LIBRARY_PATH=/home/ros-learner/mnt/ws/install/turtlebot3_msgs/lib:/home/ros-learner/mnt/ws/install/dynamixel_sdk/lib:/usr/lib/x86_64-linux-gnu/gazebo-11/plugins:/opt/ros/humble/opt/rviz_ogre_vendor/lib:/opt/ros/humble/lib/x86_64-linux-gnu:/opt/ros/humble/lib:/usr/lib/x86_64-linux-gnu/gazebo-11/plugins PYTHONPATH=/home/ros-learner/mnt/ws/install/turtlebot3_msgs/local/lib/python3.10/dist-packages:${PYTHONPATH} /usr/bin/cmake --build /home/ros-learner/mnt/ws/build/turtlebot3_node -- -j16 -l16
[22.742s] Invoking command in '/home/ros-learner/mnt/ws/build/turtlebot3_node': AMENT_PREFIX_PATH=/home/ros-learner/mnt/ws/install/turtlebot3_msgs:/home/ros-learner/mnt/ws/install/dynamixel_sdk:${AMENT_PREFIX_PATH} CMAKE_PREFIX_PATH=/home/ros-learner/mnt/ws/install/turtlebot3_msgs:/home/ros-learner/mnt/ws/install/dynamixel_sdk:/opt/ros/humble LD_LIBRARY_PATH=/home/ros-learner/mnt/ws/install/turtlebot3_msgs/lib:/home/ros-learner/mnt/ws/install/dynamixel_sdk/lib:/usr/lib/x86_64-linux-gnu/gazebo-11/plugins:/opt/ros/humble/opt/rviz_ogre_vendor/lib:/opt/ros/humble/lib/x86_64-linux-gnu:/opt/ros/humble/lib:/usr/lib/x86_64-linux-gnu/gazebo-11/plugins PYTHONPATH=/home/ros-learner/mnt/ws/install/turtlebot3_msgs/local/lib/python3.10/dist-packages:${PYTHONPATH} /usr/bin/cmake --install /home/ros-learner/mnt/ws/build/turtlebot3_node
[22.747s] -- Install configuration: ""
[22.748s] -- Execute custom install script
[22.748s] -- Symlinking: /home/ros-learner/mnt/ws/install/turtlebot3_node/share/turtlebot3_node/param/burger.yaml
[22.754s] -- Symlinking: /home/ros-learner/mnt/ws/install/turtlebot3_node/share/turtlebot3_node/param/waffle.yaml
[22.760s] -- Symlinking: /home/ros-learner/mnt/ws/install/turtlebot3_node/share/turtlebot3_node/param/waffle_pi.yaml
[22.766s] -- Symlinking: /home/ros-learner/mnt/ws/install/turtlebot3_node/lib/turtlebot3_node/turtlebot3_ros
[22.772s] -- Symlinking: /home/ros-learner/mnt/ws/install/turtlebot3_node/share/ament_index/resource_index/package_run_dependencies/turtlebot3_node
[22.777s] -- Symlinking: /home/ros-learner/mnt/ws/install/turtlebot3_node/share/ament_index/resource_index/parent_prefix_path/turtlebot3_node
[22.784s] -- Symlinking: /home/ros-learner/mnt/ws/install/turtlebot3_node/share/turtlebot3_node/environment/ament_prefix_path.sh
[22.789s] -- Symlinking: /home/ros-learner/mnt/ws/install/turtlebot3_node/share/turtlebot3_node/environment/ament_prefix_path.dsv
[22.794s] -- Symlinking: /home/ros-learner/mnt/ws/install/turtlebot3_node/share/turtlebot3_node/environment/path.sh
[22.800s] -- Symlinking: /home/ros-learner/mnt/ws/install/turtlebot3_node/share/turtlebot3_node/environment/path.dsv
[22.806s] -- Symlinking: /home/ros-learner/mnt/ws/install/turtlebot3_node/share/turtlebot3_node/local_setup.bash
[22.811s] -- Symlinking: /home/ros-learner/mnt/ws/install/turtlebot3_node/share/turtlebot3_node/local_setup.sh
[22.817s] -- Symlinking: /home/ros-learner/mnt/ws/install/turtlebot3_node/share/turtlebot3_node/local_setup.zsh
[22.823s] -- Symlinking: /home/ros-learner/mnt/ws/install/turtlebot3_node/share/turtlebot3_node/local_setup.dsv
[22.828s] -- Symlinking: /home/ros-learner/mnt/ws/install/turtlebot3_node/share/turtlebot3_node/package.dsv
[22.834s] -- Symlinking: /home/ros-learner/mnt/ws/install/turtlebot3_node/share/ament_index/resource_index/packages/turtlebot3_node
[22.840s] -- Symlinking: /home/ros-learner/mnt/ws/install/turtlebot3_node/share/turtlebot3_node/cmake/ament_cmake_export_include_directories-extras.cmake
[22.845s] -- Symlinking: /home/ros-learner/mnt/ws/install/turtlebot3_node/share/turtlebot3_node/cmake/turtlebot3_nodeConfig.cmake
[22.851s] -- Symlinking: /home/ros-learner/mnt/ws/install/turtlebot3_node/share/turtlebot3_node/cmake/turtlebot3_nodeConfig-version.cmake
[22.857s] -- Symlinking: /home/ros-learner/mnt/ws/install/turtlebot3_node/share/turtlebot3_node/package.xml
[22.865s] Invoked command in '/home/ros-learner/mnt/ws/build/turtlebot3_node' returned '0': AMENT_PREFIX_PATH=/home/ros-learner/mnt/ws/install/turtlebot3_msgs:/home/ros-learner/mnt/ws/install/dynamixel_sdk:${AMENT_PREFIX_PATH} CMAKE_PREFIX_PATH=/home/ros-learner/mnt/ws/install/turtlebot3_msgs:/home/ros-learner/mnt/ws/install/dynamixel_sdk:/opt/ros/humble LD_LIBRARY_PATH=/home/ros-learner/mnt/ws/install/turtlebot3_msgs/lib:/home/ros-learner/mnt/ws/install/dynamixel_sdk/lib:/usr/lib/x86_64-linux-gnu/gazebo-11/plugins:/opt/ros/humble/opt/rviz_ogre_vendor/lib:/opt/ros/humble/lib/x86_64-linux-gnu:/opt/ros/humble/lib:/usr/lib/x86_64-linux-gnu/gazebo-11/plugins PYTHONPATH=/home/ros-learner/mnt/ws/install/turtlebot3_msgs/local/lib/python3.10/dist-packages:${PYTHONPATH} /usr/bin/cmake --install /home/ros-learner/mnt/ws/build/turtlebot3_node
