[0.008s] Invoking command in '/home/ros-learner/mnt/ws/build/dynamixel_sdk_examples': AMENT_PREFIX_PATH=/home/ros-learner/mnt/ws/install/dynamixel_sdk_custom_interfaces:/home/ros-learner/mnt/ws/install/dynamixel_sdk:${AMENT_PREFIX_PATH} CMAKE_PREFIX_PATH=/home/ros-learner/mnt/ws/install/dynamixel_sdk_custom_interfaces:/home/ros-learner/mnt/ws/install/dynamixel_sdk:/opt/ros/humble LD_LIBRARY_PATH=/home/ros-learner/mnt/ws/install/dynamixel_sdk_custom_interfaces/lib:/home/ros-learner/mnt/ws/install/dynamixel_sdk/lib:/usr/lib/x86_64-linux-gnu/gazebo-11/plugins:/opt/ros/humble/opt/rviz_ogre_vendor/lib:/opt/ros/humble/lib/x86_64-linux-gnu:/opt/ros/humble/lib:/usr/lib/x86_64-linux-gnu/gazebo-11/plugins:/usr/lib/x86_64-linux-gnu/gazebo-11/plugins:/usr/lib/x86_64-linux-gnu/gazebo-11/plugins PYTHONPATH=/home/ros-learner/mnt/ws/install/dynamixel_sdk_custom_interfaces/local/lib/python3.10/dist-packages:${PYTHONPATH} /usr/bin/cmake /home/ros-learner/mnt/ws/src/DynamixelSDK/dynamixel_sdk_examples -DCMAKE_INSTALL_PREFIX=/home/ros-learner/mnt/ws/install/dynamixel_sdk_examples
[0.017s] -- Found ament_cmake: 1.3.10 (/opt/ros/humble/share/ament_cmake/cmake)
[0.103s] -- Override CMake install command with custom implementation using symlinks instead of copying resources
[0.109s] -- Found dynamixel_sdk: 3.7.60 (/home/ros-learner/mnt/ws/install/dynamixel_sdk/share/dynamixel_sdk/cmake)
[0.109s] -- Found dynamixel_sdk_custom_interfaces: 3.7.60 (/home/ros-learner/mnt/ws/install/dynamixel_sdk_custom_interfaces/share/dynamixel_sdk_custom_interfaces/cmake)
[0.128s] -- Found rosidl_generator_c: 3.1.5 (/opt/ros/humble/share/rosidl_generator_c/cmake)
[0.130s] -- Found rosidl_adapter: 3.1.5 (/opt/ros/humble/share/rosidl_adapter/cmake)
[0.134s] -- Found rosidl_generator_cpp: 3.1.5 (/opt/ros/humble/share/rosidl_generator_cpp/cmake)
[0.141s] -- Using all available rosidl_typesupport_c: rosidl_typesupport_fastrtps_c;rosidl_typesupport_introspection_c
[0.151s] -- Using all available rosidl_typesupport_cpp: rosidl_typesupport_fastrtps_cpp;rosidl_typesupport_introspection_cpp
[0.170s] -- Found rclcpp: 16.0.10 (/opt/ros/humble/share/rclcpp/cmake)
[0.190s] -- Found rmw_implementation_cmake: 6.1.2 (/opt/ros/humble/share/rmw_implementation_cmake/cmake)
[0.191s] -- Found rmw_fastrtps_cpp: 6.2.7 (/opt/ros/humble/share/rmw_fastrtps_cpp/cmake)
[0.283s] -- Using RMW implementation 'rmw_fastrtps_cpp' as default
[0.336s] -- Found ament_lint_auto: 0.12.11 (/opt/ros/humble/share/ament_lint_auto/cmake)
[0.394s] -- Added test 'copyright' to check source files copyright and LICENSE
[0.395s] -- Added test 'cppcheck' to perform static code analysis on C / C++ code
[0.395s] -- Configured cppcheck include dirs: /home/ros-learner/mnt/ws/src/DynamixelSDK/dynamixel_sdk_examples/include
[0.395s] -- Configured cppcheck exclude dirs and/or files: 
[0.395s] -- Added test 'cpplint' to check C / C++ code against the Google style
[0.395s] -- Configured cpplint exclude dirs and/or files: 
[0.396s] -- Added test 'lint_cmake' to check CMake code style
[0.397s] -- Added test 'uncrustify' to check C / C++ code style
[0.397s] -- Configured uncrustify additional arguments: 
[0.397s] -- Added test 'xmllint' to check XML markup files
[0.398s] -- Configuring done
[0.406s] -- Generating done
[0.407s] -- Build files have been written to: /home/ros-learner/mnt/ws/build/dynamixel_sdk_examples
[0.479s] Invoked command in '/home/ros-learner/mnt/ws/build/dynamixel_sdk_examples' returned '0': AMENT_PREFIX_PATH=/home/ros-learner/mnt/ws/install/dynamixel_sdk_custom_interfaces:/home/ros-learner/mnt/ws/install/dynamixel_sdk:${AMENT_PREFIX_PATH} CMAKE_PREFIX_PATH=/home/ros-learner/mnt/ws/install/dynamixel_sdk_custom_interfaces:/home/ros-learner/mnt/ws/install/dynamixel_sdk:/opt/ros/humble LD_LIBRARY_PATH=/home/ros-learner/mnt/ws/install/dynamixel_sdk_custom_interfaces/lib:/home/ros-learner/mnt/ws/install/dynamixel_sdk/lib:/usr/lib/x86_64-linux-gnu/gazebo-11/plugins:/opt/ros/humble/opt/rviz_ogre_vendor/lib:/opt/ros/humble/lib/x86_64-linux-gnu:/opt/ros/humble/lib:/usr/lib/x86_64-linux-gnu/gazebo-11/plugins:/usr/lib/x86_64-linux-gnu/gazebo-11/plugins:/usr/lib/x86_64-linux-gnu/gazebo-11/plugins PYTHONPATH=/home/ros-learner/mnt/ws/install/dynamixel_sdk_custom_interfaces/local/lib/python3.10/dist-packages:${PYTHONPATH} /usr/bin/cmake /home/ros-learner/mnt/ws/src/DynamixelSDK/dynamixel_sdk_examples -DCMAKE_INSTALL_PREFIX=/home/ros-learner/mnt/ws/install/dynamixel_sdk_examples
[0.481s] Invoking command in '/home/ros-learner/mnt/ws/build/dynamixel_sdk_examples': AMENT_PREFIX_PATH=/home/ros-learner/mnt/ws/install/dynamixel_sdk_custom_interfaces:/home/ros-learner/mnt/ws/install/dynamixel_sdk:${AMENT_PREFIX_PATH} CMAKE_PREFIX_PATH=/home/ros-learner/mnt/ws/install/dynamixel_sdk_custom_interfaces:/home/ros-learner/mnt/ws/install/dynamixel_sdk:/opt/ros/humble LD_LIBRARY_PATH=/home/ros-learner/mnt/ws/install/dynamixel_sdk_custom_interfaces/lib:/home/ros-learner/mnt/ws/install/dynamixel_sdk/lib:/usr/lib/x86_64-linux-gnu/gazebo-11/plugins:/opt/ros/humble/opt/rviz_ogre_vendor/lib:/opt/ros/humble/lib/x86_64-linux-gnu:/opt/ros/humble/lib:/usr/lib/x86_64-linux-gnu/gazebo-11/plugins:/usr/lib/x86_64-linux-gnu/gazebo-11/plugins:/usr/lib/x86_64-linux-gnu/gazebo-11/plugins PYTHONPATH=/home/ros-learner/mnt/ws/install/dynamixel_sdk_custom_interfaces/local/lib/python3.10/dist-packages:${PYTHONPATH} /usr/bin/cmake --build /home/ros-learner/mnt/ws/build/dynamixel_sdk_examples -- -j16 -l16
[0.509s] [35m[1mConsolidate compiler generated dependencies of target read_write_node[0m
[0.520s] [100%] Built target read_write_node
[0.528s] Invoked command in '/home/ros-learner/mnt/ws/build/dynamixel_sdk_examples' returned '0': AMENT_PREFIX_PATH=/home/ros-learner/mnt/ws/install/dynamixel_sdk_custom_interfaces:/home/ros-learner/mnt/ws/install/dynamixel_sdk:${AMENT_PREFIX_PATH} CMAKE_PREFIX_PATH=/home/ros-learner/mnt/ws/install/dynamixel_sdk_custom_interfaces:/home/ros-learner/mnt/ws/install/dynamixel_sdk:/opt/ros/humble LD_LIBRARY_PATH=/home/ros-learner/mnt/ws/install/dynamixel_sdk_custom_interfaces/lib:/home/ros-learner/mnt/ws/install/dynamixel_sdk/lib:/usr/lib/x86_64-linux-gnu/gazebo-11/plugins:/opt/ros/humble/opt/rviz_ogre_vendor/lib:/opt/ros/humble/lib/x86_64-linux-gnu:/opt/ros/humble/lib:/usr/lib/x86_64-linux-gnu/gazebo-11/plugins:/usr/lib/x86_64-linux-gnu/gazebo-11/plugins:/usr/lib/x86_64-linux-gnu/gazebo-11/plugins PYTHONPATH=/home/ros-learner/mnt/ws/install/dynamixel_sdk_custom_interfaces/local/lib/python3.10/dist-packages:${PYTHONPATH} /usr/bin/cmake --build /home/ros-learner/mnt/ws/build/dynamixel_sdk_examples -- -j16 -l16
[0.545s] Invoking command in '/home/ros-learner/mnt/ws/build/dynamixel_sdk_examples': AMENT_PREFIX_PATH=/home/ros-learner/mnt/ws/install/dynamixel_sdk_custom_interfaces:/home/ros-learner/mnt/ws/install/dynamixel_sdk:${AMENT_PREFIX_PATH} CMAKE_PREFIX_PATH=/home/ros-learner/mnt/ws/install/dynamixel_sdk_custom_interfaces:/home/ros-learner/mnt/ws/install/dynamixel_sdk:/opt/ros/humble LD_LIBRARY_PATH=/home/ros-learner/mnt/ws/install/dynamixel_sdk_custom_interfaces/lib:/home/ros-learner/mnt/ws/install/dynamixel_sdk/lib:/usr/lib/x86_64-linux-gnu/gazebo-11/plugins:/opt/ros/humble/opt/rviz_ogre_vendor/lib:/opt/ros/humble/lib/x86_64-linux-gnu:/opt/ros/humble/lib:/usr/lib/x86_64-linux-gnu/gazebo-11/plugins:/usr/lib/x86_64-linux-gnu/gazebo-11/plugins:/usr/lib/x86_64-linux-gnu/gazebo-11/plugins PYTHONPATH=/home/ros-learner/mnt/ws/install/dynamixel_sdk_custom_interfaces/local/lib/python3.10/dist-packages:${PYTHONPATH} /usr/bin/cmake --install /home/ros-learner/mnt/ws/build/dynamixel_sdk_examples
[0.551s] -- Install configuration: ""
[0.551s] -- Execute custom install script
[0.551s] -- Up-to-date symlink: /home/ros-learner/mnt/ws/install/dynamixel_sdk_examples/lib/dynamixel_sdk_examples/read_write_node
[0.551s] -- Up-to-date symlink: /home/ros-learner/mnt/ws/install/dynamixel_sdk_examples/share/ament_index/resource_index/package_run_dependencies/dynamixel_sdk_examples
[0.552s] -- Up-to-date symlink: /home/ros-learner/mnt/ws/install/dynamixel_sdk_examples/share/ament_index/resource_index/parent_prefix_path/dynamixel_sdk_examples
[0.552s] -- Up-to-date symlink: /home/ros-learner/mnt/ws/install/dynamixel_sdk_examples/share/dynamixel_sdk_examples/environment/ament_prefix_path.sh
[0.552s] -- Up-to-date symlink: /home/ros-learner/mnt/ws/install/dynamixel_sdk_examples/share/dynamixel_sdk_examples/environment/ament_prefix_path.dsv
[0.552s] -- Up-to-date symlink: /home/ros-learner/mnt/ws/install/dynamixel_sdk_examples/share/dynamixel_sdk_examples/environment/path.sh
[0.552s] -- Up-to-date symlink: /home/ros-learner/mnt/ws/install/dynamixel_sdk_examples/share/dynamixel_sdk_examples/environment/path.dsv
[0.552s] -- Up-to-date symlink: /home/ros-learner/mnt/ws/install/dynamixel_sdk_examples/share/dynamixel_sdk_examples/local_setup.bash
[0.552s] -- Up-to-date symlink: /home/ros-learner/mnt/ws/install/dynamixel_sdk_examples/share/dynamixel_sdk_examples/local_setup.sh
[0.552s] -- Up-to-date symlink: /home/ros-learner/mnt/ws/install/dynamixel_sdk_examples/share/dynamixel_sdk_examples/local_setup.zsh
[0.552s] -- Up-to-date symlink: /home/ros-learner/mnt/ws/install/dynamixel_sdk_examples/share/dynamixel_sdk_examples/local_setup.dsv
[0.552s] -- Symlinking: /home/ros-learner/mnt/ws/install/dynamixel_sdk_examples/share/dynamixel_sdk_examples/package.dsv
[0.559s] -- Up-to-date symlink: /home/ros-learner/mnt/ws/install/dynamixel_sdk_examples/share/ament_index/resource_index/packages/dynamixel_sdk_examples
[0.559s] -- Up-to-date symlink: /home/ros-learner/mnt/ws/install/dynamixel_sdk_examples/share/dynamixel_sdk_examples/cmake/dynamixel_sdk_examplesConfig.cmake
[0.559s] -- Up-to-date symlink: /home/ros-learner/mnt/ws/install/dynamixel_sdk_examples/share/dynamixel_sdk_examples/cmake/dynamixel_sdk_examplesConfig-version.cmake
[0.559s] -- Up-to-date symlink: /home/ros-learner/mnt/ws/install/dynamixel_sdk_examples/share/dynamixel_sdk_examples/package.xml
[0.561s] Invoked command in '/home/ros-learner/mnt/ws/build/dynamixel_sdk_examples' returned '0': AMENT_PREFIX_PATH=/home/ros-learner/mnt/ws/install/dynamixel_sdk_custom_interfaces:/home/ros-learner/mnt/ws/install/dynamixel_sdk:${AMENT_PREFIX_PATH} CMAKE_PREFIX_PATH=/home/ros-learner/mnt/ws/install/dynamixel_sdk_custom_interfaces:/home/ros-learner/mnt/ws/install/dynamixel_sdk:/opt/ros/humble LD_LIBRARY_PATH=/home/ros-learner/mnt/ws/install/dynamixel_sdk_custom_interfaces/lib:/home/ros-learner/mnt/ws/install/dynamixel_sdk/lib:/usr/lib/x86_64-linux-gnu/gazebo-11/plugins:/opt/ros/humble/opt/rviz_ogre_vendor/lib:/opt/ros/humble/lib/x86_64-linux-gnu:/opt/ros/humble/lib:/usr/lib/x86_64-linux-gnu/gazebo-11/plugins:/usr/lib/x86_64-linux-gnu/gazebo-11/plugins:/usr/lib/x86_64-linux-gnu/gazebo-11/plugins PYTHONPATH=/home/ros-learner/mnt/ws/install/dynamixel_sdk_custom_interfaces/local/lib/python3.10/dist-packages:${PYTHONPATH} /usr/bin/cmake --install /home/ros-learner/mnt/ws/build/dynamixel_sdk_examples
