[0.043s] Invoking command in '/home/ros-learner/mnt/ws/build/turtlebot3_msgs': CMAKE_PREFIX_PATH=${CMAKE_PREFIX_PATH}:/home/ros-learner/mnt/ws/install/turtlebot3_teleop:/home/ros-learner/mnt/ws/install/turtlebot3_example:/opt/ros/humble /usr/bin/cmake --build /home/ros-learner/mnt/ws/build/turtlebot3_msgs -- -j16 -l16
[0.292s] [  1%] Built target turtlebot3_msgs__cpp
[0.292s] [ 12%] Built target turtlebot3_msgs__rosidl_generator_c
[0.292s] [ 12%] Built target ament_cmake_python_symlink_turtlebot3_msgs
[0.292s] [ 23%] Built target turtlebot3_msgs__rosidl_typesupport_cpp
[0.292s] [ 35%] Built target turtlebot3_msgs__rosidl_typesupport_c
[0.292s] [ 46%] Built target turtlebot3_msgs__rosidl_typesupport_fastrtps_cpp
[0.292s] [ 57%] Built target turtlebot3_msgs__rosidl_typesupport_introspection_c
[0.292s] [ 69%] Built target turtlebot3_msgs__rosidl_typesupport_fastrtps_c
[0.292s] [ 80%] Built target turtlebot3_msgs__rosidl_typesupport_introspection_cpp
[0.292s] [ 80%] Built target turtlebot3_msgs
[0.292s] [ 81%] Built target turtlebot3_msgs__py
[0.292s] [ 91%] Built target turtlebot3_msgs__rosidl_generator_py
[0.292s] [ 94%] Built target turtlebot3_msgs__rosidl_typesupport_introspection_c__pyext
[0.292s] [100%] Built target turtlebot3_msgs__rosidl_typesupport_fastrtps_c__pyext
[0.292s] [100%] Built target turtlebot3_msgs__rosidl_typesupport_c__pyext
[0.320s] running egg_info
[0.321s] writing turtlebot3_msgs.egg-info/PKG-INFO
[0.321s] writing dependency_links to turtlebot3_msgs.egg-info/dependency_links.txt
[0.322s] writing top-level names to turtlebot3_msgs.egg-info/top_level.txt
[0.327s] reading manifest file 'turtlebot3_msgs.egg-info/SOURCES.txt'
[0.329s] writing manifest file 'turtlebot3_msgs.egg-info/SOURCES.txt'
[0.375s] [100%] Built target ament_cmake_python_build_turtlebot3_msgs_egg
[0.401s] Invoked command in '/home/ros-learner/mnt/ws/build/turtlebot3_msgs' returned '0': CMAKE_PREFIX_PATH=${CMAKE_PREFIX_PATH}:/home/ros-learner/mnt/ws/install/turtlebot3_teleop:/home/ros-learner/mnt/ws/install/turtlebot3_example:/opt/ros/humble /usr/bin/cmake --build /home/ros-learner/mnt/ws/build/turtlebot3_msgs -- -j16 -l16
[0.502s] Invoking command in '/home/ros-learner/mnt/ws/build/turtlebot3_msgs': CMAKE_PREFIX_PATH=${CMAKE_PREFIX_PATH}:/home/ros-learner/mnt/ws/install/turtlebot3_teleop:/home/ros-learner/mnt/ws/install/turtlebot3_example:/opt/ros/humble /usr/bin/cmake --install /home/ros-learner/mnt/ws/build/turtlebot3_msgs
[0.508s] -- Install configuration: ""
[0.508s] -- Execute custom install script
[0.509s] -- Up-to-date symlink: /home/ros-learner/mnt/ws/install/turtlebot3_msgs/share/ament_index/resource_index/rosidl_interfaces/turtlebot3_msgs
[0.509s] -- Up-to-date symlink: /home/ros-learner/mnt/ws/install/turtlebot3_msgs/include/turtlebot3_msgs/turtlebot3_msgs/action/detail/patrol__functions.h
[0.509s] -- Up-to-date symlink: /home/ros-learner/mnt/ws/install/turtlebot3_msgs/include/turtlebot3_msgs/turtlebot3_msgs/action/detail/patrol__struct.h
[0.509s] -- Up-to-date symlink: /home/ros-learner/mnt/ws/install/turtlebot3_msgs/include/turtlebot3_msgs/turtlebot3_msgs/action/detail/patrol__type_support.h
[0.509s] -- Up-to-date symlink: /home/ros-learner/mnt/ws/install/turtlebot3_msgs/include/turtlebot3_msgs/turtlebot3_msgs/action/patrol.h
[0.509s] -- Up-to-date symlink: /home/ros-learner/mnt/ws/install/turtlebot3_msgs/include/turtlebot3_msgs/turtlebot3_msgs/msg/detail/sensor_state__functions.h
[0.510s] -- Up-to-date symlink: /home/ros-learner/mnt/ws/install/turtlebot3_msgs/include/turtlebot3_msgs/turtlebot3_msgs/msg/detail/sensor_state__struct.h
[0.510s] -- Up-to-date symlink: /home/ros-learner/mnt/ws/install/turtlebot3_msgs/include/turtlebot3_msgs/turtlebot3_msgs/msg/detail/sensor_state__type_support.h
[0.510s] -- Up-to-date symlink: /home/ros-learner/mnt/ws/install/turtlebot3_msgs/include/turtlebot3_msgs/turtlebot3_msgs/msg/detail/sound__functions.h
[0.510s] -- Up-to-date symlink: /home/ros-learner/mnt/ws/install/turtlebot3_msgs/include/turtlebot3_msgs/turtlebot3_msgs/msg/detail/sound__struct.h
[0.510s] -- Up-to-date symlink: /home/ros-learner/mnt/ws/install/turtlebot3_msgs/include/turtlebot3_msgs/turtlebot3_msgs/msg/detail/sound__type_support.h
[0.510s] -- Up-to-date symlink: /home/ros-learner/mnt/ws/install/turtlebot3_msgs/include/turtlebot3_msgs/turtlebot3_msgs/msg/detail/version_info__functions.h
[0.510s] -- Up-to-date symlink: /home/ros-learner/mnt/ws/install/turtlebot3_msgs/include/turtlebot3_msgs/turtlebot3_msgs/msg/detail/version_info__struct.h
[0.510s] -- Up-to-date symlink: /home/ros-learner/mnt/ws/install/turtlebot3_msgs/include/turtlebot3_msgs/turtlebot3_msgs/msg/detail/version_info__type_support.h
[0.510s] -- Up-to-date symlink: /home/ros-learner/mnt/ws/install/turtlebot3_msgs/include/turtlebot3_msgs/turtlebot3_msgs/msg/rosidl_generator_c__visibility_control.h
[0.510s] -- Up-to-date symlink: /home/ros-learner/mnt/ws/install/turtlebot3_msgs/include/turtlebot3_msgs/turtlebot3_msgs/msg/sensor_state.h
[0.510s] -- Up-to-date symlink: /home/ros-learner/mnt/ws/install/turtlebot3_msgs/include/turtlebot3_msgs/turtlebot3_msgs/msg/sound.h
[0.510s] -- Up-to-date symlink: /home/ros-learner/mnt/ws/install/turtlebot3_msgs/include/turtlebot3_msgs/turtlebot3_msgs/msg/version_info.h
[0.511s] -- Up-to-date symlink: /home/ros-learner/mnt/ws/install/turtlebot3_msgs/include/turtlebot3_msgs/turtlebot3_msgs/srv/detail/dqn__functions.h
[0.511s] -- Up-to-date symlink: /home/ros-learner/mnt/ws/install/turtlebot3_msgs/include/turtlebot3_msgs/turtlebot3_msgs/srv/detail/dqn__struct.h
[0.511s] -- Up-to-date symlink: /home/ros-learner/mnt/ws/install/turtlebot3_msgs/include/turtlebot3_msgs/turtlebot3_msgs/srv/detail/dqn__type_support.h
[0.511s] -- Up-to-date symlink: /home/ros-learner/mnt/ws/install/turtlebot3_msgs/include/turtlebot3_msgs/turtlebot3_msgs/srv/detail/sound__functions.h
[0.511s] -- Up-to-date symlink: /home/ros-learner/mnt/ws/install/turtlebot3_msgs/include/turtlebot3_msgs/turtlebot3_msgs/srv/detail/sound__struct.h
[0.511s] -- Up-to-date symlink: /home/ros-learner/mnt/ws/install/turtlebot3_msgs/include/turtlebot3_msgs/turtlebot3_msgs/srv/detail/sound__type_support.h
[0.512s] -- Up-to-date symlink: /home/ros-learner/mnt/ws/install/turtlebot3_msgs/include/turtlebot3_msgs/turtlebot3_msgs/srv/dqn.h
[0.512s] -- Up-to-date symlink: /home/ros-learner/mnt/ws/install/turtlebot3_msgs/include/turtlebot3_msgs/turtlebot3_msgs/srv/sound.h
[0.512s] -- Up-to-date symlink: /home/ros-learner/mnt/ws/install/turtlebot3_msgs/share/turtlebot3_msgs/environment/library_path.sh
[0.512s] -- Up-to-date symlink: /home/ros-learner/mnt/ws/install/turtlebot3_msgs/share/turtlebot3_msgs/environment/library_path.dsv
[0.512s] -- Up-to-date symlink: /home/ros-learner/mnt/ws/install/turtlebot3_msgs/include/turtlebot3_msgs/turtlebot3_msgs/action/detail/patrol__rosidl_typesupport_fastrtps_c.h
[0.512s] -- Up-to-date symlink: /home/ros-learner/mnt/ws/install/turtlebot3_msgs/include/turtlebot3_msgs/turtlebot3_msgs/msg/detail/sensor_state__rosidl_typesupport_fastrtps_c.h
[0.513s] -- Up-to-date symlink: /home/ros-learner/mnt/ws/install/turtlebot3_msgs/include/turtlebot3_msgs/turtlebot3_msgs/msg/detail/sound__rosidl_typesupport_fastrtps_c.h
[0.513s] -- Up-to-date symlink: /home/ros-learner/mnt/ws/install/turtlebot3_msgs/include/turtlebot3_msgs/turtlebot3_msgs/msg/detail/version_info__rosidl_typesupport_fastrtps_c.h
[0.513s] -- Up-to-date symlink: /home/ros-learner/mnt/ws/install/turtlebot3_msgs/include/turtlebot3_msgs/turtlebot3_msgs/msg/rosidl_typesupport_fastrtps_c__visibility_control.h
[0.513s] -- Up-to-date symlink: /home/ros-learner/mnt/ws/install/turtlebot3_msgs/include/turtlebot3_msgs/turtlebot3_msgs/srv/detail/dqn__rosidl_typesupport_fastrtps_c.h
[0.513s] -- Up-to-date symlink: /home/ros-learner/mnt/ws/install/turtlebot3_msgs/include/turtlebot3_msgs/turtlebot3_msgs/srv/detail/sound__rosidl_typesupport_fastrtps_c.h
[0.513s] -- Up-to-date symlink: /home/ros-learner/mnt/ws/install/turtlebot3_msgs/include/turtlebot3_msgs/turtlebot3_msgs/action/detail/patrol__builder.hpp
[0.513s] -- Up-to-date symlink: /home/ros-learner/mnt/ws/install/turtlebot3_msgs/include/turtlebot3_msgs/turtlebot3_msgs/action/detail/patrol__struct.hpp
[0.513s] -- Up-to-date symlink: /home/ros-learner/mnt/ws/install/turtlebot3_msgs/include/turtlebot3_msgs/turtlebot3_msgs/action/detail/patrol__traits.hpp
[0.513s] -- Up-to-date symlink: /home/ros-learner/mnt/ws/install/turtlebot3_msgs/include/turtlebot3_msgs/turtlebot3_msgs/action/patrol.hpp
[0.513s] -- Up-to-date symlink: /home/ros-learner/mnt/ws/install/turtlebot3_msgs/include/turtlebot3_msgs/turtlebot3_msgs/msg/detail/sensor_state__builder.hpp
[0.513s] -- Up-to-date symlink: /home/ros-learner/mnt/ws/install/turtlebot3_msgs/include/turtlebot3_msgs/turtlebot3_msgs/msg/detail/sensor_state__struct.hpp
[0.513s] -- Up-to-date symlink: /home/ros-learner/mnt/ws/install/turtlebot3_msgs/include/turtlebot3_msgs/turtlebot3_msgs/msg/detail/sensor_state__traits.hpp
[0.513s] -- Up-to-date symlink: /home/ros-learner/mnt/ws/install/turtlebot3_msgs/include/turtlebot3_msgs/turtlebot3_msgs/msg/detail/sound__builder.hpp
[0.514s] -- Up-to-date symlink: /home/ros-learner/mnt/ws/install/turtlebot3_msgs/include/turtlebot3_msgs/turtlebot3_msgs/msg/detail/sound__struct.hpp
[0.514s] -- Up-to-date symlink: /home/ros-learner/mnt/ws/install/turtlebot3_msgs/include/turtlebot3_msgs/turtlebot3_msgs/msg/detail/sound__traits.hpp
[0.514s] -- Up-to-date symlink: /home/ros-learner/mnt/ws/install/turtlebot3_msgs/include/turtlebot3_msgs/turtlebot3_msgs/msg/detail/version_info__builder.hpp
[0.514s] -- Up-to-date symlink: /home/ros-learner/mnt/ws/install/turtlebot3_msgs/include/turtlebot3_msgs/turtlebot3_msgs/msg/detail/version_info__struct.hpp
[0.514s] -- Up-to-date symlink: /home/ros-learner/mnt/ws/install/turtlebot3_msgs/include/turtlebot3_msgs/turtlebot3_msgs/msg/detail/version_info__traits.hpp
[0.515s] -- Up-to-date symlink: /home/ros-learner/mnt/ws/install/turtlebot3_msgs/include/turtlebot3_msgs/turtlebot3_msgs/msg/sensor_state.hpp
[0.515s] -- Up-to-date symlink: /home/ros-learner/mnt/ws/install/turtlebot3_msgs/include/turtlebot3_msgs/turtlebot3_msgs/msg/sound.hpp
[0.515s] -- Up-to-date symlink: /home/ros-learner/mnt/ws/install/turtlebot3_msgs/include/turtlebot3_msgs/turtlebot3_msgs/msg/version_info.hpp
[0.515s] -- Up-to-date symlink: /home/ros-learner/mnt/ws/install/turtlebot3_msgs/include/turtlebot3_msgs/turtlebot3_msgs/srv/detail/dqn__builder.hpp
[0.515s] -- Up-to-date symlink: /home/ros-learner/mnt/ws/install/turtlebot3_msgs/include/turtlebot3_msgs/turtlebot3_msgs/srv/detail/dqn__struct.hpp
[0.515s] -- Up-to-date symlink: /home/ros-learner/mnt/ws/install/turtlebot3_msgs/include/turtlebot3_msgs/turtlebot3_msgs/srv/detail/dqn__traits.hpp
[0.515s] -- Up-to-date symlink: /home/ros-learner/mnt/ws/install/turtlebot3_msgs/include/turtlebot3_msgs/turtlebot3_msgs/srv/detail/sound__builder.hpp
[0.515s] -- Up-to-date symlink: /home/ros-learner/mnt/ws/install/turtlebot3_msgs/include/turtlebot3_msgs/turtlebot3_msgs/srv/detail/sound__struct.hpp
[0.515s] -- Up-to-date symlink: /home/ros-learner/mnt/ws/install/turtlebot3_msgs/include/turtlebot3_msgs/turtlebot3_msgs/srv/detail/sound__traits.hpp
[0.516s] -- Up-to-date symlink: /home/ros-learner/mnt/ws/install/turtlebot3_msgs/include/turtlebot3_msgs/turtlebot3_msgs/srv/dqn.hpp
[0.516s] -- Up-to-date symlink: /home/ros-learner/mnt/ws/install/turtlebot3_msgs/include/turtlebot3_msgs/turtlebot3_msgs/srv/sound.hpp
[0.516s] -- Up-to-date symlink: /home/ros-learner/mnt/ws/install/turtlebot3_msgs/include/turtlebot3_msgs/turtlebot3_msgs/action/detail/patrol__rosidl_typesupport_fastrtps_cpp.hpp
[0.516s] -- Up-to-date symlink: /home/ros-learner/mnt/ws/install/turtlebot3_msgs/include/turtlebot3_msgs/turtlebot3_msgs/msg/detail/sensor_state__rosidl_typesupport_fastrtps_cpp.hpp
[0.516s] -- Up-to-date symlink: /home/ros-learner/mnt/ws/install/turtlebot3_msgs/include/turtlebot3_msgs/turtlebot3_msgs/msg/detail/sound__rosidl_typesupport_fastrtps_cpp.hpp
[0.516s] -- Up-to-date symlink: /home/ros-learner/mnt/ws/install/turtlebot3_msgs/include/turtlebot3_msgs/turtlebot3_msgs/msg/detail/version_info__rosidl_typesupport_fastrtps_cpp.hpp
[0.516s] -- Up-to-date symlink: /home/ros-learner/mnt/ws/install/turtlebot3_msgs/include/turtlebot3_msgs/turtlebot3_msgs/msg/rosidl_typesupport_fastrtps_cpp__visibility_control.h
[0.516s] -- Up-to-date symlink: /home/ros-learner/mnt/ws/install/turtlebot3_msgs/include/turtlebot3_msgs/turtlebot3_msgs/srv/detail/dqn__rosidl_typesupport_fastrtps_cpp.hpp
[0.516s] -- Up-to-date symlink: /home/ros-learner/mnt/ws/install/turtlebot3_msgs/include/turtlebot3_msgs/turtlebot3_msgs/srv/detail/sound__rosidl_typesupport_fastrtps_cpp.hpp
[0.516s] -- Up-to-date symlink: /home/ros-learner/mnt/ws/install/turtlebot3_msgs/include/turtlebot3_msgs/turtlebot3_msgs/action/detail/patrol__rosidl_typesupport_introspection_c.h
[0.517s] -- Up-to-date symlink: /home/ros-learner/mnt/ws/install/turtlebot3_msgs/include/turtlebot3_msgs/turtlebot3_msgs/msg/detail/sensor_state__rosidl_typesupport_introspection_c.h
[0.517s] -- Up-to-date symlink: /home/ros-learner/mnt/ws/install/turtlebot3_msgs/include/turtlebot3_msgs/turtlebot3_msgs/msg/detail/sound__rosidl_typesupport_introspection_c.h
[0.517s] -- Up-to-date symlink: /home/ros-learner/mnt/ws/install/turtlebot3_msgs/include/turtlebot3_msgs/turtlebot3_msgs/msg/detail/version_info__rosidl_typesupport_introspection_c.h
[0.517s] -- Up-to-date symlink: /home/ros-learner/mnt/ws/install/turtlebot3_msgs/include/turtlebot3_msgs/turtlebot3_msgs/msg/rosidl_typesupport_introspection_c__visibility_control.h
[0.517s] -- Up-to-date symlink: /home/ros-learner/mnt/ws/install/turtlebot3_msgs/include/turtlebot3_msgs/turtlebot3_msgs/srv/detail/dqn__rosidl_typesupport_introspection_c.h
[0.517s] -- Up-to-date symlink: /home/ros-learner/mnt/ws/install/turtlebot3_msgs/include/turtlebot3_msgs/turtlebot3_msgs/srv/detail/sound__rosidl_typesupport_introspection_c.h
[0.517s] -- Up-to-date symlink: /home/ros-learner/mnt/ws/install/turtlebot3_msgs/include/turtlebot3_msgs/turtlebot3_msgs/action/detail/patrol__rosidl_typesupport_introspection_cpp.hpp
[0.517s] -- Up-to-date symlink: /home/ros-learner/mnt/ws/install/turtlebot3_msgs/include/turtlebot3_msgs/turtlebot3_msgs/msg/detail/sensor_state__rosidl_typesupport_introspection_cpp.hpp
[0.518s] -- Up-to-date symlink: /home/ros-learner/mnt/ws/install/turtlebot3_msgs/include/turtlebot3_msgs/turtlebot3_msgs/msg/detail/sound__rosidl_typesupport_introspection_cpp.hpp
[0.518s] -- Up-to-date symlink: /home/ros-learner/mnt/ws/install/turtlebot3_msgs/include/turtlebot3_msgs/turtlebot3_msgs/msg/detail/version_info__rosidl_typesupport_introspection_cpp.hpp
[0.518s] -- Up-to-date symlink: /home/ros-learner/mnt/ws/install/turtlebot3_msgs/include/turtlebot3_msgs/turtlebot3_msgs/srv/detail/dqn__rosidl_typesupport_introspection_cpp.hpp
[0.518s] -- Up-to-date symlink: /home/ros-learner/mnt/ws/install/turtlebot3_msgs/include/turtlebot3_msgs/turtlebot3_msgs/srv/detail/sound__rosidl_typesupport_introspection_cpp.hpp
[0.518s] -- Up-to-date symlink: /home/ros-learner/mnt/ws/install/turtlebot3_msgs/share/turtlebot3_msgs/environment/pythonpath.sh
[0.518s] -- Up-to-date symlink: /home/ros-learner/mnt/ws/install/turtlebot3_msgs/share/turtlebot3_msgs/environment/pythonpath.dsv
[0.518s] -- Up-to-date symlink: /home/ros-learner/mnt/ws/install/turtlebot3_msgs/local/lib/python3.10/dist-packages/turtlebot3_msgs-2.2.3-py3.10.egg-info/PKG-INFO
[0.518s] -- Up-to-date symlink: /home/ros-learner/mnt/ws/install/turtlebot3_msgs/local/lib/python3.10/dist-packages/turtlebot3_msgs-2.2.3-py3.10.egg-info/SOURCES.txt
[0.519s] -- Up-to-date symlink: /home/ros-learner/mnt/ws/install/turtlebot3_msgs/local/lib/python3.10/dist-packages/turtlebot3_msgs-2.2.3-py3.10.egg-info/dependency_links.txt
[0.519s] -- Up-to-date symlink: /home/ros-learner/mnt/ws/install/turtlebot3_msgs/local/lib/python3.10/dist-packages/turtlebot3_msgs-2.2.3-py3.10.egg-info/top_level.txt
[0.519s] -- Up-to-date symlink: /home/ros-learner/mnt/ws/install/turtlebot3_msgs/local/lib/python3.10/dist-packages/turtlebot3_msgs/__init__.py
[0.519s] -- Up-to-date symlink: /home/ros-learner/mnt/ws/install/turtlebot3_msgs/local/lib/python3.10/dist-packages/turtlebot3_msgs/_turtlebot3_msgs_s.ep.rosidl_typesupport_c.c
[0.519s] -- Up-to-date symlink: /home/ros-learner/mnt/ws/install/turtlebot3_msgs/local/lib/python3.10/dist-packages/turtlebot3_msgs/_turtlebot3_msgs_s.ep.rosidl_typesupport_fastrtps_c.c
[0.519s] -- Up-to-date symlink: /home/ros-learner/mnt/ws/install/turtlebot3_msgs/local/lib/python3.10/dist-packages/turtlebot3_msgs/_turtlebot3_msgs_s.ep.rosidl_typesupport_introspection_c.c
[0.520s] -- Up-to-date symlink: /home/ros-learner/mnt/ws/install/turtlebot3_msgs/local/lib/python3.10/dist-packages/turtlebot3_msgs/action/__init__.py
[0.520s] -- Up-to-date symlink: /home/ros-learner/mnt/ws/install/turtlebot3_msgs/local/lib/python3.10/dist-packages/turtlebot3_msgs/action/_patrol.py
[0.520s] -- Up-to-date symlink: /home/ros-learner/mnt/ws/install/turtlebot3_msgs/local/lib/python3.10/dist-packages/turtlebot3_msgs/action/_patrol_s.c
[0.520s] -- Up-to-date symlink: /home/ros-learner/mnt/ws/install/turtlebot3_msgs/local/lib/python3.10/dist-packages/turtlebot3_msgs/libturtlebot3_msgs__rosidl_generator_py.so
[0.520s] -- Up-to-date symlink: /home/ros-learner/mnt/ws/install/turtlebot3_msgs/local/lib/python3.10/dist-packages/turtlebot3_msgs/msg/__init__.py
[0.520s] -- Up-to-date symlink: /home/ros-learner/mnt/ws/install/turtlebot3_msgs/local/lib/python3.10/dist-packages/turtlebot3_msgs/msg/_sensor_state.py
[0.520s] -- Up-to-date symlink: /home/ros-learner/mnt/ws/install/turtlebot3_msgs/local/lib/python3.10/dist-packages/turtlebot3_msgs/msg/_sensor_state_s.c
[0.520s] -- Up-to-date symlink: /home/ros-learner/mnt/ws/install/turtlebot3_msgs/local/lib/python3.10/dist-packages/turtlebot3_msgs/msg/_sound.py
[0.520s] -- Up-to-date symlink: /home/ros-learner/mnt/ws/install/turtlebot3_msgs/local/lib/python3.10/dist-packages/turtlebot3_msgs/msg/_sound_s.c
[0.520s] -- Up-to-date symlink: /home/ros-learner/mnt/ws/install/turtlebot3_msgs/local/lib/python3.10/dist-packages/turtlebot3_msgs/msg/_version_info.py
[0.521s] -- Up-to-date symlink: /home/ros-learner/mnt/ws/install/turtlebot3_msgs/local/lib/python3.10/dist-packages/turtlebot3_msgs/msg/_version_info_s.c
[0.521s] -- Up-to-date symlink: /home/ros-learner/mnt/ws/install/turtlebot3_msgs/local/lib/python3.10/dist-packages/turtlebot3_msgs/srv/__init__.py
[0.521s] -- Up-to-date symlink: /home/ros-learner/mnt/ws/install/turtlebot3_msgs/local/lib/python3.10/dist-packages/turtlebot3_msgs/srv/_dqn.py
[0.521s] -- Up-to-date symlink: /home/ros-learner/mnt/ws/install/turtlebot3_msgs/local/lib/python3.10/dist-packages/turtlebot3_msgs/srv/_dqn_s.c
[0.521s] -- Up-to-date symlink: /home/ros-learner/mnt/ws/install/turtlebot3_msgs/local/lib/python3.10/dist-packages/turtlebot3_msgs/srv/_sound.py
[0.521s] -- Up-to-date symlink: /home/ros-learner/mnt/ws/install/turtlebot3_msgs/local/lib/python3.10/dist-packages/turtlebot3_msgs/srv/_sound_s.c
[0.521s] -- Up-to-date symlink: /home/ros-learner/mnt/ws/install/turtlebot3_msgs/local/lib/python3.10/dist-packages/turtlebot3_msgs/turtlebot3_msgs_s__rosidl_typesupport_c.cpython-310-x86_64-linux-gnu.so
[0.521s] -- Up-to-date symlink: /home/ros-learner/mnt/ws/install/turtlebot3_msgs/local/lib/python3.10/dist-packages/turtlebot3_msgs/turtlebot3_msgs_s__rosidl_typesupport_fastrtps_c.cpython-310-x86_64-linux-gnu.so
[0.521s] -- Up-to-date symlink: /home/ros-learner/mnt/ws/install/turtlebot3_msgs/local/lib/python3.10/dist-packages/turtlebot3_msgs/turtlebot3_msgs_s__rosidl_typesupport_introspection_c.cpython-310-x86_64-linux-gnu.so
[0.522s] -- Up-to-date symlink: /home/ros-learner/mnt/ws/install/turtlebot3_msgs/local/lib/python3.10/dist-packages/turtlebot3_msgs/turtlebot3_msgs_s__rosidl_typesupport_fastrtps_c.cpython-310-x86_64-linux-gnu.so
[0.522s] -- Up-to-date symlink: /home/ros-learner/mnt/ws/install/turtlebot3_msgs/local/lib/python3.10/dist-packages/turtlebot3_msgs/turtlebot3_msgs_s__rosidl_typesupport_introspection_c.cpython-310-x86_64-linux-gnu.so
[0.522s] -- Up-to-date symlink: /home/ros-learner/mnt/ws/install/turtlebot3_msgs/local/lib/python3.10/dist-packages/turtlebot3_msgs/turtlebot3_msgs_s__rosidl_typesupport_c.cpython-310-x86_64-linux-gnu.so
[0.522s] -- Up-to-date symlink: /home/ros-learner/mnt/ws/install/turtlebot3_msgs/share/turtlebot3_msgs/msg/SensorState.idl
[0.522s] -- Up-to-date symlink: /home/ros-learner/mnt/ws/install/turtlebot3_msgs/share/turtlebot3_msgs/msg/Sound.idl
[0.523s] -- Up-to-date symlink: /home/ros-learner/mnt/ws/install/turtlebot3_msgs/share/turtlebot3_msgs/msg/VersionInfo.idl
[0.523s] -- Up-to-date symlink: /home/ros-learner/mnt/ws/install/turtlebot3_msgs/share/turtlebot3_msgs/srv/Sound.idl
[0.523s] -- Up-to-date symlink: /home/ros-learner/mnt/ws/install/turtlebot3_msgs/share/turtlebot3_msgs/srv/Dqn.idl
[0.523s] -- Up-to-date symlink: /home/ros-learner/mnt/ws/install/turtlebot3_msgs/share/turtlebot3_msgs/action/Patrol.idl
[0.523s] -- Up-to-date symlink: /home/ros-learner/mnt/ws/install/turtlebot3_msgs/share/turtlebot3_msgs/msg/SensorState.msg
[0.523s] -- Up-to-date symlink: /home/ros-learner/mnt/ws/install/turtlebot3_msgs/share/turtlebot3_msgs/msg/Sound.msg
[0.523s] -- Up-to-date symlink: /home/ros-learner/mnt/ws/install/turtlebot3_msgs/share/turtlebot3_msgs/msg/VersionInfo.msg
[0.523s] -- Up-to-date symlink: /home/ros-learner/mnt/ws/install/turtlebot3_msgs/share/turtlebot3_msgs/srv/Sound.srv
[0.523s] -- Up-to-date symlink: /home/ros-learner/mnt/ws/install/turtlebot3_msgs/share/turtlebot3_msgs/srv/Sound_Request.msg
[0.523s] -- Up-to-date symlink: /home/ros-learner/mnt/ws/install/turtlebot3_msgs/share/turtlebot3_msgs/srv/Sound_Response.msg
[0.523s] -- Up-to-date symlink: /home/ros-learner/mnt/ws/install/turtlebot3_msgs/share/turtlebot3_msgs/srv/Dqn.srv
[0.524s] -- Up-to-date symlink: /home/ros-learner/mnt/ws/install/turtlebot3_msgs/share/turtlebot3_msgs/srv/Dqn_Request.msg
[0.524s] -- Up-to-date symlink: /home/ros-learner/mnt/ws/install/turtlebot3_msgs/share/turtlebot3_msgs/srv/Dqn_Response.msg
[0.524s] -- Up-to-date symlink: /home/ros-learner/mnt/ws/install/turtlebot3_msgs/share/turtlebot3_msgs/action/Patrol.action
[0.524s] -- Up-to-date symlink: /home/ros-learner/mnt/ws/install/turtlebot3_msgs/share/ament_index/resource_index/package_run_dependencies/turtlebot3_msgs
[0.524s] -- Up-to-date symlink: /home/ros-learner/mnt/ws/install/turtlebot3_msgs/share/ament_index/resource_index/parent_prefix_path/turtlebot3_msgs
[0.524s] -- Up-to-date symlink: /home/ros-learner/mnt/ws/install/turtlebot3_msgs/share/turtlebot3_msgs/environment/ament_prefix_path.sh
[0.525s] -- Up-to-date symlink: /home/ros-learner/mnt/ws/install/turtlebot3_msgs/share/turtlebot3_msgs/environment/ament_prefix_path.dsv
[0.525s] -- Up-to-date symlink: /home/ros-learner/mnt/ws/install/turtlebot3_msgs/share/turtlebot3_msgs/environment/path.sh
[0.525s] -- Up-to-date symlink: /home/ros-learner/mnt/ws/install/turtlebot3_msgs/share/turtlebot3_msgs/environment/path.dsv
[0.525s] -- Up-to-date symlink: /home/ros-learner/mnt/ws/install/turtlebot3_msgs/share/turtlebot3_msgs/local_setup.bash
[0.525s] -- Up-to-date symlink: /home/ros-learner/mnt/ws/install/turtlebot3_msgs/share/turtlebot3_msgs/local_setup.sh
[0.525s] -- Up-to-date symlink: /home/ros-learner/mnt/ws/install/turtlebot3_msgs/share/turtlebot3_msgs/local_setup.zsh
[0.525s] -- Up-to-date symlink: /home/ros-learner/mnt/ws/install/turtlebot3_msgs/share/turtlebot3_msgs/local_setup.dsv
[0.526s] -- Symlinking: /home/ros-learner/mnt/ws/install/turtlebot3_msgs/share/turtlebot3_msgs/package.dsv
[0.533s] -- Up-to-date symlink: /home/ros-learner/mnt/ws/install/turtlebot3_msgs/share/ament_index/resource_index/packages/turtlebot3_msgs
[0.533s] -- Up-to-date symlink: /home/ros-learner/mnt/ws/install/turtlebot3_msgs/share/turtlebot3_msgs/cmake/rosidl_cmake-extras.cmake
[0.533s] -- Up-to-date symlink: /home/ros-learner/mnt/ws/install/turtlebot3_msgs/share/turtlebot3_msgs/cmake/ament_cmake_export_dependencies-extras.cmake
[0.533s] -- Up-to-date symlink: /home/ros-learner/mnt/ws/install/turtlebot3_msgs/share/turtlebot3_msgs/cmake/ament_cmake_export_include_directories-extras.cmake
[0.533s] -- Up-to-date symlink: /home/ros-learner/mnt/ws/install/turtlebot3_msgs/share/turtlebot3_msgs/cmake/ament_cmake_export_libraries-extras.cmake
[0.533s] -- Up-to-date symlink: /home/ros-learner/mnt/ws/install/turtlebot3_msgs/share/turtlebot3_msgs/cmake/ament_cmake_export_targets-extras.cmake
[0.533s] -- Up-to-date symlink: /home/ros-learner/mnt/ws/install/turtlebot3_msgs/share/turtlebot3_msgs/cmake/rosidl_cmake_export_typesupport_targets-extras.cmake
[0.533s] -- Up-to-date symlink: /home/ros-learner/mnt/ws/install/turtlebot3_msgs/share/turtlebot3_msgs/cmake/rosidl_cmake_export_typesupport_libraries-extras.cmake
[0.533s] -- Up-to-date symlink: /home/ros-learner/mnt/ws/install/turtlebot3_msgs/share/turtlebot3_msgs/cmake/turtlebot3_msgsConfig.cmake
[0.533s] -- Up-to-date symlink: /home/ros-learner/mnt/ws/install/turtlebot3_msgs/share/turtlebot3_msgs/cmake/turtlebot3_msgsConfig-version.cmake
[0.534s] -- Up-to-date symlink: /home/ros-learner/mnt/ws/install/turtlebot3_msgs/share/turtlebot3_msgs/package.xml
[0.534s] -- Up-to-date: /home/ros-learner/mnt/ws/install/turtlebot3_msgs/lib/libturtlebot3_msgs__rosidl_generator_c.so
[0.534s] -- Up-to-date: /home/ros-learner/mnt/ws/install/turtlebot3_msgs/lib/libturtlebot3_msgs__rosidl_typesupport_fastrtps_c.so
[0.534s] -- Up-to-date: /home/ros-learner/mnt/ws/install/turtlebot3_msgs/lib/libturtlebot3_msgs__rosidl_typesupport_fastrtps_cpp.so
[0.534s] -- Up-to-date: /home/ros-learner/mnt/ws/install/turtlebot3_msgs/lib/libturtlebot3_msgs__rosidl_typesupport_introspection_c.so
[0.534s] -- Up-to-date: /home/ros-learner/mnt/ws/install/turtlebot3_msgs/lib/libturtlebot3_msgs__rosidl_typesupport_c.so
[0.535s] -- Up-to-date: /home/ros-learner/mnt/ws/install/turtlebot3_msgs/lib/libturtlebot3_msgs__rosidl_typesupport_introspection_cpp.so
[0.535s] -- Up-to-date: /home/ros-learner/mnt/ws/install/turtlebot3_msgs/lib/libturtlebot3_msgs__rosidl_typesupport_cpp.so
[0.559s] Listing '/home/ros-learner/mnt/ws/install/turtlebot3_msgs/local/lib/python3.10/dist-packages/turtlebot3_msgs'...
[0.559s] Listing '/home/ros-learner/mnt/ws/install/turtlebot3_msgs/local/lib/python3.10/dist-packages/turtlebot3_msgs/action'...
[0.559s] Listing '/home/ros-learner/mnt/ws/install/turtlebot3_msgs/local/lib/python3.10/dist-packages/turtlebot3_msgs/msg'...
[0.559s] Listing '/home/ros-learner/mnt/ws/install/turtlebot3_msgs/local/lib/python3.10/dist-packages/turtlebot3_msgs/srv'...
[0.562s] -- Up-to-date: /home/ros-learner/mnt/ws/install/turtlebot3_msgs/lib/libturtlebot3_msgs__rosidl_generator_py.so
[0.562s] -- Up-to-date: /home/ros-learner/mnt/ws/install/turtlebot3_msgs/share/turtlebot3_msgs/cmake/export_turtlebot3_msgs__rosidl_generator_cExport.cmake
[0.562s] -- Up-to-date: /home/ros-learner/mnt/ws/install/turtlebot3_msgs/share/turtlebot3_msgs/cmake/export_turtlebot3_msgs__rosidl_generator_cExport-noconfig.cmake
[0.563s] -- Up-to-date: /home/ros-learner/mnt/ws/install/turtlebot3_msgs/share/turtlebot3_msgs/cmake/export_turtlebot3_msgs__rosidl_typesupport_fastrtps_cExport.cmake
[0.563s] -- Up-to-date: /home/ros-learner/mnt/ws/install/turtlebot3_msgs/share/turtlebot3_msgs/cmake/export_turtlebot3_msgs__rosidl_typesupport_fastrtps_cExport-noconfig.cmake
[0.563s] -- Up-to-date: /home/ros-learner/mnt/ws/install/turtlebot3_msgs/share/turtlebot3_msgs/cmake/export_turtlebot3_msgs__rosidl_generator_cppExport.cmake
[0.563s] -- Up-to-date: /home/ros-learner/mnt/ws/install/turtlebot3_msgs/share/turtlebot3_msgs/cmake/export_turtlebot3_msgs__rosidl_typesupport_fastrtps_cppExport.cmake
[0.563s] -- Up-to-date: /home/ros-learner/mnt/ws/install/turtlebot3_msgs/share/turtlebot3_msgs/cmake/export_turtlebot3_msgs__rosidl_typesupport_fastrtps_cppExport-noconfig.cmake
[0.563s] -- Up-to-date: /home/ros-learner/mnt/ws/install/turtlebot3_msgs/share/turtlebot3_msgs/cmake/turtlebot3_msgs__rosidl_typesupport_introspection_cExport.cmake
[0.563s] -- Up-to-date: /home/ros-learner/mnt/ws/install/turtlebot3_msgs/share/turtlebot3_msgs/cmake/turtlebot3_msgs__rosidl_typesupport_introspection_cExport-noconfig.cmake
[0.563s] -- Up-to-date: /home/ros-learner/mnt/ws/install/turtlebot3_msgs/share/turtlebot3_msgs/cmake/turtlebot3_msgs__rosidl_typesupport_cExport.cmake
[0.563s] -- Up-to-date: /home/ros-learner/mnt/ws/install/turtlebot3_msgs/share/turtlebot3_msgs/cmake/turtlebot3_msgs__rosidl_typesupport_cExport-noconfig.cmake
[0.563s] -- Up-to-date: /home/ros-learner/mnt/ws/install/turtlebot3_msgs/share/turtlebot3_msgs/cmake/turtlebot3_msgs__rosidl_typesupport_introspection_cppExport.cmake
[0.563s] -- Up-to-date: /home/ros-learner/mnt/ws/install/turtlebot3_msgs/share/turtlebot3_msgs/cmake/turtlebot3_msgs__rosidl_typesupport_introspection_cppExport-noconfig.cmake
[0.563s] -- Up-to-date: /home/ros-learner/mnt/ws/install/turtlebot3_msgs/share/turtlebot3_msgs/cmake/turtlebot3_msgs__rosidl_typesupport_cppExport.cmake
[0.563s] -- Up-to-date: /home/ros-learner/mnt/ws/install/turtlebot3_msgs/share/turtlebot3_msgs/cmake/turtlebot3_msgs__rosidl_typesupport_cppExport-noconfig.cmake
[0.563s] -- Up-to-date: /home/ros-learner/mnt/ws/install/turtlebot3_msgs/share/turtlebot3_msgs/cmake/export_turtlebot3_msgs__rosidl_generator_pyExport.cmake
[0.564s] -- Up-to-date: /home/ros-learner/mnt/ws/install/turtlebot3_msgs/share/turtlebot3_msgs/cmake/export_turtlebot3_msgs__rosidl_generator_pyExport-noconfig.cmake
[0.565s] Invoked command in '/home/ros-learner/mnt/ws/build/turtlebot3_msgs' returned '0': CMAKE_PREFIX_PATH=${CMAKE_PREFIX_PATH}:/home/ros-learner/mnt/ws/install/turtlebot3_teleop:/home/ros-learner/mnt/ws/install/turtlebot3_example:/opt/ros/humble /usr/bin/cmake --install /home/ros-learner/mnt/ws/build/turtlebot3_msgs
