[0.026s] Invoking command in '/home/ros-learner/mnt/ws/build/turtlebot3_navigation2': CMAKE_PREFIX_PATH=${CMAKE_PREFIX_PATH}:/home/ros-learner/mnt/ws/install/turtlebot3_teleop:/home/ros-learner/mnt/ws/install/turtlebot3_example:/opt/ros/humble /usr/bin/cmake --build /home/ros-learner/mnt/ws/build/turtlebot3_navigation2 -- -j16 -l16
[0.255s] Invoked command in '/home/ros-learner/mnt/ws/build/turtlebot3_navigation2' returned '0': CMAKE_PREFIX_PATH=${CMAKE_PREFIX_PATH}:/home/ros-learner/mnt/ws/install/turtlebot3_teleop:/home/ros-learner/mnt/ws/install/turtlebot3_example:/opt/ros/humble /usr/bin/cmake --build /home/ros-learner/mnt/ws/build/turtlebot3_navigation2 -- -j16 -l16
[0.284s] Invoking command in '/home/ros-learner/mnt/ws/build/turtlebot3_navigation2': CMAKE_PREFIX_PATH=${CMAKE_PREFIX_PATH}:/home/ros-learner/mnt/ws/install/turtlebot3_teleop:/home/ros-learner/mnt/ws/install/turtlebot3_example:/opt/ros/humble /usr/bin/cmake --install /home/ros-learner/mnt/ws/build/turtlebot3_navigation2
[0.292s] -- Install configuration: ""
[0.293s] -- Execute custom install script
[0.293s] -- Up-to-date symlink: /home/ros-learner/mnt/ws/install/turtlebot3_navigation2/share/turtlebot3_navigation2/launch/navigation2.launch.py
[0.293s] -- Up-to-date symlink: /home/ros-learner/mnt/ws/install/turtlebot3_navigation2/share/turtlebot3_navigation2/map/map.pgm
[0.293s] -- Up-to-date symlink: /home/ros-learner/mnt/ws/install/turtlebot3_navigation2/share/turtlebot3_navigation2/map/map.yaml
[0.293s] -- Up-to-date symlink: /home/ros-learner/mnt/ws/install/turtlebot3_navigation2/share/turtlebot3_navigation2/param/burger.yaml
[0.293s] -- Up-to-date symlink: /home/ros-learner/mnt/ws/install/turtlebot3_navigation2/share/turtlebot3_navigation2/param/waffle.yaml
[0.294s] -- Up-to-date symlink: /home/ros-learner/mnt/ws/install/turtlebot3_navigation2/share/turtlebot3_navigation2/param/waffle_pi.yaml
[0.294s] -- Up-to-date symlink: /home/ros-learner/mnt/ws/install/turtlebot3_navigation2/share/turtlebot3_navigation2/rviz/tb3_navigation2.rviz
[0.294s] -- Up-to-date symlink: /home/ros-learner/mnt/ws/install/turtlebot3_navigation2/share/ament_index/resource_index/package_run_dependencies/turtlebot3_navigation2
[0.295s] -- Up-to-date symlink: /home/ros-learner/mnt/ws/install/turtlebot3_navigation2/share/ament_index/resource_index/parent_prefix_path/turtlebot3_navigation2
[0.295s] -- Up-to-date symlink: /home/ros-learner/mnt/ws/install/turtlebot3_navigation2/share/turtlebot3_navigation2/environment/ament_prefix_path.sh
[0.295s] -- Up-to-date symlink: /home/ros-learner/mnt/ws/install/turtlebot3_navigation2/share/turtlebot3_navigation2/environment/ament_prefix_path.dsv
[0.295s] -- Up-to-date symlink: /home/ros-learner/mnt/ws/install/turtlebot3_navigation2/share/turtlebot3_navigation2/environment/path.sh
[0.295s] -- Up-to-date symlink: /home/ros-learner/mnt/ws/install/turtlebot3_navigation2/share/turtlebot3_navigation2/environment/path.dsv
[0.295s] -- Up-to-date symlink: /home/ros-learner/mnt/ws/install/turtlebot3_navigation2/share/turtlebot3_navigation2/local_setup.bash
[0.295s] -- Up-to-date symlink: /home/ros-learner/mnt/ws/install/turtlebot3_navigation2/share/turtlebot3_navigation2/local_setup.sh
[0.296s] -- Up-to-date symlink: /home/ros-learner/mnt/ws/install/turtlebot3_navigation2/share/turtlebot3_navigation2/local_setup.zsh
[0.296s] -- Up-to-date symlink: /home/ros-learner/mnt/ws/install/turtlebot3_navigation2/share/turtlebot3_navigation2/local_setup.dsv
[0.296s] -- Symlinking: /home/ros-learner/mnt/ws/install/turtlebot3_navigation2/share/turtlebot3_navigation2/package.dsv
[0.305s] -- Up-to-date symlink: /home/ros-learner/mnt/ws/install/turtlebot3_navigation2/share/ament_index/resource_index/packages/turtlebot3_navigation2
[0.305s] -- Up-to-date symlink: /home/ros-learner/mnt/ws/install/turtlebot3_navigation2/share/turtlebot3_navigation2/cmake/turtlebot3_navigation2Config.cmake
[0.305s] -- Up-to-date symlink: /home/ros-learner/mnt/ws/install/turtlebot3_navigation2/share/turtlebot3_navigation2/cmake/turtlebot3_navigation2Config-version.cmake
[0.306s] -- Up-to-date symlink: /home/ros-learner/mnt/ws/install/turtlebot3_navigation2/share/turtlebot3_navigation2/package.xml
[0.323s] Invoked command in '/home/ros-learner/mnt/ws/build/turtlebot3_navigation2' returned '0': CMAKE_PREFIX_PATH=${CMAKE_PREFIX_PATH}:/home/ros-learner/mnt/ws/install/turtlebot3_teleop:/home/ros-learner/mnt/ws/install/turtlebot3_example:/opt/ros/humble /usr/bin/cmake --install /home/ros-learner/mnt/ws/build/turtlebot3_navigation2
