[0.045s] Invoking command in '/home/ros-learner/mnt/ws/build/turtlebot3_cartographer': CMAKE_PREFIX_PATH=/opt/ros/humble /usr/bin/cmake /home/ros-learner/mnt/ws/src/turtlebot3/turtlebot3_cartographer -DAMENT_CMAKE_SYMLINK_INSTALL=1 -DCMAKE_INSTALL_PREFIX=/home/ros-learner/mnt/ws/install/turtlebot3_cartographer
[0.104s] -- The C compiler identification is GNU 11.4.0
[0.167s] -- The CXX compiler identification is GNU 11.4.0
[0.173s] -- Detecting C compiler ABI info
[0.247s] -- Detecting C compiler ABI info - done
[0.255s] -- Check for working C compiler: /usr/bin/cc - skipped
[0.255s] -- Detecting C compile features
[0.255s] -- Detecting C compile features - done
[0.259s] -- Detecting CXX compiler ABI info
[0.372s] -- Detecting CXX compiler ABI info - done
[0.389s] -- Check for working CXX compiler: /usr/bin/c++ - skipped
[0.389s] -- Detecting CXX compile features
[0.389s] -- Detecting CXX compile features - done
[0.390s] -- Found ament_cmake: 1.3.10 (/opt/ros/humble/share/ament_cmake/cmake)
[0.586s] -- Found Python3: /usr/bin/python3 (found version "3.10.12") found components: Interpreter 
[0.687s] -- Override CMake install command with custom implementation using symlinks instead of copying resources
[0.835s] -- Configuring done
[0.839s] -- Generating done
[0.840s] -- Build files have been written to: /home/ros-learner/mnt/ws/build/turtlebot3_cartographer
[0.859s] Invoked command in '/home/ros-learner/mnt/ws/build/turtlebot3_cartographer' returned '0': CMAKE_PREFIX_PATH=/opt/ros/humble /usr/bin/cmake /home/ros-learner/mnt/ws/src/turtlebot3/turtlebot3_cartographer -DAMENT_CMAKE_SYMLINK_INSTALL=1 -DCMAKE_INSTALL_PREFIX=/home/ros-learner/mnt/ws/install/turtlebot3_cartographer
[0.860s] Invoking command in '/home/ros-learner/mnt/ws/build/turtlebot3_cartographer': CMAKE_PREFIX_PATH=/opt/ros/humble /usr/bin/cmake --build /home/ros-learner/mnt/ws/build/turtlebot3_cartographer -- -j16 -l16
[0.926s] Invoked command in '/home/ros-learner/mnt/ws/build/turtlebot3_cartographer' returned '0': CMAKE_PREFIX_PATH=/opt/ros/humble /usr/bin/cmake --build /home/ros-learner/mnt/ws/build/turtlebot3_cartographer -- -j16 -l16
[1.000s] Invoking command in '/home/ros-learner/mnt/ws/build/turtlebot3_cartographer': CMAKE_PREFIX_PATH=/opt/ros/humble /usr/bin/cmake --install /home/ros-learner/mnt/ws/build/turtlebot3_cartographer
[1.009s] -- Install configuration: ""
[1.009s] -- Execute custom install script
[1.009s] -- Symlinking: /home/ros-learner/mnt/ws/install/turtlebot3_cartographer/share/turtlebot3_cartographer/config/turtlebot3_lds_2d.lua
[1.022s] -- Symlinking: /home/ros-learner/mnt/ws/install/turtlebot3_cartographer/share/turtlebot3_cartographer/launch/cartographer.launch.py
[1.037s] -- Symlinking: /home/ros-learner/mnt/ws/install/turtlebot3_cartographer/share/turtlebot3_cartographer/launch/occupancy_grid.launch.py
[1.064s] -- Symlinking: /home/ros-learner/mnt/ws/install/turtlebot3_cartographer/share/turtlebot3_cartographer/rviz/tb3_cartographer.rviz
[1.086s] -- Symlinking: /home/ros-learner/mnt/ws/install/turtlebot3_cartographer/share/ament_index/resource_index/package_run_dependencies/turtlebot3_cartographer
[1.103s] -- Symlinking: /home/ros-learner/mnt/ws/install/turtlebot3_cartographer/share/ament_index/resource_index/parent_prefix_path/turtlebot3_cartographer
[1.118s] -- Symlinking: /home/ros-learner/mnt/ws/install/turtlebot3_cartographer/share/turtlebot3_cartographer/environment/ament_prefix_path.sh
[1.136s] -- Symlinking: /home/ros-learner/mnt/ws/install/turtlebot3_cartographer/share/turtlebot3_cartographer/environment/ament_prefix_path.dsv
[1.152s] -- Symlinking: /home/ros-learner/mnt/ws/install/turtlebot3_cartographer/share/turtlebot3_cartographer/environment/path.sh
[1.167s] -- Symlinking: /home/ros-learner/mnt/ws/install/turtlebot3_cartographer/share/turtlebot3_cartographer/environment/path.dsv
[1.185s] -- Symlinking: /home/ros-learner/mnt/ws/install/turtlebot3_cartographer/share/turtlebot3_cartographer/local_setup.bash
[1.203s] -- Symlinking: /home/ros-learner/mnt/ws/install/turtlebot3_cartographer/share/turtlebot3_cartographer/local_setup.sh
[1.219s] -- Symlinking: /home/ros-learner/mnt/ws/install/turtlebot3_cartographer/share/turtlebot3_cartographer/local_setup.zsh
[1.244s] -- Symlinking: /home/ros-learner/mnt/ws/install/turtlebot3_cartographer/share/turtlebot3_cartographer/local_setup.dsv
[1.262s] -- Symlinking: /home/ros-learner/mnt/ws/install/turtlebot3_cartographer/share/turtlebot3_cartographer/package.dsv
[1.283s] -- Symlinking: /home/ros-learner/mnt/ws/install/turtlebot3_cartographer/share/ament_index/resource_index/packages/turtlebot3_cartographer
[1.298s] -- Symlinking: /home/ros-learner/mnt/ws/install/turtlebot3_cartographer/share/turtlebot3_cartographer/cmake/turtlebot3_cartographerConfig.cmake
[1.317s] -- Symlinking: /home/ros-learner/mnt/ws/install/turtlebot3_cartographer/share/turtlebot3_cartographer/cmake/turtlebot3_cartographerConfig-version.cmake
[1.335s] -- Symlinking: /home/ros-learner/mnt/ws/install/turtlebot3_cartographer/share/turtlebot3_cartographer/package.xml
[1.353s] Invoked command in '/home/ros-learner/mnt/ws/build/turtlebot3_cartographer' returned '0': CMAKE_PREFIX_PATH=/opt/ros/humble /usr/bin/cmake --install /home/ros-learner/mnt/ws/build/turtlebot3_cartographer
