[0.009s] Invoking command in '/home/ros-learner/mnt/ws/build/turtlebot3_simulations': AMENT_PREFIX_PATH=/home/ros-learner/mnt/ws/install/turtlebot3_fake_node:/home/ros-learner/mnt/ws/install/turtlebot3_msgs:/home/ros-learner/mnt/ws/install/turtlebot3_gazebo:${AMENT_PREFIX_PATH} CMAKE_PREFIX_PATH=/home/ros-learner/mnt/ws/install/turtlebot3_fake_node:/home/ros-learner/mnt/ws/install/turtlebot3_msgs:/home/ros-learner/mnt/ws/install/turtlebot3_gazebo:/opt/ros/humble LD_LIBRARY_PATH=/home/ros-learner/mnt/ws/install/turtlebot3_msgs/lib:/usr/lib/x86_64-linux-gnu/gazebo-11/plugins:/opt/ros/humble/opt/rviz_ogre_vendor/lib:/opt/ros/humble/lib/x86_64-linux-gnu:/opt/ros/humble/lib:/usr/lib/x86_64-linux-gnu/gazebo-11/plugins PYTHONPATH=/home/ros-learner/mnt/ws/install/turtlebot3_msgs/local/lib/python3.10/dist-packages:${PYTHONPATH} /usr/bin/cmake /home/ros-learner/mnt/ws/src/turtlebot3_simulations/turtlebot3_simulations -DAMENT_CMAKE_SYMLINK_INSTALL=1 -DCMAKE_INSTALL_PREFIX=/home/ros-learner/mnt/ws/install/turtlebot3_simulations
[0.076s] -- The C compiler identification is GNU 11.4.0
[0.132s] -- The CXX compiler identification is GNU 11.4.0
[0.140s] -- Detecting C compiler ABI info
[0.192s] -- Detecting C compiler ABI info - done
[0.198s] -- Check for working C compiler: /usr/bin/cc - skipped
[0.198s] -- Detecting C compile features
[0.198s] -- Detecting C compile features - done
[0.201s] -- Detecting CXX compiler ABI info
[0.255s] -- Detecting CXX compiler ABI info - done
[0.261s] -- Check for working CXX compiler: /usr/bin/c++ - skipped
[0.261s] -- Detecting CXX compile features
[0.262s] -- Detecting CXX compile features - done
[0.269s] -- Found ament_cmake: 1.3.10 (/opt/ros/humble/share/ament_cmake/cmake)
[0.393s] -- Found Python3: /usr/bin/python3 (found version "3.10.12") found components: Interpreter 
[0.454s] -- Override CMake install command with custom implementation using symlinks instead of copying resources
[0.553s] -- Configuring done
[0.555s] -- Generating done
[0.555s] -- Build files have been written to: /home/ros-learner/mnt/ws/build/turtlebot3_simulations
[0.559s] Invoked command in '/home/ros-learner/mnt/ws/build/turtlebot3_simulations' returned '0': AMENT_PREFIX_PATH=/home/ros-learner/mnt/ws/install/turtlebot3_fake_node:/home/ros-learner/mnt/ws/install/turtlebot3_msgs:/home/ros-learner/mnt/ws/install/turtlebot3_gazebo:${AMENT_PREFIX_PATH} CMAKE_PREFIX_PATH=/home/ros-learner/mnt/ws/install/turtlebot3_fake_node:/home/ros-learner/mnt/ws/install/turtlebot3_msgs:/home/ros-learner/mnt/ws/install/turtlebot3_gazebo:/opt/ros/humble LD_LIBRARY_PATH=/home/ros-learner/mnt/ws/install/turtlebot3_msgs/lib:/usr/lib/x86_64-linux-gnu/gazebo-11/plugins:/opt/ros/humble/opt/rviz_ogre_vendor/lib:/opt/ros/humble/lib/x86_64-linux-gnu:/opt/ros/humble/lib:/usr/lib/x86_64-linux-gnu/gazebo-11/plugins PYTHONPATH=/home/ros-learner/mnt/ws/install/turtlebot3_msgs/local/lib/python3.10/dist-packages:${PYTHONPATH} /usr/bin/cmake /home/ros-learner/mnt/ws/src/turtlebot3_simulations/turtlebot3_simulations -DAMENT_CMAKE_SYMLINK_INSTALL=1 -DCMAKE_INSTALL_PREFIX=/home/ros-learner/mnt/ws/install/turtlebot3_simulations
[0.560s] Invoking command in '/home/ros-learner/mnt/ws/build/turtlebot3_simulations': AMENT_PREFIX_PATH=/home/ros-learner/mnt/ws/install/turtlebot3_fake_node:/home/ros-learner/mnt/ws/install/turtlebot3_msgs:/home/ros-learner/mnt/ws/install/turtlebot3_gazebo:${AMENT_PREFIX_PATH} CMAKE_PREFIX_PATH=/home/ros-learner/mnt/ws/install/turtlebot3_fake_node:/home/ros-learner/mnt/ws/install/turtlebot3_msgs:/home/ros-learner/mnt/ws/install/turtlebot3_gazebo:/opt/ros/humble LD_LIBRARY_PATH=/home/ros-learner/mnt/ws/install/turtlebot3_msgs/lib:/usr/lib/x86_64-linux-gnu/gazebo-11/plugins:/opt/ros/humble/opt/rviz_ogre_vendor/lib:/opt/ros/humble/lib/x86_64-linux-gnu:/opt/ros/humble/lib:/usr/lib/x86_64-linux-gnu/gazebo-11/plugins PYTHONPATH=/home/ros-learner/mnt/ws/install/turtlebot3_msgs/local/lib/python3.10/dist-packages:${PYTHONPATH} /usr/bin/cmake --build /home/ros-learner/mnt/ws/build/turtlebot3_simulations -- -j16 -l16
[0.588s] Invoked command in '/home/ros-learner/mnt/ws/build/turtlebot3_simulations' returned '0': AMENT_PREFIX_PATH=/home/ros-learner/mnt/ws/install/turtlebot3_fake_node:/home/ros-learner/mnt/ws/install/turtlebot3_msgs:/home/ros-learner/mnt/ws/install/turtlebot3_gazebo:${AMENT_PREFIX_PATH} CMAKE_PREFIX_PATH=/home/ros-learner/mnt/ws/install/turtlebot3_fake_node:/home/ros-learner/mnt/ws/install/turtlebot3_msgs:/home/ros-learner/mnt/ws/install/turtlebot3_gazebo:/opt/ros/humble LD_LIBRARY_PATH=/home/ros-learner/mnt/ws/install/turtlebot3_msgs/lib:/usr/lib/x86_64-linux-gnu/gazebo-11/plugins:/opt/ros/humble/opt/rviz_ogre_vendor/lib:/opt/ros/humble/lib/x86_64-linux-gnu:/opt/ros/humble/lib:/usr/lib/x86_64-linux-gnu/gazebo-11/plugins PYTHONPATH=/home/ros-learner/mnt/ws/install/turtlebot3_msgs/local/lib/python3.10/dist-packages:${PYTHONPATH} /usr/bin/cmake --build /home/ros-learner/mnt/ws/build/turtlebot3_simulations -- -j16 -l16
[0.603s] Invoking command in '/home/ros-learner/mnt/ws/build/turtlebot3_simulations': AMENT_PREFIX_PATH=/home/ros-learner/mnt/ws/install/turtlebot3_fake_node:/home/ros-learner/mnt/ws/install/turtlebot3_msgs:/home/ros-learner/mnt/ws/install/turtlebot3_gazebo:${AMENT_PREFIX_PATH} CMAKE_PREFIX_PATH=/home/ros-learner/mnt/ws/install/turtlebot3_fake_node:/home/ros-learner/mnt/ws/install/turtlebot3_msgs:/home/ros-learner/mnt/ws/install/turtlebot3_gazebo:/opt/ros/humble LD_LIBRARY_PATH=/home/ros-learner/mnt/ws/install/turtlebot3_msgs/lib:/usr/lib/x86_64-linux-gnu/gazebo-11/plugins:/opt/ros/humble/opt/rviz_ogre_vendor/lib:/opt/ros/humble/lib/x86_64-linux-gnu:/opt/ros/humble/lib:/usr/lib/x86_64-linux-gnu/gazebo-11/plugins PYTHONPATH=/home/ros-learner/mnt/ws/install/turtlebot3_msgs/local/lib/python3.10/dist-packages:${PYTHONPATH} /usr/bin/cmake --install /home/ros-learner/mnt/ws/build/turtlebot3_simulations
[0.609s] -- Install configuration: ""
[0.609s] -- Execute custom install script
[0.609s] -- Symlinking: /home/ros-learner/mnt/ws/install/turtlebot3_simulations/share/ament_index/resource_index/package_run_dependencies/turtlebot3_simulations
[0.616s] -- Symlinking: /home/ros-learner/mnt/ws/install/turtlebot3_simulations/share/ament_index/resource_index/parent_prefix_path/turtlebot3_simulations
[0.621s] -- Symlinking: /home/ros-learner/mnt/ws/install/turtlebot3_simulations/share/turtlebot3_simulations/environment/ament_prefix_path.sh
[0.628s] -- Symlinking: /home/ros-learner/mnt/ws/install/turtlebot3_simulations/share/turtlebot3_simulations/environment/ament_prefix_path.dsv
[0.634s] -- Symlinking: /home/ros-learner/mnt/ws/install/turtlebot3_simulations/share/turtlebot3_simulations/environment/path.sh
[0.640s] -- Symlinking: /home/ros-learner/mnt/ws/install/turtlebot3_simulations/share/turtlebot3_simulations/environment/path.dsv
[0.647s] -- Symlinking: /home/ros-learner/mnt/ws/install/turtlebot3_simulations/share/turtlebot3_simulations/local_setup.bash
[0.653s] -- Symlinking: /home/ros-learner/mnt/ws/install/turtlebot3_simulations/share/turtlebot3_simulations/local_setup.sh
[0.660s] -- Symlinking: /home/ros-learner/mnt/ws/install/turtlebot3_simulations/share/turtlebot3_simulations/local_setup.zsh
[0.666s] -- Symlinking: /home/ros-learner/mnt/ws/install/turtlebot3_simulations/share/turtlebot3_simulations/local_setup.dsv
[0.672s] -- Symlinking: /home/ros-learner/mnt/ws/install/turtlebot3_simulations/share/turtlebot3_simulations/package.dsv
[0.679s] -- Symlinking: /home/ros-learner/mnt/ws/install/turtlebot3_simulations/share/ament_index/resource_index/packages/turtlebot3_simulations
[0.685s] -- Symlinking: /home/ros-learner/mnt/ws/install/turtlebot3_simulations/share/turtlebot3_simulations/cmake/turtlebot3_simulationsConfig.cmake
[0.692s] -- Symlinking: /home/ros-learner/mnt/ws/install/turtlebot3_simulations/share/turtlebot3_simulations/cmake/turtlebot3_simulationsConfig-version.cmake
[0.698s] -- Symlinking: /home/ros-learner/mnt/ws/install/turtlebot3_simulations/share/turtlebot3_simulations/package.xml
[0.706s] Invoked command in '/home/ros-learner/mnt/ws/build/turtlebot3_simulations' returned '0': AMENT_PREFIX_PATH=/home/ros-learner/mnt/ws/install/turtlebot3_fake_node:/home/ros-learner/mnt/ws/install/turtlebot3_msgs:/home/ros-learner/mnt/ws/install/turtlebot3_gazebo:${AMENT_PREFIX_PATH} CMAKE_PREFIX_PATH=/home/ros-learner/mnt/ws/install/turtlebot3_fake_node:/home/ros-learner/mnt/ws/install/turtlebot3_msgs:/home/ros-learner/mnt/ws/install/turtlebot3_gazebo:/opt/ros/humble LD_LIBRARY_PATH=/home/ros-learner/mnt/ws/install/turtlebot3_msgs/lib:/usr/lib/x86_64-linux-gnu/gazebo-11/plugins:/opt/ros/humble/opt/rviz_ogre_vendor/lib:/opt/ros/humble/lib/x86_64-linux-gnu:/opt/ros/humble/lib:/usr/lib/x86_64-linux-gnu/gazebo-11/plugins PYTHONPATH=/home/ros-learner/mnt/ws/install/turtlebot3_msgs/local/lib/python3.10/dist-packages:${PYTHONPATH} /usr/bin/cmake --install /home/ros-learner/mnt/ws/build/turtlebot3_simulations
