[0.251s] Invoking command in '/home/ros-learner/mnt/ws/build/turtlebot3_localization': CMAKE_PREFIX_PATH=${CMAKE_PREFIX_PATH}:/home/ros-learner/mnt/ws/install/turtlebot3_localization:/home/ros-learner/mnt/ws/install/turtlebot3_teleop:/home/ros-learner/mnt/ws/install/turtlebot3_example:/opt/ros/humble /usr/bin/cmake /home/ros-learner/mnt/ws/src/turtlebot3_localization -DCMAKE_INSTALL_PREFIX=/home/ros-learner/mnt/ws/install/turtlebot3_localization
[0.341s] -- The C compiler identification is GNU 11.4.0
[0.418s] -- The CXX compiler identification is GNU 11.4.0
[0.426s] -- Detecting C compiler ABI info
[0.480s] -- Detecting C compiler ABI info - done
[0.485s] -- Check for working C compiler: /usr/bin/cc - skipped
[0.485s] -- Detecting C compile features
[0.486s] -- Detecting C compile features - done
[0.489s] -- Detecting CXX compiler ABI info
[0.549s] -- Detecting CXX compiler ABI info - done
[0.557s] -- Check for working CXX compiler: /usr/bin/c++ - skipped
[0.557s] -- Detecting CXX compile features
[0.558s] -- Detecting CXX compile features - done
[0.562s] -- Found ament_cmake: 1.3.10 (/opt/ros/humble/share/ament_cmake/cmake)
[0.707s] -- Found Python3: /usr/bin/python3 (found version "3.10.12") found components: Interpreter 
[0.808s] -- Found ament_lint_auto: 0.12.11 (/opt/ros/humble/share/ament_lint_auto/cmake)
[0.881s] -- Added test 'lint_cmake' to check CMake code style
[0.882s] -- Added test 'xmllint' to check XML markup files
[0.884s] -- Configuring done
[0.886s] -- Generating done
[0.886s] -- Build files have been written to: /home/ros-learner/mnt/ws/build/turtlebot3_localization
[0.910s] Invoked command in '/home/ros-learner/mnt/ws/build/turtlebot3_localization' returned '0': CMAKE_PREFIX_PATH=${CMAKE_PREFIX_PATH}:/home/ros-learner/mnt/ws/install/turtlebot3_localization:/home/ros-learner/mnt/ws/install/turtlebot3_teleop:/home/ros-learner/mnt/ws/install/turtlebot3_example:/opt/ros/humble /usr/bin/cmake /home/ros-learner/mnt/ws/src/turtlebot3_localization -DCMAKE_INSTALL_PREFIX=/home/ros-learner/mnt/ws/install/turtlebot3_localization
[0.911s] Invoking command in '/home/ros-learner/mnt/ws/build/turtlebot3_localization': CMAKE_PREFIX_PATH=${CMAKE_PREFIX_PATH}:/home/ros-learner/mnt/ws/install/turtlebot3_localization:/home/ros-learner/mnt/ws/install/turtlebot3_teleop:/home/ros-learner/mnt/ws/install/turtlebot3_example:/opt/ros/humble /usr/bin/cmake --build /home/ros-learner/mnt/ws/build/turtlebot3_localization -- -j16 -l16
[0.940s] Invoked command in '/home/ros-learner/mnt/ws/build/turtlebot3_localization' returned '0': CMAKE_PREFIX_PATH=${CMAKE_PREFIX_PATH}:/home/ros-learner/mnt/ws/install/turtlebot3_localization:/home/ros-learner/mnt/ws/install/turtlebot3_teleop:/home/ros-learner/mnt/ws/install/turtlebot3_example:/opt/ros/humble /usr/bin/cmake --build /home/ros-learner/mnt/ws/build/turtlebot3_localization -- -j16 -l16
[0.955s] Invoking command in '/home/ros-learner/mnt/ws/build/turtlebot3_localization': CMAKE_PREFIX_PATH=${CMAKE_PREFIX_PATH}:/home/ros-learner/mnt/ws/install/turtlebot3_localization:/home/ros-learner/mnt/ws/install/turtlebot3_teleop:/home/ros-learner/mnt/ws/install/turtlebot3_example:/opt/ros/humble /usr/bin/cmake --install /home/ros-learner/mnt/ws/build/turtlebot3_localization
[0.961s] -- Install configuration: ""
[0.961s] -- Installing: /home/ros-learner/mnt/ws/install/turtlebot3_localization/share/ament_index/resource_index/package_run_dependencies/turtlebot3_localization
[0.961s] -- Installing: /home/ros-learner/mnt/ws/install/turtlebot3_localization/share/ament_index/resource_index/parent_prefix_path/turtlebot3_localization
[0.961s] -- Installing: /home/ros-learner/mnt/ws/install/turtlebot3_localization/share/turtlebot3_localization/environment/ament_prefix_path.sh
[0.961s] -- Installing: /home/ros-learner/mnt/ws/install/turtlebot3_localization/share/turtlebot3_localization/environment/ament_prefix_path.dsv
[0.962s] -- Installing: /home/ros-learner/mnt/ws/install/turtlebot3_localization/share/turtlebot3_localization/environment/path.sh
[0.962s] -- Installing: /home/ros-learner/mnt/ws/install/turtlebot3_localization/share/turtlebot3_localization/environment/path.dsv
[0.962s] -- Installing: /home/ros-learner/mnt/ws/install/turtlebot3_localization/share/turtlebot3_localization/local_setup.bash
[0.962s] -- Installing: /home/ros-learner/mnt/ws/install/turtlebot3_localization/share/turtlebot3_localization/local_setup.sh
[0.962s] -- Installing: /home/ros-learner/mnt/ws/install/turtlebot3_localization/share/turtlebot3_localization/local_setup.zsh
[0.962s] -- Installing: /home/ros-learner/mnt/ws/install/turtlebot3_localization/share/turtlebot3_localization/local_setup.dsv
[0.962s] -- Installing: /home/ros-learner/mnt/ws/install/turtlebot3_localization/share/turtlebot3_localization/package.dsv
[0.962s] -- Installing: /home/ros-learner/mnt/ws/install/turtlebot3_localization/share/ament_index/resource_index/packages/turtlebot3_localization
[0.962s] -- Installing: /home/ros-learner/mnt/ws/install/turtlebot3_localization/share/turtlebot3_localization/cmake/turtlebot3_localizationConfig.cmake
[0.962s] -- Installing: /home/ros-learner/mnt/ws/install/turtlebot3_localization/share/turtlebot3_localization/cmake/turtlebot3_localizationConfig-version.cmake
[0.962s] -- Installing: /home/ros-learner/mnt/ws/install/turtlebot3_localization/share/turtlebot3_localization/package.xml
[0.964s] Invoked command in '/home/ros-learner/mnt/ws/build/turtlebot3_localization' returned '0': CMAKE_PREFIX_PATH=${CMAKE_PREFIX_PATH}:/home/ros-learner/mnt/ws/install/turtlebot3_localization:/home/ros-learner/mnt/ws/install/turtlebot3_teleop:/home/ros-learner/mnt/ws/install/turtlebot3_example:/opt/ros/humble /usr/bin/cmake --install /home/ros-learner/mnt/ws/build/turtlebot3_localization
