running egg_info
creating ../../build/turtlebot3_localization/turtlebot3_localization.egg-info
writing ../../build/turtlebot3_localization/turtlebot3_localization.egg-info/PKG-INFO
writing dependency_links to ../../build/turtlebot3_localization/turtlebot3_localization.egg-info/dependency_links.txt
writing entry points to ../../build/turtlebot3_localization/turtlebot3_localization.egg-info/entry_points.txt
writing requirements to ../../build/turtlebot3_localization/turtlebot3_localization.egg-info/requires.txt
writing top-level names to ../../build/turtlebot3_localization/turtlebot3_localization.egg-info/top_level.txt
writing manifest file '../../build/turtlebot3_localization/turtlebot3_localization.egg-info/SOURCES.txt'
reading manifest file '../../build/turtlebot3_localization/turtlebot3_localization.egg-info/SOURCES.txt'
adding license file 'LICENSE'
writing manifest file '../../build/turtlebot3_localization/turtlebot3_localization.egg-info/SOURCES.txt'
running build
running build_py
creating /home/ros-learner/mnt/ws/build/turtlebot3_localization/build
creating /home/ros-learner/mnt/ws/build/turtlebot3_localization/build/lib
creating /home/ros-learner/mnt/ws/build/turtlebot3_localization/build/lib/turtlebot3_localization
copying turtlebot3_localization/__init__.py -> /home/ros-learner/mnt/ws/build/turtlebot3_localization/build/lib/turtlebot3_localization
running install
running install_lib
creating /home/ros-learner/mnt/ws/install/turtlebot3_localization/lib/python3.10/site-packages/turtlebot3_localization
copying /home/ros-learner/mnt/ws/build/turtlebot3_localization/build/lib/turtlebot3_localization/__init__.py -> /home/ros-learner/mnt/ws/install/turtlebot3_localization/lib/python3.10/site-packages/turtlebot3_localization
byte-compiling /home/ros-learner/mnt/ws/install/turtlebot3_localization/lib/python3.10/site-packages/turtlebot3_localization/__init__.py to __init__.cpython-310.pyc
running install_data
creating /home/ros-learner/mnt/ws/install/turtlebot3_localization/share/ament_index
creating /home/ros-learner/mnt/ws/install/turtlebot3_localization/share/ament_index/resource_index
creating /home/ros-learner/mnt/ws/install/turtlebot3_localization/share/ament_index/resource_index/packages
copying resource/turtlebot3_localization -> /home/ros-learner/mnt/ws/install/turtlebot3_localization/share/ament_index/resource_index/packages
copying package.xml -> /home/ros-learner/mnt/ws/install/turtlebot3_localization/share/turtlebot3_localization
running install_egg_info
Copying ../../build/turtlebot3_localization/turtlebot3_localization.egg-info to /home/ros-learner/mnt/ws/install/turtlebot3_localization/lib/python3.10/site-packages/turtlebot3_localization-0.0.0-py3.10.egg-info
running install_scripts
writing list of installed files to '/home/ros-learner/mnt/ws/build/turtlebot3_localization/install.log'
