[1.018s] Invoking command in '/home/ros-learner/mnt/ws/src/turtlebot3_localization': PYTHONPATH=/home/ros-learner/mnt/ws/build/turtlebot3_localization/prefix_override:/usr/lib/python3/dist-packages/colcon_core/task/python/colcon_distutils_commands:/home/ros-learner/mnt/ws/install/turtlebot3_localization/lib/python3.10/site-packages:${PYTHONPATH} /usr/bin/python3 -W ignore:setup.py install is deprecated setup.py egg_info --egg-base ../../build/turtlebot3_localization build --build-base /home/ros-learner/mnt/ws/build/turtlebot3_localization/build install --record /home/ros-learner/mnt/ws/build/turtlebot3_localization/install.log --single-version-externally-managed install_data
[1.229s] running egg_info
[1.229s] creating ../../build/turtlebot3_localization/turtlebot3_localization.egg-info
[1.229s] writing ../../build/turtlebot3_localization/turtlebot3_localization.egg-info/PKG-INFO
[1.229s] writing dependency_links to ../../build/turtlebot3_localization/turtlebot3_localization.egg-info/dependency_links.txt
[1.229s] writing entry points to ../../build/turtlebot3_localization/turtlebot3_localization.egg-info/entry_points.txt
[1.229s] writing requirements to ../../build/turtlebot3_localization/turtlebot3_localization.egg-info/requires.txt
[1.229s] writing top-level names to ../../build/turtlebot3_localization/turtlebot3_localization.egg-info/top_level.txt
[1.229s] writing manifest file '../../build/turtlebot3_localization/turtlebot3_localization.egg-info/SOURCES.txt'
[1.231s] reading manifest file '../../build/turtlebot3_localization/turtlebot3_localization.egg-info/SOURCES.txt'
[1.231s] adding license file 'LICENSE'
[1.231s] writing manifest file '../../build/turtlebot3_localization/turtlebot3_localization.egg-info/SOURCES.txt'
[1.232s] running build
[1.232s] running build_py
[1.233s] creating /home/ros-learner/mnt/ws/build/turtlebot3_localization/build
[1.234s] creating /home/ros-learner/mnt/ws/build/turtlebot3_localization/build/lib
[1.234s] creating /home/ros-learner/mnt/ws/build/turtlebot3_localization/build/lib/turtlebot3_localization
[1.234s] copying turtlebot3_localization/__init__.py -> /home/ros-learner/mnt/ws/build/turtlebot3_localization/build/lib/turtlebot3_localization
[1.235s] running install
[1.235s] running install_lib
[1.235s] creating /home/ros-learner/mnt/ws/install/turtlebot3_localization/lib/python3.10/site-packages/turtlebot3_localization
[1.236s] copying /home/ros-learner/mnt/ws/build/turtlebot3_localization/build/lib/turtlebot3_localization/__init__.py -> /home/ros-learner/mnt/ws/install/turtlebot3_localization/lib/python3.10/site-packages/turtlebot3_localization
[1.236s] byte-compiling /home/ros-learner/mnt/ws/install/turtlebot3_localization/lib/python3.10/site-packages/turtlebot3_localization/__init__.py to __init__.cpython-310.pyc
[1.236s] running install_data
[1.236s] creating /home/ros-learner/mnt/ws/install/turtlebot3_localization/share/ament_index
[1.237s] creating /home/ros-learner/mnt/ws/install/turtlebot3_localization/share/ament_index/resource_index
[1.237s] creating /home/ros-learner/mnt/ws/install/turtlebot3_localization/share/ament_index/resource_index/packages
[1.237s] copying resource/turtlebot3_localization -> /home/ros-learner/mnt/ws/install/turtlebot3_localization/share/ament_index/resource_index/packages
[1.237s] copying package.xml -> /home/ros-learner/mnt/ws/install/turtlebot3_localization/share/turtlebot3_localization
[1.237s] running install_egg_info
[1.237s] Copying ../../build/turtlebot3_localization/turtlebot3_localization.egg-info to /home/ros-learner/mnt/ws/install/turtlebot3_localization/lib/python3.10/site-packages/turtlebot3_localization-0.0.0-py3.10.egg-info
[1.237s] running install_scripts
[1.255s] writing list of installed files to '/home/ros-learner/mnt/ws/build/turtlebot3_localization/install.log'
[1.283s] Invoked command in '/home/ros-learner/mnt/ws/src/turtlebot3_localization' returned '0': PYTHONPATH=/home/ros-learner/mnt/ws/build/turtlebot3_localization/prefix_override:/usr/lib/python3/dist-packages/colcon_core/task/python/colcon_distutils_commands:/home/ros-learner/mnt/ws/install/turtlebot3_localization/lib/python3.10/site-packages:${PYTHONPATH} /usr/bin/python3 -W ignore:setup.py install is deprecated setup.py egg_info --egg-base ../../build/turtlebot3_localization build --build-base /home/ros-learner/mnt/ws/build/turtlebot3_localization/build install --record /home/ros-learner/mnt/ws/build/turtlebot3_localization/install.log --single-version-externally-managed install_data
