[0.261s] Invoking command in '/home/ros-learner/mnt/ws/build/turtlebot3_localization': CMAKE_PREFIX_PATH=${CMAKE_PREFIX_PATH}:/home/ros-learner/mnt/ws/install/turtlebot3_teleop:/home/ros-learner/mnt/ws/install/turtlebot3_example:/opt/ros/humble /usr/bin/cmake --build /home/ros-learner/mnt/ws/build/turtlebot3_localization -- -j16 -l16
[0.304s] Invoked command in '/home/ros-learner/mnt/ws/build/turtlebot3_localization' returned '0': CMAKE_PREFIX_PATH=${CMAKE_PREFIX_PATH}:/home/ros-learner/mnt/ws/install/turtlebot3_teleop:/home/ros-learner/mnt/ws/install/turtlebot3_example:/opt/ros/humble /usr/bin/cmake --build /home/ros-learner/mnt/ws/build/turtlebot3_localization -- -j16 -l16
[0.348s] Invoking command in '/home/ros-learner/mnt/ws/build/turtlebot3_localization': CMAKE_PREFIX_PATH=${CMAKE_PREFIX_PATH}:/home/ros-learner/mnt/ws/install/turtlebot3_teleop:/home/ros-learner/mnt/ws/install/turtlebot3_example:/opt/ros/humble /usr/bin/cmake --install /home/ros-learner/mnt/ws/build/turtlebot3_localization
[0.362s] -- Install configuration: ""
[0.362s] -- Up-to-date: /home/ros-learner/mnt/ws/install/turtlebot3_localization/share/turtlebot3_localization/launch
[0.362s] -- Installing: /home/ros-learner/mnt/ws/install/turtlebot3_localization/share/turtlebot3_localization/launch/nav2_amcl.launch.py
[0.362s] -- Up-to-date: /home/ros-learner/mnt/ws/install/turtlebot3_localization/share/turtlebot3_localization/maps
[0.362s] -- Up-to-date: /home/ros-learner/mnt/ws/install/turtlebot3_localization/share/turtlebot3_localization/maps/map.pgm
[0.362s] -- Up-to-date: /home/ros-learner/mnt/ws/install/turtlebot3_localization/share/turtlebot3_localization/maps/map.yaml
[0.362s] -- Up-to-date: /home/ros-learner/mnt/ws/install/turtlebot3_localization/share/turtlebot3_localization/params
[0.363s] -- Up-to-date: /home/ros-learner/mnt/ws/install/turtlebot3_localization/share/turtlebot3_localization/params/nav2_params.yaml
[0.363s] -- Up-to-date: /home/ros-learner/mnt/ws/install/turtlebot3_localization/share/ament_index/resource_index/package_run_dependencies/turtlebot3_localization
[0.363s] -- Up-to-date: /home/ros-learner/mnt/ws/install/turtlebot3_localization/share/ament_index/resource_index/parent_prefix_path/turtlebot3_localization
[0.363s] -- Up-to-date: /home/ros-learner/mnt/ws/install/turtlebot3_localization/share/turtlebot3_localization/environment/ament_prefix_path.sh
[0.363s] -- Up-to-date: /home/ros-learner/mnt/ws/install/turtlebot3_localization/share/turtlebot3_localization/environment/ament_prefix_path.dsv
[0.363s] -- Up-to-date: /home/ros-learner/mnt/ws/install/turtlebot3_localization/share/turtlebot3_localization/environment/path.sh
[0.363s] -- Up-to-date: /home/ros-learner/mnt/ws/install/turtlebot3_localization/share/turtlebot3_localization/environment/path.dsv
[0.363s] -- Up-to-date: /home/ros-learner/mnt/ws/install/turtlebot3_localization/share/turtlebot3_localization/local_setup.bash
[0.363s] -- Up-to-date: /home/ros-learner/mnt/ws/install/turtlebot3_localization/share/turtlebot3_localization/local_setup.sh
[0.363s] -- Up-to-date: /home/ros-learner/mnt/ws/install/turtlebot3_localization/share/turtlebot3_localization/local_setup.zsh
[0.363s] -- Up-to-date: /home/ros-learner/mnt/ws/install/turtlebot3_localization/share/turtlebot3_localization/local_setup.dsv
[0.363s] -- Up-to-date: /home/ros-learner/mnt/ws/install/turtlebot3_localization/share/turtlebot3_localization/package.dsv
[0.363s] -- Up-to-date: /home/ros-learner/mnt/ws/install/turtlebot3_localization/share/ament_index/resource_index/packages/turtlebot3_localization
[0.364s] -- Up-to-date: /home/ros-learner/mnt/ws/install/turtlebot3_localization/share/turtlebot3_localization/cmake/turtlebot3_localizationConfig.cmake
[0.364s] -- Up-to-date: /home/ros-learner/mnt/ws/install/turtlebot3_localization/share/turtlebot3_localization/cmake/turtlebot3_localizationConfig-version.cmake
[0.364s] -- Up-to-date: /home/ros-learner/mnt/ws/install/turtlebot3_localization/share/turtlebot3_localization/package.xml
[0.374s] Invoked command in '/home/ros-learner/mnt/ws/build/turtlebot3_localization' returned '0': CMAKE_PREFIX_PATH=${CMAKE_PREFIX_PATH}:/home/ros-learner/mnt/ws/install/turtlebot3_teleop:/home/ros-learner/mnt/ws/install/turtlebot3_example:/opt/ros/humble /usr/bin/cmake --install /home/ros-learner/mnt/ws/build/turtlebot3_localization
